\BOOKMARK [0][-]{section*.1}{\376\377\000\315\000n\000d\000i\000c\000e\000\040\000g\000e\000n\000e\000r\000a\000l}{}% 1
\BOOKMARK [0][-]{section*.2}{\376\377\000\315\000n\000d\000i\000c\000e\000\040\000d\000e\000\040\000c\000u\000a\000d\000r\000o\000s}{}% 2
\BOOKMARK [0][-]{section*.3}{\376\377\000\315\000n\000d\000i\000c\000e\000\040\000d\000e\000\040\000f\000i\000g\000u\000r\000a\000s}{}% 3
\BOOKMARK [0][-]{section*.3}{\376\377\000\315\000n\000d\000i\000c\000e\000\040\000d\000e\000\040\000E\000c\000u\000a\000c\000i\000o\000n\000e\000s}{}% 4
\BOOKMARK [0][-]{Item.3}{\376\377\000P\000l\000a\000n\000t\000e\000a\000m\000i\000e\000n\000t\000o\000\040\000d\000e\000l\000\040\000p\000r\000o\000b\000l\000e\000m\000a}{}% 5
\BOOKMARK [0][-]{Item.3}{\376\377\000O\000b\000j\000e\000t\000i\000v\000o\000\040\000g\000e\000n\000e\000r\000a\000l}{}% 6
\BOOKMARK [1][-]{section*.4}{\376\377\000O\000b\000j\000e\000t\000i\000v\000o\000s\000\040\000e\000s\000p\000e\000c\000\355\000f\000i\000c\000o\000s}{Item.3}% 7
\BOOKMARK [0][-]{section*.4}{\376\377\000D\000e\000l\000i\000m\000i\000t\000a\000c\000i\000\363\000n}{}% 8
\BOOKMARK [0][-]{section*.4}{\376\377\000J\000u\000s\000t\000i\000f\000i\000c\000a\000c\000i\000\363\000n}{}% 9
\BOOKMARK [1][-]{section*.5}{\376\377\000J\000u\000s\000t\000i\000f\000i\000c\000a\000c\000i\000\363\000n\000\040\000s\000o\000c\000i\000a\000l}{section*.4}% 10
\BOOKMARK [1][-]{section*.5}{\376\377\000B\000e\000n\000e\000f\000i\000c\000i\000o\000s\000\040\000e\000s\000p\000e\000r\000a\000d\000o\000s}{section*.4}% 11
\BOOKMARK [1][-]{section*.5}{\376\377\000I\000n\000t\000r\000o\000d\000u\000c\000c\000i\000\363\000n}{section*.4}% 12
\BOOKMARK [1][-]{section.1.1}{\376\377\000L\000a\000s\000\040\000c\000\341\000m\000a\000r\000a\000s\000\040\000d\000e\000\040\000r\000e\000f\000r\000i\000g\000e\000r\000a\000c\000i\000\363\000n\000\040\000a\000\040\000t\000r\000a\000v\000\351\000s\000\040\000d\000e\000\040\000l\000a\000\040\000h\000i\000s\000t\000o\000r\000i\000a}{section*.4}% 13
\BOOKMARK [2][-]{subsection.1.1.1}{\376\377\000\311\000p\000o\000c\000a\000\040\000a\000n\000t\000i\000g\000u\000a}{section.1.1}% 14
\BOOKMARK [2][-]{subsection.1.1.2}{\376\377\000G\000r\000e\000c\000i\000a\000\040\000y\000\040\000e\000l\000\040\000i\000m\000p\000e\000r\000i\000o\000\040\000r\000o\000m\000a\000n\000o}{section.1.1}% 15
\BOOKMARK [2][-]{subsection.1.1.3}{\376\377\000\311\000p\000o\000c\000a\000\040\000m\000e\000d\000i\000a}{section.1.1}% 16
\BOOKMARK [2][-]{subsection.1.1.4}{\376\377\000\311\000p\000o\000c\000a\000\040\000c\000o\000n\000t\000e\000m\000p\000o\000r\000\341\000n\000e\000a}{section.1.1}% 17
\BOOKMARK [1][-]{section.1.2}{\376\377\000E\000l\000\040\000o\000r\000i\000g\000e\000n\000\040\000d\000e\000\040\000l\000a\000\040\000r\000e\000f\000r\000i\000g\000e\000r\000a\000c\000i\000\363\000n\000\040\000e\000n\000\040\000C\000h\000i\000n\000a\000\040\000y\000\040\000s\000u\000\040\000d\000e\000s\000a\000r\000r\000o\000l\000l\000o\000\040\000e\000n\000\040\000o\000c\000c\000i\000d\000e\000n\000t\000e\000.}{section*.4}% 18
\BOOKMARK [1][-]{section.1.3}{\376\377\000H\000i\000s\000t\000o\000r\000i\000a\000\040\000d\000e\000\040\000l\000a\000\040\000i\000n\000s\000u\000l\000i\000n\000a\000\040\000y\000\040\000s\000u\000\040\000p\000r\000e\000s\000e\000r\000v\000a\000c\000i\000\363\000n}{section*.4}% 19
\BOOKMARK [2][-]{subsection.1.3.1}{\376\377\000M\000e\000d\000i\000d\000a\000s\000\040\000p\000r\000e\000v\000e\000n\000t\000i\000v\000a\000s\000\040\000d\000e\000\040\000l\000a\000\040\000i\000n\000s\000u\000l\000i\000n\000a}{section.1.3}% 20
\BOOKMARK [2][-]{subsection.1.3.2}{\376\377\000P\000r\000e\000s\000e\000r\000v\000a\000c\000i\000\363\000n\000\040\000d\000e\000\040\000l\000a\000\040\000i\000n\000s\000u\000l\000i\000n\000a}{section.1.3}% 21
\BOOKMARK [2][-]{subsection.1.3.3}{\376\377\000R\000e\000f\000r\000i\000g\000e\000r\000a\000c\000i\000\363\000n\000\040\000d\000e\000\040\000l\000a\000\040\000i\000n\000s\000u\000l\000i\000n\000a\000.\000\040}{section.1.3}% 22
\BOOKMARK [2][-]{subsection.1.3.4}{\376\377\000A\000v\000a\000n\000c\000e\000s\000\040\000t\000e\000c\000n\000o\000l\000\363\000g\000i\000c\000o\000s\000\040\000e\000n\000\040\000l\000a\000\040\000r\000e\000f\000r\000i\000g\000e\000r\000a\000c\000i\000\363\000n\000\040\000d\000e\000\040\000l\000a\000\040\000i\000n\000s\000u\000l\000i\000n\000a}{section.1.3}% 23
\BOOKMARK [1][-]{figure.caption.9}{\376\377\000I\000n\000t\000r\000o\000d\000u\000c\000c\000i\000\363\000n}{section*.4}% 24
\BOOKMARK [1][-]{section.3.1}{\376\377\000I\000d\000e\000n\000t\000i\000f\000i\000c\000a\000c\000i\000\363\000n\000\040\000y\000\040\000e\000s\000t\000r\000u\000c\000t\000u\000r\000a\000c\000i\000\363\000n\000\040\000d\000e\000\040\000l\000a\000\040\000n\000e\000c\000e\000s\000i\000d\000a\000d\000\040\000d\000e\000t\000e\000c\000t\000a\000d\000a}{section*.4}% 25
\BOOKMARK [2][-]{subsection.3.1.1}{\376\377\000N\000e\000c\000e\000s\000i\000d\000a\000d\000\040\000b\000\341\000s\000i\000c\000a}{section.3.1}% 26
\BOOKMARK [2][-]{subsection.3.1.2}{\376\377\000M\000e\000t\000o\000d\000o\000l\000o\000g\000\355\000a\000\040\000d\000e\000\040\000i\000d\000e\000n\000t\000i\000f\000i\000c\000a\000c\000i\000\363\000n\000\040\000d\000e\000\040\000l\000a\000\040\000n\000e\000c\000e\000s\000i\000d\000a\000d}{section.3.1}% 27
\BOOKMARK [2][-]{subsection.3.1.3}{\376\377\000N\000e\000c\000e\000s\000i\000d\000a\000d\000e\000s\000\040\000t\000e\000c\000n\000o\000l\000\363\000g\000i\000c\000a\000s\000\040\000e\000s\000p\000e\000c\000\355\000f\000i\000c\000a\000s}{section.3.1}% 28
\BOOKMARK [1][-]{section.3.2}{\376\377\000I\000n\000t\000e\000r\000r\000o\000g\000a\000n\000t\000e\000s\000\040\000d\000e\000l\000\040\000d\000i\000s\000e\000\361\000o\000\040\000a\000r\000t\000e\000f\000a\000c\000t\000u\000a\000l}{section*.4}% 29
\BOOKMARK [1][-]{section.3.3}{\376\377\000M\000a\000r\000c\000o\000\040\000t\000e\000\363\000r\000i\000c\000o\000\040}{section*.4}% 30
\BOOKMARK [2][-]{subsection.3.3.1}{\376\377\000C\000a\000r\000g\000a\000\040\000d\000e\000l\000\040\000p\000r\000o\000d\000u\000c\000t\000o\000\040}{section.3.3}% 31
\BOOKMARK [2][-]{subsection.3.3.2}{\376\377\000C\000a\000r\000g\000a\000s\000\040\000t\000\351\000r\000m\000i\000c\000a\000s\000\040\000d\000e\000\040\000c\000l\000i\000m\000a\000t\000i\000z\000a\000c\000i\000\363\000n}{section.3.3}% 32
\BOOKMARK [3][-]{section*.16}{\376\377\000C\000a\000r\000g\000a\000s\000\040\000s\000e\000n\000s\000i\000b\000l\000e\000s}{subsection.3.3.2}% 33
\BOOKMARK [3][-]{equation.3.7}{\376\377\000C\000a\000r\000g\000a\000s\000\040\000l\000a\000t\000e\000n\000t\000e\000s}{subsection.3.3.2}% 34
\BOOKMARK [1][-]{section.3.4}{\376\377\000E\000c\000o\000d\000i\000s\000e\000\361\000o}{section*.4}% 35
\BOOKMARK [1][-]{section.3.5}{\376\377\000R\000e\000s\000t\000r\000i\000c\000c\000i\000o\000n\000e\000s\000\040\000t\000\351\000c\000n\000i\000c\000a\000s\000\040\000i\000n\000t\000e\000r\000n\000a\000s\000\040\000y\000\040\000e\000x\000t\000e\000r\000n\000a\000s}{section*.4}% 36
\BOOKMARK [2][-]{subsection.3.5.1}{\376\377\000F\000a\000c\000t\000o\000r\000\040\000d\000e\000\040\000S\000e\000g\000u\000r\000i\000d\000a\000d}{section.3.5}% 37
\BOOKMARK [2][-]{subsection.3.5.2}{\376\377\000D\000i\000m\000e\000n\000s\000i\000o\000n\000a\000m\000i\000e\000n\000t\000o\000\040\000y\000\040\000A\000i\000s\000l\000a\000m\000i\000e\000n\000t\000o\000\040\000d\000e\000\040\000l\000a\000\040\000C\000\341\000m\000a\000r\000a\000\040\000d\000e\000\040\000R\000e\000f\000r\000i\000g\000e\000r\000a\000c\000i\000\363\000n}{section.3.5}% 38
\BOOKMARK [3][-]{Item.29}{\376\377\000C\000a\000r\000g\000a\000s\000\040\000p\000o\000r\000\040\000c\000o\000n\000d\000u\000c\000c\000i\000\363\000n\000\040\000e\000n\000\040\000p\000a\000r\000e\000d\000e\000s\000\040\000y\000\040\000t\000e\000c\000h\000o}{subsection.3.5.2}% 39
\BOOKMARK [3][-]{figure.caption.23}{\376\377\000C\000a\000r\000g\000a\000s\000\040\000p\000o\000r\000\040\000i\000n\000f\000i\000l\000t\000r\000a\000c\000i\000\363\000n\000\040\000d\000e\000\040\000a\000i\000r\000e\000\040}{subsection.3.5.2}% 40
\BOOKMARK [3][-]{table.caption.24}{\376\377\000C\000a\000r\000g\000a\000s\000\040\000d\000e\000l\000\040\000p\000r\000o\000d\000u\000c\000t\000o\000\040\000a\000\040\000r\000e\000f\000r\000i\000g\000e\000r\000a\000r}{subsection.3.5.2}% 41
\BOOKMARK [2][-]{subsection.3.5.3}{\376\377\000S\000i\000s\000t\000e\000m\000a\000\040\000d\000e\000\040\000r\000e\000f\000r\000i\000g\000e\000r\000a\000c\000i\000\363\000n}{section.3.5}% 42
\BOOKMARK [3][-]{section*.25}{\376\377\000S\000e\000l\000e\000c\000c\000i\000\363\000n\000\040\000d\000e\000l\000\040\000e\000v\000a\000p\000o\000r\000a\000d\000o\000r}{subsection.3.5.3}% 43
\BOOKMARK [3][-]{figure.caption.27}{\376\377\000S\000e\000l\000e\000c\000c\000i\000\363\000n\000\040\000d\000e\000\040\000m\000o\000t\000o\000r}{subsection.3.5.3}% 44
\BOOKMARK [3][-]{table.caption.28}{\376\377\000B\000a\000s\000e\000s\000\040\000t\000e\000\363\000r\000i\000c\000a\000s\000\040\000d\000e\000\040\000l\000a\000\040\000r\000e\000f\000r\000i\000g\000e\000r\000a\000c\000i\000\363\000n\000.}{subsection.3.5.3}% 45
\BOOKMARK [3][-]{table.caption.28}{\376\377\000E\000n\000e\000r\000g\000\355\000a\000.}{subsection.3.5.3}% 46
\BOOKMARK [3][-]{equation.3.32}{\376\377\000P\000r\000i\000m\000e\000r\000a\000\040\000l\000e\000y\000\040\000d\000e\000\040\000l\000a\000\040\000t\000e\000r\000m\000o\000d\000i\000n\000\341\000m\000i\000c\000a}{subsection.3.5.3}% 47
\BOOKMARK [3][-]{figure.caption.30}{\376\377\000S\000e\000g\000u\000n\000d\000a\000\040\000l\000e\000y\000\040\000d\000e\000\040\000l\000a\000\040\000t\000e\000r\000m\000o\000d\000i\000n\000\341\000m\000i\000c\000a}{subsection.3.5.3}% 48
\BOOKMARK [3][-]{equation.3.44}{\376\377\000F\000o\000r\000m\000a\000l\000i\000s\000m\000o\000\040\000d\000e\000\040\000R\000e\000f\000r\000i\000g\000e\000r\000a\000c\000i\000\363\000n}{subsection.3.5.3}% 49
\BOOKMARK [2][-]{subsection.3.5.4}{\376\377\000D\000i\000s\000t\000r\000i\000b\000u\000c\000i\000\363\000n\000\040\000d\000e\000l\000\040\000A\000i\000r\000e}{section.3.5}% 50
\BOOKMARK [2][-]{subsection.3.5.5}{\376\377\000D\000i\000m\000e\000n\000s\000i\000o\000n\000a\000m\000i\000e\000n\000t\000o\000\040\000d\000e\000\040\000p\000u\000e\000r\000t\000a}{section.3.5}% 51
\BOOKMARK [1][-]{section.3.6}{\376\377\000L\000i\000n\000e\000a\000m\000i\000e\000n\000t\000o\000s\000\040\000d\000e\000\040\000r\000e\000g\000u\000l\000a\000c\000i\000\363\000n\000\040\000d\000e\000l\000\040\000s\000i\000s\000t\000e\000m\000a\000\040\000a\000r\000t\000e\000f\000a\000c\000t\000u\000a\000l\000\040\000\050\000N\000o\000r\000m\000a\000t\000i\000v\000a\000s\000\040\000y\000\040\000r\000e\000g\000u\000l\000a\000c\000i\000o\000n\000e\000s\000\051}{section*.4}% 52
\BOOKMARK [2][-]{subsection.3.6.1}{\376\377\000N\000o\000r\000m\000a\000s\000\040\000o\000f\000i\000c\000i\000a\000l\000e\000s\000\040\000M\000e\000x\000i\000c\000a\000n\000a\000s}{section.3.6}% 53
\BOOKMARK [2][-]{subsection.3.6.2}{\376\377\000R\000e\000c\000o\000m\000e\000n\000d\000a\000c\000i\000o\000n\000e\000s\000\040\000p\000a\000r\000a\000\040\000C\000\341\000m\000a\000r\000a\000s\000\040\000F\000r\000i\000g\000o\000r\000\355\000f\000i\000c\000a\000s}{section.3.6}% 54
\BOOKMARK [2][-]{subsection.3.6.3}{\376\377\000C\000o\000n\000s\000i\000d\000e\000r\000a\000c\000i\000o\000n\000e\000s\000\040\000E\000s\000p\000e\000c\000\355\000f\000i\000c\000a\000s\000\040\000p\000a\000r\000a\000\040\000C\000\341\000m\000a\000r\000a\000s\000\040\000F\000r\000i\000g\000o\000r\000\355\000f\000i\000c\000a\000s}{section.3.6}% 55
\BOOKMARK [2][-]{subsection.3.6.4}{\376\377\000N\000o\000r\000m\000a\000t\000i\000v\000a\000\040\000y\000\040\000r\000e\000q\000u\000i\000s\000i\000t\000o\000s\000\040\000p\000a\000r\000a\000\040\000c\000\341\000m\000a\000r\000a\000s\000\040\000f\000r\000i\000g\000o\000r\000\355\000f\000i\000c\000a\000s\000\040\000c\000o\000m\000e\000r\000c\000i\000a\000l\000e\000s}{section.3.6}% 56
\BOOKMARK [1][-]{section.3.7}{\376\377\000C\000o\000n\000c\000e\000p\000t\000u\000a\000l\000i\000z\000a\000c\000i\000\363\000n\000\040\000D\000e\000\040\000S\000i\000s\000t\000e\000m\000a\000\040\000A\000r\000t\000e\000f\000a\000c\000t\000u\000a\000l\000\040\000\050\000b\000o\000s\000q\000u\000e\000j\000o\000\040\000g\000e\000n\000e\000r\000a\000l\000\051}{section*.4}% 57
\BOOKMARK [2][-]{subsection.3.7.1}{\376\377\000B\000o\000s\000q\000u\000e\000j\000o\000\040\000g\000e\000n\000e\000r\000a\000l\000\040\000d\000e\000l\000\040\000s\000i\000s\000t\000e\000m\000a\000:\000\040\000c\000\341\000m\000a\000r\000a\000\040\000f\000r\000i\000g\000o\000r\000\355\000f\000i\000c\000a}{section.3.7}% 58
\BOOKMARK [2][-]{subsection.3.7.2}{\376\377\000D\000i\000a\000g\000r\000a\000m\000a\000\040\000a\000\040\000b\000l\000o\000q\000u\000e\000s\000\040\000d\000e\000l\000\040\000p\000r\000o\000c\000e\000s\000o\000\040\000d\000e\000\040\000t\000r\000a\000b\000a\000j\000o}{section.3.7}% 59
\BOOKMARK [3][-]{section*.34}{\376\377\000D\000i\000a\000g\000r\000a\000m\000a\000\040\000d\000e\000\040\000f\000l\000u\000j\000o}{subsection.3.7.2}% 60
\BOOKMARK [2][-]{subsection.3.7.3}{\376\377\000D\000i\000a\000g\000r\000a\000m\000a\000\040\000d\000e\000\040\000f\000u\000n\000c\000i\000o\000n\000a\000m\000i\000e\000n\000t\000o\000\040\000g\000e\000n\000e\000r\000a\000l\000\040\000d\000e\000\040\000s\000i\000s\000t\000e\000m\000a}{section.3.7}% 61
\BOOKMARK [1][-]{section.3.8}{\376\377\000L\000i\000s\000t\000a\000d\000o\000\040\000d\000e\000\040\000p\000a\000r\000t\000e\000s\000\040\000d\000e\000\040\000l\000o\000s\000\040\000c\000o\000m\000p\000o\000n\000e\000n\000t\000e\000s\000\040\000d\000e\000l\000\040\000s\000i\000s\000t\000e\000m\000a}{section*.4}% 62
\BOOKMARK [1][-]{section.3.9}{\376\377\000I\000d\000e\000n\000t\000i\000f\000i\000c\000a\000c\000i\000\363\000n\000\040\000d\000e\000l\000\040\000c\000o\000n\000j\000u\000n\000t\000o\000\040\000y\000/\000o\000\040\000s\000u\000b\000c\000o\000n\000j\000u\000n\000t\000o\000\040\000p\000o\000r\000\040\000\341\000r\000e\000a\000\040\000t\000e\000c\000n\000o\000l\000\363\000g\000i\000c\000a}{section*.4}% 63
\BOOKMARK [1][-]{section.3.10}{\376\377\000D\000e\000s\000c\000r\000i\000p\000c\000i\000\363\000n\000\040\000d\000e\000\040\000l\000a\000\040\000i\000n\000t\000e\000r\000a\000c\000c\000i\000\363\000n\000\040\000d\000e\000l\000\040\000e\000l\000e\000m\000e\000n\000t\000o\000\040\000c\000o\000m\000p\000o\000n\000e\000n\000t\000e\000\040\000d\000e\000l\000\040\000s\000i\000s\000t\000e\000m\000a\000.}{section*.4}% 64
\BOOKMARK [1][-]{section.3.11}{\376\377\000P\000r\000o\000c\000e\000s\000o\000\040\000d\000e\000l\000\040\000m\000e\000t\000a\000\040\000d\000i\000s\000e\000\361\000o\000\040\000d\000e\000\040\000u\000n\000\040\000s\000i\000s\000t\000e\000m\000a\000\040\000a\000r\000t\000e\000f\000a\000c\000t\000u\000a\000l\000\040\000t\000e\000c\000n\000o\000l\000\363\000g\000i\000c\000o}{section*.4}% 65
\BOOKMARK [1][-]{section.3.12}{\376\377\000A\000l\000t\000e\000r\000n\000a\000t\000i\000v\000a\000s\000\040\000t\000e\000c\000n\000o\000l\000\363\000g\000i\000c\000a\000s\000\040\000d\000e\000\040\000l\000o\000s\000\040\000c\000o\000m\000p\000o\000n\000e\000n\000t\000e\000s}{section*.4}% 66
\BOOKMARK [1][-]{section.3.13}{\376\377\000S\000e\000l\000e\000c\000c\000i\000\363\000n\000\040\000d\000e\000\040\000l\000o\000s\000\040\000c\000o\000m\000p\000o\000n\000e\000n\000t\000e\000s\000\040\000d\000e\000l\000\040\000s\000i\000s\000t\000e\000m\000a\000\040\000a\000r\000t\000e\000f\000a\000c\000t\000u\000a\000l\000\040\000t\000e\000c\000n\000o\000l\000\363\000g\000i\000c\000o}{section*.4}% 67
\BOOKMARK [1][-]{section.3.14}{\376\377\000I\000n\000f\000o\000r\000m\000\341\000t\000i\000c\000a\000\040\000p\000a\000r\000a\000\040\000e\000l\000\040\000c\000o\000n\000t\000r\000o\000l\000\040\000d\000e\000l\000\040\000p\000r\000o\000c\000e\000s\000o}{section*.4}% 68
\BOOKMARK [1][-]{section.3.15}{\376\377\000C\000o\000n\000c\000l\000u\000s\000i\000\363\000n}{section*.4}% 69
\BOOKMARK [1][-]{section.3.15}{\376\377\000I\000n\000t\000r\000o\000d\000u\000c\000c\000i\000\363\000n}{section*.4}% 70
\BOOKMARK [1][-]{section.4.1}{\376\377\000M\000a\000r\000c\000o\000\040\000r\000e\000f\000e\000r\000e\000n\000c\000i\000a\000l}{section*.4}% 71
\BOOKMARK [2][-]{subsection.4.1.1}{\376\377\000N\000o\000r\000m\000a\000s\000\040\000I\000S\000O\000\040\000e\000n\000\040\000p\000l\000a\000n\000o\000s\000\040\000d\000e\000\040\000i\000n\000g\000e\000n\000i\000e\000r\000\355\000a}{section.4.1}% 72
\BOOKMARK [3][-]{section*.53}{\376\377\000N\000o\000r\000m\000a\000\040\000I\000S\000O\000\040\0005\0004\0005\0007\000\040\000\050\000P\000r\000e\000s\000e\000n\000t\000a\000c\000i\000\363\000n\000\040\000d\000e\000\040\000d\000i\000b\000u\000j\000o\000s\000\040\000t\000\351\000c\000n\000i\000c\000o\000s\000\051\000\040}{subsection.4.1.1}% 73
\BOOKMARK [3][-]{section*.53}{\376\377\000N\000o\000r\000m\000a\000\040\000I\000S\000O\000\040\0006\0004\0003\0003\000:\0002\0000\0001\0002\000\040\000\050\000D\000o\000c\000u\000m\000e\000n\000t\000a\000c\000i\000\363\000n\000\040\000t\000\351\000c\000n\000i\000c\000a\000\040\000d\000e\000l\000\040\000p\000r\000o\000d\000u\000c\000t\000o\000\051}{subsection.4.1.1}% 74
\BOOKMARK [3][-]{Item.57}{\376\377\000I\000S\000O\000\040\0007\0005\0007\0003\000:\0002\0000\0000\0008\000\040\000\050\000L\000i\000s\000t\000a\000s\000\040\000d\000e\000\040\000p\000i\000e\000z\000a\000s\000\051\000:}{subsection.4.1.1}% 75
\BOOKMARK [1][-]{section.4.2}{\376\377\000P\000r\000o\000p\000u\000e\000s\000t\000a\000\040\000s\000o\000l\000u\000c\000i\000\363\000n}{section*.4}% 76
\BOOKMARK [2][-]{figure.caption.54}{\376\377\000U\000n\000i\000d\000a\000d\000\040\000d\000e\000\040\000r\000e\000f\000r\000i\000g\000e\000r\000a\000c\000i\000\363\000n}{section.4.2}% 77
\BOOKMARK [3][-]{figure.caption.55}{\376\377\000E\000v\000a\000p\000o\000r\000a\000d\000o\000r}{figure.caption.54}% 78
\BOOKMARK [3][-]{figure.caption.56}{\376\377\000S\000e\000r\000p\000e\000n\000t\000\355\000n\000\040\000d\000e\000l\000\040\000c\000o\000n\000d\000e\000n\000s\000a\000d\000o\000r}{figure.caption.54}% 79
\BOOKMARK [3][-]{figure.caption.57}{\376\377\000C\000o\000m\000p\000r\000e\000s\000o\000r}{figure.caption.54}% 80
\BOOKMARK [3][-]{figure.caption.58}{\376\377\000V\000\341\000l\000v\000u\000l\000a\000s\000\040\000d\000e\000\040\000e\000x\000p\000a\000n\000s\000i\000\363\000n}{figure.caption.54}% 81
\BOOKMARK [2][-]{subsection.4.2.1}{\376\377\000E\000s\000q\000u\000e\000m\000a\000\040\000d\000e\000\040\000b\000l\000o\000q\000u\000e\000s\000\040\000d\000e\000l\000\040\000f\000u\000n\000c\000i\000o\000n\000a\000m\000i\000e\000n\000t\000o\000\040\000d\000e\000l\000\040\000s\000i\000s\000t\000e\000m\000a}{section.4.2}% 82
\BOOKMARK [1][-]{section.4.3}{\376\377\000A\000n\000t\000e\000c\000e\000d\000e\000n\000t\000e\000s}{section*.4}% 83
\BOOKMARK [2][-]{subsection.4.3.1}{\376\377\000U\000b\000i\000c\000a\000c\000i\000\363\000n}{section.4.3}% 84
\BOOKMARK [2][-]{subsection.4.3.2}{\376\377\000T\000i\000p\000o\000\040\000d\000e\000\040\000p\000r\000o\000d\000u\000c\000t\000o}{section.4.3}% 85
\BOOKMARK [3][-]{section*.62}{\376\377\000C\000o\000n\000d\000i\000c\000i\000o\000n\000e\000s\000\040\000d\000e\000l\000\040\000p\000r\000o\000d\000u\000c\000t\000o\000\040\000a\000\040\000r\000e\000f\000r\000i\000g\000e\000r\000a\000r\000.}{subsection.4.3.2}% 86
\BOOKMARK [2][-]{subsection.4.3.3}{\376\377\000T\000e\000m\000p\000e\000r\000a\000t\000u\000r\000a\000\040\000d\000e\000l\000\040\000d\000i\000s\000e\000\361\000o\000\040\000d\000e\000\040\000a\000l\000m\000a\000c\000e\000n\000a\000j\000e}{section.4.3}% 87
\BOOKMARK [3][-]{section*.64}{\376\377\000T\000e\000m\000p\000e\000r\000a\000t\000u\000r\000a\000\040\000d\000e\000\040\000a\000l\000m\000a\000c\000e\000n\000a\000m\000i\000e\000n\000t\000o\000\040\000d\000e\000\040\000l\000a\000\040\000I\000n\000s\000u\000l\000i\000n\000a}{subsection.4.3.3}% 88
\BOOKMARK [2][-]{subsection.4.3.4}{\376\377\000T\000i\000p\000o\000\040\000d\000e\000\040\000e\000m\000p\000a\000q\000u\000e\000\040\000p\000a\000r\000a\000\040\000s\000u\000\040\000a\000l\000m\000a\000c\000e\000n\000a\000j\000e}{section.4.3}% 89
\BOOKMARK [2][-]{subsection.4.3.5}{\376\377\000C\000a\000p\000a\000c\000i\000d\000a\000d\000\040\000d\000e\000\040\000a\000l\000m\000a\000c\000e\000n\000a\000j\000e}{section.4.3}% 90
\BOOKMARK [2][-]{subsection.4.3.6}{\376\377\000F\000l\000u\000j\000o\000\040\000d\000e\000\040\000r\000e\000c\000e\000p\000c\000i\000\363\000n}{section.4.3}% 91
\BOOKMARK [2][-]{subsection.4.3.7}{\376\377\000P\000l\000a\000n\000o\000s\000\040\000y\000\040\000d\000i\000a\000g\000r\000a\000m\000a\000s}{section.4.3}% 92
\BOOKMARK [2][-]{subsection.4.3.8}{\376\377\000T\000i\000p\000o\000\040\000d\000e\000\040\000a\000i\000s\000l\000a\000m\000i\000e\000n\000t\000o\000\040\000t\000\351\000r\000m\000i\000c\000o}{section.4.3}% 93
\BOOKMARK [1][-]{section.4.4}{\376\377\000B\000a\000l\000a\000n\000c\000e\000s\000\040\000d\000e\000\040\000c\000a\000r\000g\000a\000\040\000t\000\351\000r\000m\000i\000c\000a}{section*.4}% 94
\BOOKMARK [2][-]{subsection.4.4.1}{\376\377\000C\000o\000n\000d\000i\000c\000i\000o\000n\000e\000s\000\040\000e\000x\000t\000e\000r\000i\000o\000r\000e\000s\000\040\000d\000e\000\040\000d\000i\000s\000e\000\361\000o\000:}{section.4.4}% 95
\BOOKMARK [2][-]{subsection.4.4.2}{\376\377\000A\000i\000s\000l\000a\000m\000i\000e\000n\000t\000o\000\040\000t\000\351\000r\000m\000i\000c\000o\000:\000\040\000P\000o\000l\000i\000u\000r\000e\000t\000a\000n\000o\000\040\000e\000x\000p\000a\000n\000d\000i\000d\000o}{section.4.4}% 96
\BOOKMARK [2][-]{subsection.4.4.3}{\376\377\000C\000o\000e\000f\000i\000c\000i\000e\000n\000t\000e\000\040\000d\000e\000\040\000p\000e\000l\000\355\000c\000u\000l\000a}{section.4.4}% 97
\BOOKMARK [3][-]{equation.4.52}{\376\377\000C\000o\000e\000f\000i\000c\000i\000e\000n\000t\000e\000\040\000d\000e\000\040\000t\000r\000a\000n\000s\000f\000e\000r\000e\000n\000c\000i\000a\000\040\000d\000e\000\040\000c\000a\000l\000o\000r}{subsection.4.4.3}% 98
\BOOKMARK [2][-]{subsection.4.4.4}{\376\377\000C\000\341\000l\000c\000u\000l\000o\000\040\000t\000\351\000r\000m\000i\000c\000o\000\040\000d\000e\000\040\000l\000a\000s\000\040\000p\000a\000r\000e\000d\000e\000s}{section.4.4}% 99
\BOOKMARK [3][-]{section*.71}{\376\377\000C\000\341\000l\000c\000u\000l\000o\000\040\000d\000e\000\040\000\341\000r\000e\000a\000s}{subsection.4.4.4}% 100
\BOOKMARK [3][-]{equation.4.54}{\376\377\000T\000r\000a\000n\000s\000m\000i\000s\000i\000\363\000n\000\040\000d\000e\000\040\000c\000a\000l\000o\000r\000\040\000e\000n\000\040\000p\000a\000r\000e\000d\000e\000s\000,\000\040\000p\000i\000s\000o\000s\000\040\000y\000\040\000t\000e\000c\000h\000o}{subsection.4.4.4}% 101
\BOOKMARK [3][-]{figure.caption.72}{\376\377\000C\000a\000r\000g\000a\000\040\000t\000\351\000r\000m\000i\000c\000a\000\040\000p\000o\000r\000\040\000p\000a\000r\000e\000d\000e\000s}{subsection.4.4.4}% 102
\BOOKMARK [3][-]{equation.4.59}{\376\377\000C\000a\000r\000g\000a\000\040\000t\000\351\000r\000m\000i\000c\000a\000\040\000d\000e\000l\000\040\000p\000r\000o\000d\000u\000c\000t\000o}{subsection.4.4.4}% 103
\BOOKMARK [3][-]{equation.4.62}{\376\377\000C\000a\000r\000g\000a\000\040\000t\000\351\000r\000m\000i\000c\000a\000\040\000p\000o\000r\000\040\000I\000n\000f\000i\000l\000t\000r\000a\000c\000i\000\363\000n}{subsection.4.4.4}% 104
\BOOKMARK [3][-]{equation.4.64}{\376\377\000C\000a\000r\000g\000a\000\040\000d\000e\000l\000\040\000M\000o\000t\000o\000r\000\040\000e\000l\000\351\000c\000t\000r\000i\000c\000o}{subsection.4.4.4}% 105
\BOOKMARK [3][-]{equation.4.65}{\376\377\000C\000a\000r\000g\000a\000\040\000p\000o\000r\000\040\000i\000l\000u\000m\000i\000n\000a\000c\000i\000\363\000n}{subsection.4.4.4}% 106
\BOOKMARK [2][-]{subsection.4.4.5}{\376\377\000C\000a\000r\000g\000a\000\040\000t\000\351\000r\000m\000i\000c\000a\000\040\000t\000o\000t\000a\000l}{section.4.4}% 107
\BOOKMARK [1][-]{section.4.5}{\376\377\000S\000e\000l\000e\000c\000c\000i\000\363\000n\000\040\000d\000e\000\040\000e\000q\000u\000i\000p\000o}{section*.4}% 108
\BOOKMARK [2][-]{subsection.4.5.1}{\376\377\000U\000n\000i\000d\000a\000d\000\040\000c\000o\000n\000d\000e\000n\000s\000a\000d\000o\000r\000a}{section.4.5}% 109
\BOOKMARK [1][-]{section.4.6}{\376\377\000D\000i\000s\000e\000\361\000o\000\040\000d\000e\000l\000\040\000s\000i\000s\000t\000e\000m\000a\000\040\000e\000l\000\351\000c\000t\000r\000i\000c\000o}{section*.4}% 110
\BOOKMARK [2][-]{subsection.4.6.1}{\376\377\000E\000s\000q\000u\000e\000m\000a\000\040\000a\000\040\000b\000l\000o\000q\000u\000e\000s\000\040\000d\000e\000l\000\040\000f\000u\000n\000c\000i\000o\000n\000a\000m\000i\000e\000n\000t\000o\000\040\000d\000e\000l\000\040\000s\000i\000s\000t\000e\000m\000a\000\040\000e\000l\000\351\000c\000t\000r\000i\000c\000o\000.}{section.4.6}% 111
\BOOKMARK [2][-]{subsection.4.6.2}{\376\377\000P\000r\000o\000t\000e\000c\000c\000i\000\363\000n\000\040\000c\000o\000n\000t\000r\000a\000\040\000s\000o\000b\000r\000e\000c\000a\000r\000g\000a}{section.4.6}% 112
\BOOKMARK [2][-]{subsection.4.6.3}{\376\377\000P\000r\000o\000t\000e\000c\000c\000i\000\363\000n\000\040\000C\000o\000n\000t\000r\000a\000\040\000C\000o\000r\000t\000o\000c\000i\000r\000c\000u\000i\000t\000o}{section.4.6}% 113
\BOOKMARK [2][-]{subsection.4.6.4}{\376\377\000D\000i\000s\000e\000\361\000o\000\040\000d\000e\000l\000\040\000S\000i\000s\000t\000e\000m\000a\000\040\000d\000e\000\040\000S\000e\000g\000u\000r\000i\000d\000a\000d\000\040\000E\000l\000\351\000c\000t\000r\000i\000c\000o}{section.4.6}% 114
\BOOKMARK [3][-]{section*.80}{\376\377\000M\000e\000t\000a\000s\000\040\000d\000e\000\040\000l\000a\000\040\000s\000e\000g\000u\000r\000i\000d\000a\000\040\000e\000l\000\351\000c\000t\000r\000i\000c\000a}{subsection.4.6.4}% 115
\BOOKMARK [3][-]{Item.68}{\376\377\000E\000l\000e\000m\000e\000n\000t\000o\000s\000\040\000d\000e\000l\000\040\000S\000i\000s\000t\000e\000m\000a\000\040\000d\000e\000\040\000S\000e\000g\000u\000r\000i\000d\000a\000d}{subsection.4.6.4}% 116
\BOOKMARK [2][-]{subsection.4.6.5}{\376\377\000E\000s\000q\000u\000e\000m\000a\000\040\000d\000e\000l\000\040\000s\000i\000s\000t\000e\000m\000a\000\040\000e\000l\000\351\000c\000t\000r\000i\000c\000o}{section.4.6}% 117
\BOOKMARK [1][-]{section.4.7}{\376\377\000C\000o\000n\000c\000l\000u\000s\000i\000\363\000n}{section*.4}% 118
\BOOKMARK [1][-]{section.4.7}{\376\377\000I\000n\000t\000r\000o\000d\000u\000c\000c\000i\000\363\000n}{section*.4}% 119
\BOOKMARK [1][-]{section.5.1}{\376\377\000C\000o\000s\000t\000o\000s\000\040\000D\000i\000r\000e\000c\000t\000o\000s}{section*.4}% 120
\BOOKMARK [2][-]{subsection.5.1.1}{\376\377\000M\000a\000n\000o\000\040\000d\000e\000\040\000o\000b\000r\000a}{section.5.1}% 121
\BOOKMARK [2][-]{subsection.5.1.2}{\376\377\000U\000n\000i\000d\000a\000d\000\040\000C\000o\000n\000d\000e\000n\000s\000a\000d\000o\000r\000a}{section.5.1}% 122
\BOOKMARK [1][-]{section.5.2}{\376\377\000D\000i\000s\000t\000r\000i\000b\000u\000c\000i\000\363\000n\000\040\000y\000\040\000C\000a\000r\000a\000c\000t\000e\000r\000\355\000s\000t\000i\000c\000a\000s\000\040\000d\000e\000\040\000l\000a\000\040\000C\000\341\000m\000a\000r\000a\000\040\000d\000e\000\040\000R\000e\000f\000r\000i\000g\000e\000r\000a\000c\000i\000\363\000n}{section*.4}% 123
\BOOKMARK [2][-]{subsection.5.2.1}{\376\377\000U\000n\000i\000d\000a\000d\000\040\000d\000e\000\040\000R\000e\000f\000r\000i\000g\000e\000r\000a\000c\000i\000\363\000n}{section.5.2}% 124
\BOOKMARK [2][-]{subsection.5.2.2}{\376\377\000C\000o\000n\000s\000i\000d\000e\000r\000a\000c\000i\000o\000n\000e\000s\000\040\000d\000e\000l\000\040\000P\000r\000o\000d\000u\000c\000t\000o}{section.5.2}% 125
\BOOKMARK [1][-]{section.5.3}{\376\377\000U\000b\000i\000c\000a\000c\000i\000\363\000n\000\040\000G\000e\000o\000g\000r\000\341\000f\000i\000c\000a}{section*.4}% 126
\BOOKMARK [1][-]{section.5.4}{\376\377\000C\000o\000n\000d\000i\000c\000i\000o\000n\000e\000s\000\040\000d\000e\000l\000\040\000P\000r\000o\000d\000u\000c\000t\000o\000\040\000a\000\040\000R\000e\000f\000r\000i\000g\000e\000r\000a\000r}{section*.4}% 127
\BOOKMARK [1][-]{section.5.5}{\376\377\000C\000o\000m\000p\000a\000r\000a\000c\000i\000\363\000n\000\040\000d\000e\000\040\000U\000n\000i\000d\000a\000d\000e\000s\000\040\000C\000o\000n\000d\000e\000n\000s\000a\000d\000o\000r\000a\000s\000\040\000T\000h\000e\000r\000m\000o\000\040\000K\000i\000n\000g}{section*.4}% 128
\BOOKMARK [2][-]{subsection.5.5.1}{\376\377\000A\000n\000\341\000l\000i\000s\000i\000s\000\040\000d\000e\000\040\000l\000a\000s\000\040\000O\000p\000c\000i\000o\000n\000e\000s}{section.5.5}% 129
\BOOKMARK [2][-]{subsection.5.5.2}{\376\377\000P\000r\000e\000f\000e\000r\000e\000n\000c\000i\000a\000\040\000y\000\040\000E\000l\000e\000c\000c\000i\000\363\000n}{section.5.5}% 130
\BOOKMARK [0][-]{chapter*.84}{\376\377\000G\000l\000o\000s\000a\000r\000i\000o}{}% 131
\BOOKMARK [0][-]{chapter*.85}{\376\377\000R\000e\000f\000e\000r\000e\000n\000c\000i\000a\000s}{}% 132
\BOOKMARK [0][-]{chapter*.86}{\376\377\000A\000n\000e\000x\000o\000s}{}% 133
\BOOKMARK [1][-]{section*.87}{\376\377\000P\000l\000a\000n\000o\000s\000\040\000d\000e\000\040\000I\000n\000g\000e\000n\000i\000e\000r\000\355\000a}{chapter*.86}% 134
\BOOKMARK [1][-]{section.6.1}{\376\377\000A\000n\000e\000x\000o\000\040\0001\000.\000\040\000V\000i\000s\000t\000a\000\040\000e\000x\000p\000l\000o\000s\000i\000o\000n\000a\000d\000a\000\040\000d\000e\000\040\000l\000a\000\040\000c\000\341\000m\000a\000r\000a\000\040\000d\000e\000\040\000r\000e\000f\000r\000i\000g\000e\000r\000a\000c\000i\000\363\000n}{chapter*.86}% 135
\BOOKMARK [1][-]{section.6.2}{\376\377\000A\000n\000e\000x\000o\000\040\0002\000.\000\040\000C\000u\000a\000t\000r\000o\000\040\000v\000i\000s\000t\000a\000s\000\040\000d\000e\000\040\000l\000a\000\040\000c\000\341\000m\000a\000r\000a\000\040\000d\000e\000\040\000r\000e\000f\000r\000i\000g\000e\000r\000a\000c\000i\000\363\000n}{chapter*.86}% 136
\BOOKMARK [1][-]{section.6.3}{\376\377\000A\000n\000e\000x\000o\000\040\0003\000.\000\040\000D\000i\000a\000g\000r\000a\000m\000a\000\040\000e\000l\000\351\000c\000t\000r\000i\000c\000o\000\040\000c\000o\000m\000p\000l\000e\000t\000o}{chapter*.86}% 137
\BOOKMARK [1][-]{figure.caption.90}{\376\377\000T\000a\000b\000l\000a\000s}{chapter*.86}% 138
\BOOKMARK [1][-]{table.caption.92}{\376\377\000I\000m\000\341\000g\000e\000n\000e\000s}{chapter*.86}% 139
