This is pdfTeX, Version 3.141592653-2.6-1.40.25 (MiKTeX 23.5) (preloaded format=pdflatex 2023.9.13)  10 MAY 2024 10:24
entering extended mode
 restricted \write18 enabled.
 %&-line parsing enabled.
**./IsraelMonjaraz-cap3-proy1.tex
(IsraelMonjaraz-cap3-proy1.tex
LaTeX2e <2023-06-01> patch level 1
L3 programming layer <2023-06-30>
(C:\Users\ibrr9\AppData\Roaming\MiKTeX\2.9\tex/latex/base\report.cls
Document Class: report 2023/05/17 v1.4n Standard LaTeX document class
(C:\Users\ibrr9\AppData\Roaming\MiKTeX\2.9\tex/latex/base\size11.clo
File: size11.clo 2023/05/17 v1.4n Standard LaTeX file (size option)
)
\c@part=\count185
\c@chapter=\count186
\c@section=\count187
\c@subsection=\count188
\c@subsubsection=\count189
\c@paragraph=\count190
\c@subparagraph=\count191
\c@figure=\count192
\c@table=\count193
\abovecaptionskip=\skip48
\belowcaptionskip=\skip49
\bibindent=\dimen140
)
(librerias.tex
(C:\Users\ibrr9\AppData\Roaming\MiKTeX\2.9\tex/latex/base\inputenc.sty
Package: inputenc 2021/02/14 v1.3d Input encoding file
\inpenc@prehook=\toks17
\inpenc@posthook=\toks18
)
(C:\Users\ibrr9\AppData\Roaming\MiKTeX\2.9\tex/generic/babel\babel.sty
Package: babel 2023/07/15 v3.92 The Babel package
\babel@savecnt=\count194
\U@D=\dimen141
\l@unhyphenated=\language1

(C:\Users\ibrr9\AppData\Roaming\MiKTeX\2.9\tex/generic/babel\txtbabel.def)
\bbl@readstream=\read2
\bbl@dirlevel=\count195

*************************************
* Local config file bblopts.cfg used
*
(C:\Users\ibrr9\AppData\Roaming\MiKTeX\2.9\tex/latex/arabi\bblopts.cfg
File: bblopts.cfg 2005/09/08 v0.1 add Arabic and Farsi to "declared" options of
 babel
)
(C:\Users\ibrr9\AppData\Roaming\MiKTeX\2.9\tex/latex/babel-spanish\spanish.ldf
Language: spanish.ldf 2021/05/27 v5.0q Spanish support from the babel system


Package babel Warning: No hyphenation patterns were preloaded for
(babel)                the language 'Spanish' into the format.
(babel)                Please, configure your TeX system to add them and
(babel)                rebuild the format. Now I will use the patterns
(babel)                preloaded for \language=0 instead on input line 51.

\es@quottoks=\toks19
\es@quotdepth=\count196
Package babel Info: Making " an active character on input line 570.
Package babel Info: Making . an active character on input line 675.
Package babel Info: Making < an active character on input line 722.
Package babel Info: Making > an active character on input line 722.
))
(C:\Users\ibrr9\AppData\Roaming\MiKTeX\2.9\tex/generic/babel/locale/es\babel-sp
anish.tex
Package babel Info: Importing font and identification data for spanish
(babel)             from babel-es.ini. Reported on input line 11.
)
(C:\Users\ibrr9\AppData\Roaming\MiKTeX\2.9\tex/latex/amsfonts\amssymb.sty
Package: amssymb 2013/01/14 v3.01 AMS font symbols

(C:\Users\ibrr9\AppData\Roaming\MiKTeX\2.9\tex/latex/amsfonts\amsfonts.sty
Package: amsfonts 2013/01/14 v3.01 Basic AMSFonts support
\@emptytoks=\toks20
\symAMSa=\mathgroup4
\symAMSb=\mathgroup5
LaTeX Font Info:    Redeclaring math symbol \hbar on input line 98.
LaTeX Font Info:    Overwriting math alphabet `\mathfrak' in version `bold'
(Font)                  U/euf/m/n --> U/euf/b/n on input line 106.
))
(C:\Users\ibrr9\AppData\Roaming\MiKTeX\2.9\tex/latex/amsmath\amsmath.sty
Package: amsmath 2023/05/13 v2.17o AMS math features
\@mathmargin=\skip50

For additional information on amsmath, use the `?' option.
(C:\Users\ibrr9\AppData\Roaming\MiKTeX\2.9\tex/latex/amsmath\amstext.sty
Package: amstext 2021/08/26 v2.01 AMS text

(C:\Users\ibrr9\AppData\Roaming\MiKTeX\2.9\tex/latex/amsmath\amsgen.sty
File: amsgen.sty 1999/11/30 v2.0 generic functions
\@emptytoks=\toks21
\ex@=\dimen142
))
(C:\Users\ibrr9\AppData\Roaming\MiKTeX\2.9\tex/latex/amsmath\amsbsy.sty
Package: amsbsy 1999/11/29 v1.2d Bold Symbols
\pmbraise@=\dimen143
)
(C:\Users\ibrr9\AppData\Roaming\MiKTeX\2.9\tex/latex/amsmath\amsopn.sty
Package: amsopn 2022/04/08 v2.04 operator names
)
\inf@bad=\count197
LaTeX Info: Redefining \frac on input line 234.
\uproot@=\count198
\leftroot@=\count199
LaTeX Info: Redefining \overline on input line 399.
LaTeX Info: Redefining \colon on input line 410.
\classnum@=\count266
\DOTSCASE@=\count267
LaTeX Info: Redefining \ldots on input line 496.
LaTeX Info: Redefining \dots on input line 499.
LaTeX Info: Redefining \cdots on input line 620.
\Mathstrutbox@=\box51
\strutbox@=\box52
LaTeX Info: Redefining \big on input line 722.
LaTeX Info: Redefining \Big on input line 723.
LaTeX Info: Redefining \bigg on input line 724.
LaTeX Info: Redefining \Bigg on input line 725.
\big@size=\dimen144
LaTeX Font Info:    Redeclaring font encoding OML on input line 743.
LaTeX Font Info:    Redeclaring font encoding OMS on input line 744.
\macc@depth=\count268
LaTeX Info: Redefining \bmod on input line 905.
LaTeX Info: Redefining \pmod on input line 910.
LaTeX Info: Redefining \smash on input line 940.
LaTeX Info: Redefining \relbar on input line 970.
LaTeX Info: Redefining \Relbar on input line 971.
\c@MaxMatrixCols=\count269
\dotsspace@=\muskip16
\c@parentequation=\count270
\dspbrk@lvl=\count271
\tag@help=\toks22
\row@=\count272
\column@=\count273
\maxfields@=\count274
\andhelp@=\toks23
\eqnshift@=\dimen145
\alignsep@=\dimen146
\tagshift@=\dimen147
\tagwidth@=\dimen148
\totwidth@=\dimen149
\lineht@=\dimen150
\@envbody=\toks24
\multlinegap=\skip51
\multlinetaggap=\skip52
\mathdisplay@stack=\toks25
LaTeX Info: Redefining \[ on input line 2953.
LaTeX Info: Redefining \] on input line 2954.
)
(C:\Users\ibrr9\AppData\Roaming\MiKTeX\2.9\tex/latex/tools\tabularx.sty
Package: tabularx 2020/01/15 v2.11c `tabularx' package (DPC)

(C:\Users\ibrr9\AppData\Roaming\MiKTeX\2.9\tex/latex/tools\array.sty
Package: array 2022/09/04 v2.5g Tabular extension package (FMi)
\col@sep=\dimen151
\ar@mcellbox=\box53
\extrarowheight=\dimen152
\NC@list=\toks26
\extratabsurround=\skip53
\backup@length=\skip54
\ar@cellbox=\box54
)
\TX@col@width=\dimen153
\TX@old@table=\dimen154
\TX@old@col=\dimen155
\TX@target=\dimen156
\TX@delta=\dimen157
\TX@cols=\count275
\TX@ftn=\toks27
)
(C:\Users\ibrr9\AppData\Roaming\MiKTeX\2.9\tex/latex/graphics\graphicx.sty
Package: graphicx 2021/09/16 v1.2d Enhanced LaTeX Graphics (DPC,SPQR)

(C:\Users\ibrr9\AppData\Roaming\MiKTeX\2.9\tex/latex/graphics\keyval.sty
Package: keyval 2022/05/29 v1.15 key=value parser (DPC)
\KV@toks@=\toks28
)
(C:\Users\ibrr9\AppData\Roaming\MiKTeX\2.9\tex/latex/graphics\graphics.sty
Package: graphics 2022/03/10 v1.4e Standard LaTeX Graphics (DPC,SPQR)

(C:\Users\ibrr9\AppData\Roaming\MiKTeX\2.9\tex/latex/graphics\trig.sty
Package: trig 2021/08/11 v1.11 sin cos tan (DPC)
)
(C:\Users\ibrr9\AppData\Roaming\MiKTeX\2.9\tex/latex/graphics-cfg\graphics.cfg
File: graphics.cfg 2016/06/04 v1.11 sample graphics configuration
)
Package graphics Info: Driver file: pdftex.def on input line 107.
(C:\Users\ibrr9\AppData\Roaming\MiKTeX\2.9\tex/latex/graphics-def\pdftex.def
File: pdftex.def 2022/09/22 v1.2b Graphics/color driver for pdftex
))
\Gin@req@height=\dimen158
\Gin@req@width=\dimen159
) (C:\Users\ibrr9\AppData\Roaming\MiKTeX\2.9\tex/latex/tools\multicol.sty
Package: multicol 2023/03/30 v1.9f multicolumn formatting (FMi)
\c@tracingmulticols=\count276
\mult@box=\box55
\multicol@leftmargin=\dimen160
\c@unbalance=\count277
\c@collectmore=\count278
\doublecol@number=\count279
\multicoltolerance=\count280
\multicolpretolerance=\count281
\full@width=\dimen161
\page@free=\dimen162
\premulticols=\dimen163
\postmulticols=\dimen164
\multicolsep=\skip55
\multicolbaselineskip=\skip56
\partial@page=\box56
\last@line=\box57
\mc@boxedresult=\box58
\maxbalancingoverflow=\dimen165
\mult@rightbox=\box59
\mult@grightbox=\box60
\mult@firstbox=\box61
\mult@gfirstbox=\box62
\@tempa=\box63
\@tempa=\box64
\@tempa=\box65
\@tempa=\box66
\@tempa=\box67
\@tempa=\box68
\@tempa=\box69
\@tempa=\box70
\@tempa=\box71
\@tempa=\box72
\@tempa=\box73
\@tempa=\box74
\@tempa=\box75
\@tempa=\box76
\@tempa=\box77
\@tempa=\box78
\@tempa=\box79
\@tempa=\box80
\@tempa=\box81
\@tempa=\box82
\@tempa=\box83
\@tempa=\box84
\@tempa=\box85
\@tempa=\box86
\@tempa=\box87
\@tempa=\box88
\@tempa=\box89
\@tempa=\box90
\@tempa=\box91
\@tempa=\box92
\@tempa=\box93
\@tempa=\box94
\@tempa=\box95
\@tempa=\box96
\@tempa=\box97
\@tempa=\box98
\c@minrows=\count282
\c@columnbadness=\count283
\c@finalcolumnbadness=\count284
\last@try=\dimen166
\multicolovershoot=\dimen167
\multicolundershoot=\dimen168
\mult@nat@firstbox=\box99
\colbreak@box=\box100
\mc@col@check@num=\count285
)
(C:\Users\ibrr9\AppData\Roaming\MiKTeX\2.9\tex/latex/multirow\multirow.sty
Package: multirow 2021/03/15 v2.8 Span multiple rows of a table
\multirow@colwidth=\skip57
\multirow@cntb=\count286
\multirow@dima=\skip58
\bigstrutjot=\dimen169
)
(C:\Users\ibrr9\AppData\Roaming\MiKTeX\2.9\tex/latex/base\makeidx.sty
Package: makeidx 2021/10/04 v1.0m Standard LaTeX package
)
(C:\Users\ibrr9\AppData\Roaming\MiKTeX\2.9\tex/latex/graphics\lscape.sty
Package: lscape 2020/05/28 v3.02 Landscape Pages (DPC)
)
(C:\Users\ibrr9\AppData\Roaming\MiKTeX\2.9\tex/latex/float\float.sty
Package: float 2001/11/08 v1.3d Float enhancements (AL)
\c@float@type=\count287
\float@exts=\toks29
\float@box=\box101
\@float@everytoks=\toks30
\@floatcapt=\box102
)
(C:\Users\ibrr9\AppData\Roaming\MiKTeX\2.9\tex/latex/lm\lmodern.sty
Package: lmodern 2015/05/01 v1.6.1 Latin Modern Fonts
LaTeX Font Info:    Overwriting symbol font `operators' in version `normal'
(Font)                  OT1/cmr/m/n --> OT1/lmr/m/n on input line 22.
LaTeX Font Info:    Overwriting symbol font `letters' in version `normal'
(Font)                  OML/cmm/m/it --> OML/lmm/m/it on input line 23.
LaTeX Font Info:    Overwriting symbol font `symbols' in version `normal'
(Font)                  OMS/cmsy/m/n --> OMS/lmsy/m/n on input line 24.
LaTeX Font Info:    Overwriting symbol font `largesymbols' in version `normal'
(Font)                  OMX/cmex/m/n --> OMX/lmex/m/n on input line 25.
LaTeX Font Info:    Overwriting symbol font `operators' in version `bold'
(Font)                  OT1/cmr/bx/n --> OT1/lmr/bx/n on input line 26.
LaTeX Font Info:    Overwriting symbol font `letters' in version `bold'
(Font)                  OML/cmm/b/it --> OML/lmm/b/it on input line 27.
LaTeX Font Info:    Overwriting symbol font `symbols' in version `bold'
(Font)                  OMS/cmsy/b/n --> OMS/lmsy/b/n on input line 28.
LaTeX Font Info:    Overwriting symbol font `largesymbols' in version `bold'
(Font)                  OMX/cmex/m/n --> OMX/lmex/m/n on input line 29.
LaTeX Font Info:    Overwriting math alphabet `\mathbf' in version `normal'
(Font)                  OT1/cmr/bx/n --> OT1/lmr/bx/n on input line 31.
LaTeX Font Info:    Overwriting math alphabet `\mathsf' in version `normal'
(Font)                  OT1/cmss/m/n --> OT1/lmss/m/n on input line 32.
LaTeX Font Info:    Overwriting math alphabet `\mathit' in version `normal'
(Font)                  OT1/cmr/m/it --> OT1/lmr/m/it on input line 33.
LaTeX Font Info:    Overwriting math alphabet `\mathtt' in version `normal'
(Font)                  OT1/cmtt/m/n --> OT1/lmtt/m/n on input line 34.
LaTeX Font Info:    Overwriting math alphabet `\mathbf' in version `bold'
(Font)                  OT1/cmr/bx/n --> OT1/lmr/bx/n on input line 35.
LaTeX Font Info:    Overwriting math alphabet `\mathsf' in version `bold'
(Font)                  OT1/cmss/bx/n --> OT1/lmss/bx/n on input line 36.
LaTeX Font Info:    Overwriting math alphabet `\mathit' in version `bold'
(Font)                  OT1/cmr/bx/it --> OT1/lmr/bx/it on input line 37.
LaTeX Font Info:    Overwriting math alphabet `\mathtt' in version `bold'
(Font)                  OT1/cmtt/m/n --> OT1/lmtt/m/n on input line 38.
)
(C:\Users\ibrr9\AppData\Roaming\MiKTeX\2.9\tex/latex/fancyhdr\fancyhdr.sty
Package: fancyhdr 2022/11/09 v4.1 Extensive control of page headers and footers

\f@nch@headwidth=\skip59
\f@nch@O@elh=\skip60
\f@nch@O@erh=\skip61
\f@nch@O@olh=\skip62
\f@nch@O@orh=\skip63
\f@nch@O@elf=\skip64
\f@nch@O@erf=\skip65
\f@nch@O@olf=\skip66
\f@nch@O@orf=\skip67
)
(C:\Users\ibrr9\AppData\Roaming\MiKTeX\2.9\tex/latex/base\fontenc.sty
Package: fontenc 2021/04/29 v2.0v Standard LaTeX package
LaTeX Font Info:    Trying to load font information for T1+lmr on input line 11
2.

(C:\Users\ibrr9\AppData\Roaming\MiKTeX\2.9\tex/latex/lm\t1lmr.fd
File: t1lmr.fd 2015/05/01 v1.6.1 Font defs for Latin Modern
))
(C:\Users\ibrr9\AppData\Roaming\MiKTeX\2.9\tex/latex/psnfss\helvet.sty
Package: helvet 2020/03/25 PSNFSS-v9.3 (WaS) 
)
(C:\Users\ibrr9\AppData\Roaming\MiKTeX\2.9\tex/latex/setspace\setspace.sty
Package: setspace 2022/12/04 v6.7b set line spacing
)
(C:\Users\ibrr9\AppData\Roaming\MiKTeX\2.9\tex/latex/parskip\parskip.sty
Package: parskip 2021-03-14 v2.0h non-zero parskip adjustments

(C:\Users\ibrr9\AppData\Roaming\MiKTeX\2.9\tex/latex/kvoptions\kvoptions.sty
Package: kvoptions 2022-06-15 v3.15 Key value format for package options (HO)

(C:\Users\ibrr9\AppData\Roaming\MiKTeX\2.9\tex/generic/ltxcmds\ltxcmds.sty
Package: ltxcmds 2020-05-10 v1.25 LaTeX kernel commands for general use (HO)
)
(C:\Users\ibrr9\AppData\Roaming\MiKTeX\2.9\tex/latex/kvsetkeys\kvsetkeys.sty
Package: kvsetkeys 2022-10-05 v1.19 Key value parser (HO)
))
(C:\Users\ibrr9\AppData\Roaming\MiKTeX\2.9\tex/latex/etoolbox\etoolbox.sty
Package: etoolbox 2020/10/05 v2.5k e-TeX tools for LaTeX (JAW)
\etb@tempcnta=\count288
))
(C:\Users\ibrr9\AppData\Roaming\MiKTeX\2.9\tex/latex/sectsty\sectsty.sty
Package: sectsty 2002/02/25 v2.0.2 Commands to change all sectional heading sty
les


LaTeX Warning: Command \underbar  has changed.
               Check if current package is valid.


LaTeX Warning: Command \underline  has changed.
               Check if current package is valid.

) (C:\Users\ibrr9\AppData\Roaming\MiKTeX\2.9\tex/latex/tools\longtable.sty
Package: longtable 2021-09-01 v4.17 Multi-page Table package (DPC)
\LTleft=\skip68
\LTright=\skip69
\LTpre=\skip70
\LTpost=\skip71
\LTchunksize=\count289
\LTcapwidth=\dimen170
\LT@head=\box103
\LT@firsthead=\box104
\LT@foot=\box105
\LT@lastfoot=\box106
\LT@gbox=\box107
\LT@cols=\count290
\LT@rows=\count291
\c@LT@tables=\count292
\c@LT@chunks=\count293
\LT@p@ftn=\toks31
)
(C:\Users\ibrr9\AppData\Roaming\MiKTeX\2.9\tex/latex/booktabs\booktabs.sty
Package: booktabs 2020/01/12 v1.61803398 Publication quality tables
\heavyrulewidth=\dimen171
\lightrulewidth=\dimen172
\cmidrulewidth=\dimen173
\belowrulesep=\dimen174
\belowbottomsep=\dimen175
\aboverulesep=\dimen176
\abovetopsep=\dimen177
\cmidrulesep=\dimen178
\cmidrulekern=\dimen179
\defaultaddspace=\dimen180
\@cmidla=\count294
\@cmidlb=\count295
\@aboverulesep=\dimen181
\@belowrulesep=\dimen182
\@thisruleclass=\count296
\@lastruleclass=\count297
\@thisrulewidth=\dimen183
)
(C:\Users\ibrr9\AppData\Roaming\MiKTeX\2.9\tex/latex/ragged2e\ragged2e.sty
Package: ragged2e 2023/06/22 v3.6 ragged2e Package
\CenteringLeftskip=\skip72
\RaggedLeftLeftskip=\skip73
\RaggedRightLeftskip=\skip74
\CenteringRightskip=\skip75
\RaggedLeftRightskip=\skip76
\RaggedRightRightskip=\skip77
\CenteringParfillskip=\skip78
\RaggedLeftParfillskip=\skip79
\RaggedRightParfillskip=\skip80
\JustifyingParfillskip=\skip81
\CenteringParindent=\skip82
\RaggedLeftParindent=\skip83
\RaggedRightParindent=\skip84
\JustifyingParindent=\skip85
)
(C:\Users\ibrr9\AppData\Roaming\MiKTeX\2.9\tex/latex/pdfpages\pdfpages.sty
Package: pdfpages 2024/01/21 v0.5y Insert pages of external PDF documents (AM)

(C:\Users\ibrr9\AppData\Roaming\MiKTeX\2.9\tex/latex/base\ifthen.sty
Package: ifthen 2022/04/13 v1.1d Standard LaTeX ifthen package (DPC)
)
(C:\Users\ibrr9\AppData\Roaming\MiKTeX\2.9\tex/latex/tools\calc.sty
Package: calc 2017/05/25 v4.3 Infix arithmetic (KKT,FJ)
\calc@Acount=\count298
\calc@Bcount=\count299
\calc@Adimen=\dimen184
\calc@Bdimen=\dimen185
\calc@Askip=\skip86
\calc@Bskip=\skip87
LaTeX Info: Redefining \setlength on input line 80.
LaTeX Info: Redefining \addtolength on input line 81.
\calc@Ccount=\count300
\calc@Cskip=\skip88
)
(C:\Users\ibrr9\AppData\Roaming\MiKTeX\2.9\tex/latex/eso-pic\eso-pic.sty
Package: eso-pic 2023/05/03 v3.0c eso-pic (RN)
\ESO@tempdima=\dimen186
\ESO@tempdimb=\dimen187

(C:\Users\ibrr9\AppData\Roaming\MiKTeX\2.9\tex/latex/xcolor\xcolor.sty
Package: xcolor 2022/06/12 v2.14 LaTeX color extensions (UK)

(C:\Users\ibrr9\AppData\Roaming\MiKTeX\2.9\tex/latex/graphics-cfg\color.cfg
File: color.cfg 2016/01/02 v1.6 sample color configuration
)
Package xcolor Info: Driver file: pdftex.def on input line 227.

(C:\Users\ibrr9\AppData\Roaming\MiKTeX\2.9\tex/latex/graphics\mathcolor.ltx)
Package xcolor Info: Model `cmy' substituted by `cmy0' on input line 1353.
Package xcolor Info: Model `hsb' substituted by `rgb' on input line 1357.
Package xcolor Info: Model `RGB' extended on input line 1369.
Package xcolor Info: Model `HTML' substituted by `rgb' on input line 1371.
Package xcolor Info: Model `Hsb' substituted by `hsb' on input line 1372.
Package xcolor Info: Model `tHsb' substituted by `hsb' on input line 1373.
Package xcolor Info: Model `HSB' substituted by `hsb' on input line 1374.
Package xcolor Info: Model `Gray' substituted by `gray' on input line 1375.
Package xcolor Info: Model `wave' substituted by `hsb' on input line 1376.
))
\AM@pagewidth=\dimen188
\AM@pageheight=\dimen189
\AM@fboxrule=\dimen190

(C:\Users\ibrr9\AppData\Roaming\MiKTeX\2.9\tex/latex/pdfpages\pppdftex.def
File: pppdftex.def 2024/01/21 v0.5y Pdfpages driver for pdfTeX (AM)
)
\pdfpages@includegraphics@status=\count301
\AM@pagebox=\box108
\AM@global@opts=\toks32
\AM@pagecnt=\count302
\AM@toc@title=\toks33
\AM@lof@heading=\toks34
\c@AM@survey=\count303
\AM@templatesizebox=\box109
)
(C:\Users\ibrr9\AppData\Roaming\MiKTeX\2.9\tex/latex/hyperref\hyperref.sty
Package: hyperref 2023-07-08 v7.01b Hypertext links for LaTeX

(C:\Users\ibrr9\AppData\Roaming\MiKTeX\2.9\tex/generic/iftex\iftex.sty
Package: iftex 2022/02/03 v1.0f TeX engine tests
)
(C:\Users\ibrr9\AppData\Roaming\MiKTeX\2.9\tex/generic/pdftexcmds\pdftexcmds.st
y
Package: pdftexcmds 2020-06-27 v0.33 Utility functions of pdfTeX for LuaTeX (HO
)

(C:\Users\ibrr9\AppData\Roaming\MiKTeX\2.9\tex/generic/infwarerr\infwarerr.sty
Package: infwarerr 2019/12/03 v1.5 Providing info/warning/error messages (HO)
)
Package pdftexcmds Info: \pdf@primitive is available.
Package pdftexcmds Info: \pdf@ifprimitive is available.
Package pdftexcmds Info: \pdfdraftmode found.
)
(C:\Users\ibrr9\AppData\Roaming\MiKTeX\2.9\tex/generic/kvdefinekeys\kvdefinekey
s.sty
Package: kvdefinekeys 2019-12-19 v1.6 Define keys (HO)
)
(C:\Users\ibrr9\AppData\Roaming\MiKTeX\2.9\tex/generic/pdfescape\pdfescape.sty
Package: pdfescape 2019/12/09 v1.15 Implements pdfTeX's escape features (HO)
) (C:\Users\ibrr9\AppData\Roaming\MiKTeX\2.9\tex/latex/hycolor\hycolor.sty
Package: hycolor 2020-01-27 v1.10 Color options for hyperref/bookmark (HO)
)
(C:\Users\ibrr9\AppData\Roaming\MiKTeX\2.9\tex/latex/letltxmacro\letltxmacro.st
y
Package: letltxmacro 2019/12/03 v1.6 Let assignment for LaTeX macros (HO)
) (C:\Users\ibrr9\AppData\Roaming\MiKTeX\2.9\tex/latex/auxhook\auxhook.sty
Package: auxhook 2019-12-17 v1.6 Hooks for auxiliary files (HO)
)
(C:\Users\ibrr9\AppData\Roaming\MiKTeX\2.9\tex/latex/hyperref\nameref.sty
Package: nameref 2023-08-07 v2.53 Cross-referencing by name of section

(C:\Users\ibrr9\AppData\Roaming\MiKTeX\2.9\tex/latex/refcount\refcount.sty
Package: refcount 2019/12/15 v3.6 Data extraction from label references (HO)
)
(C:\Users\ibrr9\AppData\Roaming\MiKTeX\2.9\tex/generic/gettitlestring\gettitles
tring.sty
Package: gettitlestring 2019/12/15 v1.6 Cleanup title references (HO)
)
\c@section@level=\count304
)
\@linkdim=\dimen191
\Hy@linkcounter=\count305
\Hy@pagecounter=\count306

(C:\Users\ibrr9\AppData\Roaming\MiKTeX\2.9\tex/latex/hyperref\pd1enc.def
File: pd1enc.def 2023-07-08 v7.01b Hyperref: PDFDocEncoding definition (HO)
Now handling font encoding PD1 ...
... no UTF-8 mapping file for font encoding PD1
)
(C:\Users\ibrr9\AppData\Roaming\MiKTeX\2.9\tex/generic/intcalc\intcalc.sty
Package: intcalc 2019/12/15 v1.3 Expandable calculations with integers (HO)
)
\Hy@SavedSpaceFactor=\count307

(C:\Users\ibrr9\AppData\Roaming\MiKTeX\2.9\tex/latex/hyperref\puenc.def
File: puenc.def 2023-07-08 v7.01b Hyperref: PDF Unicode definition (HO)
Now handling font encoding PU ...
... no UTF-8 mapping file for font encoding PU
)
Package hyperref Info: Hyper figures OFF on input line 4167.
Package hyperref Info: Link nesting OFF on input line 4172.
Package hyperref Info: Hyper index ON on input line 4175.
Package hyperref Info: Plain pages OFF on input line 4182.
Package hyperref Info: Backreferencing OFF on input line 4187.
Package hyperref Info: Implicit mode ON; LaTeX internals redefined.
Package hyperref Info: Bookmarks ON on input line 4434.
\c@Hy@tempcnt=\count308

(C:\Users\ibrr9\AppData\Roaming\MiKTeX\2.9\tex/latex/url\url.sty
\Urlmuskip=\muskip17
Package: url 2013/09/16  ver 3.4  Verb mode for urls, etc.
)
LaTeX Info: Redefining \url on input line 4772.
\XeTeXLinkMargin=\dimen192

(C:\Users\ibrr9\AppData\Roaming\MiKTeX\2.9\tex/generic/bitset\bitset.sty
Package: bitset 2019/12/09 v1.3 Handle bit-vector datatype (HO)

(C:\Users\ibrr9\AppData\Roaming\MiKTeX\2.9\tex/generic/bigintcalc\bigintcalc.st
y
Package: bigintcalc 2019/12/15 v1.5 Expandable calculations on big integers (HO
)
))
\Fld@menulength=\count309
\Field@Width=\dimen193
\Fld@charsize=\dimen194
Package hyperref Info: Hyper figures OFF on input line 6051.
Package hyperref Info: Link nesting OFF on input line 6056.
Package hyperref Info: Hyper index ON on input line 6059.
Package hyperref Info: backreferencing OFF on input line 6066.
Package hyperref Info: Link coloring OFF on input line 6071.
Package hyperref Info: Link coloring with OCG OFF on input line 6076.
Package hyperref Info: PDF/A mode OFF on input line 6081.
 (C:\Users\ibrr9\AppData\Roaming\MiKTeX\2.9\tex/latex/base\atbegshi-ltx.sty
Package: atbegshi-ltx 2021/01/10 v1.0c Emulation of the original atbegshi
package with kernel methods
)
\Hy@abspage=\count310
\c@Item=\count311
\c@Hfootnote=\count312
)
Package hyperref Info: Driver (autodetected): hpdftex.
 (C:\Users\ibrr9\AppData\Roaming\MiKTeX\2.9\tex/latex/hyperref\hpdftex.def
File: hpdftex.def 2023-07-08 v7.01b Hyperref driver for pdfTeX

(C:\Users\ibrr9\AppData\Roaming\MiKTeX\2.9\tex/latex/base\atveryend-ltx.sty
Package: atveryend-ltx 2020/08/19 v1.0a Emulation of the original atveryend pac
kage
with kernel methods
)
\Fld@listcount=\count313
\c@bookmark@seq@number=\count314

(C:\Users\ibrr9\AppData\Roaming\MiKTeX\2.9\tex/latex/rerunfilecheck\rerunfilech
eck.sty
Package: rerunfilecheck 2022-07-10 v1.10 Rerun checks for auxiliary files (HO)

(C:\Users\ibrr9\AppData\Roaming\MiKTeX\2.9\tex/generic/uniquecounter\uniquecoun
ter.sty
Package: uniquecounter 2019/12/15 v1.4 Provide unlimited unique counter (HO)
)
Package uniquecounter Info: New unique counter `rerunfilecheck' on input line 2
85.
)
\Hy@SectionHShift=\skip89
)
(C:\Users\ibrr9\AppData\Roaming\MiKTeX\2.9\tex/latex/listings\listings.sty
\lst@mode=\count315
\lst@gtempboxa=\box110
\lst@token=\toks35
\lst@length=\count316
\lst@currlwidth=\dimen195
\lst@column=\count317
\lst@pos=\count318
\lst@lostspace=\dimen196
\lst@width=\dimen197
\lst@newlines=\count319
\lst@lineno=\count320
\lst@maxwidth=\dimen198

(C:\Users\ibrr9\AppData\Roaming\MiKTeX\2.9\tex/latex/listings\lstmisc.sty
File: lstmisc.sty 2023/02/27 1.9 (Carsten Heinz)
\c@lstnumber=\count321
\lst@skipnumbers=\count322
\lst@framebox=\box111
)
(C:\Users\ibrr9\AppData\Roaming\MiKTeX\2.9\tex/latex/listings\listings.cfg
File: listings.cfg 2023/02/27 1.9 listings configuration
))
Package: listings 2023/02/27 1.9 (Carsten Heinz)

(C:\Users\ibrr9\AppData\Roaming\MiKTeX\2.9\tex/latex/enumitem\enumitem.sty
Package: enumitem 2019/06/20 v3.9 Customized lists
\labelindent=\skip90
\enit@outerparindent=\dimen199
\enit@toks=\toks36
\enit@inbox=\box112
\enit@count@id=\count323
\enitdp@description=\count324
)
(C:\Users\ibrr9\AppData\Roaming\MiKTeX\2.9\tex/latex/pgf/frontendlayer\tikz.sty
(C:\Users\ibrr9\AppData\Roaming\MiKTeX\2.9\tex/latex/pgf/basiclayer\pgf.sty
(C:\Users\ibrr9\AppData\Roaming\MiKTeX\2.9\tex/latex/pgf/utilities\pgfrcs.sty
(C:\Users\ibrr9\AppData\Roaming\MiKTeX\2.9\tex/generic/pgf/utilities\pgfutil-co
mmon.tex
\pgfutil@everybye=\toks37
\pgfutil@tempdima=\dimen256
\pgfutil@tempdimb=\dimen257
)
(C:\Users\ibrr9\AppData\Roaming\MiKTeX\2.9\tex/generic/pgf/utilities\pgfutil-la
tex.def
\pgfutil@abb=\box113
)
(C:\Users\ibrr9\AppData\Roaming\MiKTeX\2.9\tex/generic/pgf/utilities\pgfrcs.cod
e.tex
(C:\Users\ibrr9\AppData\Roaming\MiKTeX\2.9\tex/generic/pgf\pgf.revision.tex)
Package: pgfrcs 2023-01-15 v3.1.10 (3.1.10)
))
Package: pgf 2023-01-15 v3.1.10 (3.1.10)

(C:\Users\ibrr9\AppData\Roaming\MiKTeX\2.9\tex/latex/pgf/basiclayer\pgfcore.sty

(C:\Users\ibrr9\AppData\Roaming\MiKTeX\2.9\tex/latex/pgf/systemlayer\pgfsys.sty

(C:\Users\ibrr9\AppData\Roaming\MiKTeX\2.9\tex/generic/pgf/systemlayer\pgfsys.c
ode.tex
Package: pgfsys 2023-01-15 v3.1.10 (3.1.10)

(C:\Users\ibrr9\AppData\Roaming\MiKTeX\2.9\tex/generic/pgf/utilities\pgfkeys.co
de.tex
\pgfkeys@pathtoks=\toks38
\pgfkeys@temptoks=\toks39

(C:\Users\ibrr9\AppData\Roaming\MiKTeX\2.9\tex/generic/pgf/utilities\pgfkeyslib
raryfiltered.code.tex
\pgfkeys@tmptoks=\toks40
))
\pgf@x=\dimen258
\pgf@y=\dimen259
\pgf@xa=\dimen260
\pgf@ya=\dimen261
\pgf@xb=\dimen262
\pgf@yb=\dimen263
\pgf@xc=\dimen264
\pgf@yc=\dimen265
\pgf@xd=\dimen266
\pgf@yd=\dimen267
\w@pgf@writea=\write3
\r@pgf@reada=\read3
\c@pgf@counta=\count325
\c@pgf@countb=\count326
\c@pgf@countc=\count327
\c@pgf@countd=\count328
\t@pgf@toka=\toks41
\t@pgf@tokb=\toks42
\t@pgf@tokc=\toks43
\pgf@sys@id@count=\count329

(C:\Users\ibrr9\AppData\Roaming\MiKTeX\2.9\tex/generic/pgf/systemlayer\pgf.cfg
File: pgf.cfg 2023-01-15 v3.1.10 (3.1.10)
)
Driver file for pgf: pgfsys-pdftex.def

(C:\Users\ibrr9\AppData\Roaming\MiKTeX\2.9\tex/generic/pgf/systemlayer\pgfsys-p
dftex.def
File: pgfsys-pdftex.def 2023-01-15 v3.1.10 (3.1.10)

(C:\Users\ibrr9\AppData\Roaming\MiKTeX\2.9\tex/generic/pgf/systemlayer\pgfsys-c
ommon-pdf.def
File: pgfsys-common-pdf.def 2023-01-15 v3.1.10 (3.1.10)
)))
(C:\Users\ibrr9\AppData\Roaming\MiKTeX\2.9\tex/generic/pgf/systemlayer\pgfsysso
ftpath.code.tex
File: pgfsyssoftpath.code.tex 2023-01-15 v3.1.10 (3.1.10)
\pgfsyssoftpath@smallbuffer@items=\count330
\pgfsyssoftpath@bigbuffer@items=\count331
)
(C:\Users\ibrr9\AppData\Roaming\MiKTeX\2.9\tex/generic/pgf/systemlayer\pgfsyspr
otocol.code.tex
File: pgfsysprotocol.code.tex 2023-01-15 v3.1.10 (3.1.10)
))
(C:\Users\ibrr9\AppData\Roaming\MiKTeX\2.9\tex/generic/pgf/basiclayer\pgfcore.c
ode.tex
Package: pgfcore 2023-01-15 v3.1.10 (3.1.10)

(C:\Users\ibrr9\AppData\Roaming\MiKTeX\2.9\tex/generic/pgf/math\pgfmath.code.te
x
(C:\Users\ibrr9\AppData\Roaming\MiKTeX\2.9\tex/generic/pgf/math\pgfmathutil.cod
e.tex)
(C:\Users\ibrr9\AppData\Roaming\MiKTeX\2.9\tex/generic/pgf/math\pgfmathparser.c
ode.tex
\pgfmath@dimen=\dimen268
\pgfmath@count=\count332
\pgfmath@box=\box114
\pgfmath@toks=\toks44
\pgfmath@stack@operand=\toks45
\pgfmath@stack@operation=\toks46
)
(C:\Users\ibrr9\AppData\Roaming\MiKTeX\2.9\tex/generic/pgf/math\pgfmathfunction
s.code.tex)
(C:\Users\ibrr9\AppData\Roaming\MiKTeX\2.9\tex/generic/pgf/math\pgfmathfunction
s.basic.code.tex)
(C:\Users\ibrr9\AppData\Roaming\MiKTeX\2.9\tex/generic/pgf/math\pgfmathfunction
s.trigonometric.code.tex)
(C:\Users\ibrr9\AppData\Roaming\MiKTeX\2.9\tex/generic/pgf/math\pgfmathfunction
s.random.code.tex)
(C:\Users\ibrr9\AppData\Roaming\MiKTeX\2.9\tex/generic/pgf/math\pgfmathfunction
s.comparison.code.tex)
(C:\Users\ibrr9\AppData\Roaming\MiKTeX\2.9\tex/generic/pgf/math\pgfmathfunction
s.base.code.tex)
(C:\Users\ibrr9\AppData\Roaming\MiKTeX\2.9\tex/generic/pgf/math\pgfmathfunction
s.round.code.tex)
(C:\Users\ibrr9\AppData\Roaming\MiKTeX\2.9\tex/generic/pgf/math\pgfmathfunction
s.misc.code.tex)
(C:\Users\ibrr9\AppData\Roaming\MiKTeX\2.9\tex/generic/pgf/math\pgfmathfunction
s.integerarithmetics.code.tex)
(C:\Users\ibrr9\AppData\Roaming\MiKTeX\2.9\tex/generic/pgf/math\pgfmathcalc.cod
e.tex)
(C:\Users\ibrr9\AppData\Roaming\MiKTeX\2.9\tex/generic/pgf/math\pgfmathfloat.co
de.tex
\c@pgfmathroundto@lastzeros=\count333
))
(C:\Users\ibrr9\AppData\Roaming\MiKTeX\2.9\tex/generic/pgf/math\pgfint.code.tex
)
(C:\Users\ibrr9\AppData\Roaming\MiKTeX\2.9\tex/generic/pgf/basiclayer\pgfcorepo
ints.code.tex
File: pgfcorepoints.code.tex 2023-01-15 v3.1.10 (3.1.10)
\pgf@picminx=\dimen269
\pgf@picmaxx=\dimen270
\pgf@picminy=\dimen271
\pgf@picmaxy=\dimen272
\pgf@pathminx=\dimen273
\pgf@pathmaxx=\dimen274
\pgf@pathminy=\dimen275
\pgf@pathmaxy=\dimen276
\pgf@xx=\dimen277
\pgf@xy=\dimen278
\pgf@yx=\dimen279
\pgf@yy=\dimen280
\pgf@zx=\dimen281
\pgf@zy=\dimen282
)
(C:\Users\ibrr9\AppData\Roaming\MiKTeX\2.9\tex/generic/pgf/basiclayer\pgfcorepa
thconstruct.code.tex
File: pgfcorepathconstruct.code.tex 2023-01-15 v3.1.10 (3.1.10)
\pgf@path@lastx=\dimen283
\pgf@path@lasty=\dimen284
)
(C:\Users\ibrr9\AppData\Roaming\MiKTeX\2.9\tex/generic/pgf/basiclayer\pgfcorepa
thusage.code.tex
File: pgfcorepathusage.code.tex 2023-01-15 v3.1.10 (3.1.10)
\pgf@shorten@end@additional=\dimen285
\pgf@shorten@start@additional=\dimen286
)
(C:\Users\ibrr9\AppData\Roaming\MiKTeX\2.9\tex/generic/pgf/basiclayer\pgfcoresc
opes.code.tex
File: pgfcorescopes.code.tex 2023-01-15 v3.1.10 (3.1.10)
\pgfpic=\box115
\pgf@hbox=\box116
\pgf@layerbox@main=\box117
\pgf@picture@serial@count=\count334
)
(C:\Users\ibrr9\AppData\Roaming\MiKTeX\2.9\tex/generic/pgf/basiclayer\pgfcoregr
aphicstate.code.tex
File: pgfcoregraphicstate.code.tex 2023-01-15 v3.1.10 (3.1.10)
\pgflinewidth=\dimen287
)
(C:\Users\ibrr9\AppData\Roaming\MiKTeX\2.9\tex/generic/pgf/basiclayer\pgfcoretr
ansformations.code.tex
File: pgfcoretransformations.code.tex 2023-01-15 v3.1.10 (3.1.10)
\pgf@pt@x=\dimen288
\pgf@pt@y=\dimen289
\pgf@pt@temp=\dimen290
)
(C:\Users\ibrr9\AppData\Roaming\MiKTeX\2.9\tex/generic/pgf/basiclayer\pgfcorequ
ick.code.tex
File: pgfcorequick.code.tex 2023-01-15 v3.1.10 (3.1.10)
)
(C:\Users\ibrr9\AppData\Roaming\MiKTeX\2.9\tex/generic/pgf/basiclayer\pgfcoreob
jects.code.tex
File: pgfcoreobjects.code.tex 2023-01-15 v3.1.10 (3.1.10)
)
(C:\Users\ibrr9\AppData\Roaming\MiKTeX\2.9\tex/generic/pgf/basiclayer\pgfcorepa
thprocessing.code.tex
File: pgfcorepathprocessing.code.tex 2023-01-15 v3.1.10 (3.1.10)
)
(C:\Users\ibrr9\AppData\Roaming\MiKTeX\2.9\tex/generic/pgf/basiclayer\pgfcorear
rows.code.tex
File: pgfcorearrows.code.tex 2023-01-15 v3.1.10 (3.1.10)
\pgfarrowsep=\dimen291
)
(C:\Users\ibrr9\AppData\Roaming\MiKTeX\2.9\tex/generic/pgf/basiclayer\pgfcoresh
ade.code.tex
File: pgfcoreshade.code.tex 2023-01-15 v3.1.10 (3.1.10)
\pgf@max=\dimen292
\pgf@sys@shading@range@num=\count335
\pgf@shadingcount=\count336
)
(C:\Users\ibrr9\AppData\Roaming\MiKTeX\2.9\tex/generic/pgf/basiclayer\pgfcoreim
age.code.tex
File: pgfcoreimage.code.tex 2023-01-15 v3.1.10 (3.1.10)
)
(C:\Users\ibrr9\AppData\Roaming\MiKTeX\2.9\tex/generic/pgf/basiclayer\pgfcoreex
ternal.code.tex
File: pgfcoreexternal.code.tex 2023-01-15 v3.1.10 (3.1.10)
\pgfexternal@startupbox=\box118
)
(C:\Users\ibrr9\AppData\Roaming\MiKTeX\2.9\tex/generic/pgf/basiclayer\pgfcorela
yers.code.tex
File: pgfcorelayers.code.tex 2023-01-15 v3.1.10 (3.1.10)
)
(C:\Users\ibrr9\AppData\Roaming\MiKTeX\2.9\tex/generic/pgf/basiclayer\pgfcoretr
ansparency.code.tex
File: pgfcoretransparency.code.tex 2023-01-15 v3.1.10 (3.1.10)
)
(C:\Users\ibrr9\AppData\Roaming\MiKTeX\2.9\tex/generic/pgf/basiclayer\pgfcorepa
tterns.code.tex
File: pgfcorepatterns.code.tex 2023-01-15 v3.1.10 (3.1.10)
)
(C:\Users\ibrr9\AppData\Roaming\MiKTeX\2.9\tex/generic/pgf/basiclayer\pgfcorerd
f.code.tex
File: pgfcorerdf.code.tex 2023-01-15 v3.1.10 (3.1.10)
)))
(C:\Users\ibrr9\AppData\Roaming\MiKTeX\2.9\tex/generic/pgf/modules\pgfmodulesha
pes.code.tex
File: pgfmoduleshapes.code.tex 2023-01-15 v3.1.10 (3.1.10)
\pgfnodeparttextbox=\box119
)
(C:\Users\ibrr9\AppData\Roaming\MiKTeX\2.9\tex/generic/pgf/modules\pgfmoduleplo
t.code.tex
File: pgfmoduleplot.code.tex 2023-01-15 v3.1.10 (3.1.10)
)
(C:\Users\ibrr9\AppData\Roaming\MiKTeX\2.9\tex/latex/pgf/compatibility\pgfcomp-
version-0-65.sty
Package: pgfcomp-version-0-65 2023-01-15 v3.1.10 (3.1.10)
\pgf@nodesepstart=\dimen293
\pgf@nodesepend=\dimen294
)
(C:\Users\ibrr9\AppData\Roaming\MiKTeX\2.9\tex/latex/pgf/compatibility\pgfcomp-
version-1-18.sty
Package: pgfcomp-version-1-18 2023-01-15 v3.1.10 (3.1.10)
))
(C:\Users\ibrr9\AppData\Roaming\MiKTeX\2.9\tex/latex/pgf/utilities\pgffor.sty
(C:\Users\ibrr9\AppData\Roaming\MiKTeX\2.9\tex/latex/pgf/utilities\pgfkeys.sty
(C:\Users\ibrr9\AppData\Roaming\MiKTeX\2.9\tex/generic/pgf/utilities\pgfkeys.co
de.tex))
(C:\Users\ibrr9\AppData\Roaming\MiKTeX\2.9\tex/latex/pgf/math\pgfmath.sty
(C:\Users\ibrr9\AppData\Roaming\MiKTeX\2.9\tex/generic/pgf/math\pgfmath.code.te
x))
(C:\Users\ibrr9\AppData\Roaming\MiKTeX\2.9\tex/generic/pgf/utilities\pgffor.cod
e.tex
Package: pgffor 2023-01-15 v3.1.10 (3.1.10)
\pgffor@iter=\dimen295
\pgffor@skip=\dimen296
\pgffor@stack=\toks47
\pgffor@toks=\toks48
))
(C:\Users\ibrr9\AppData\Roaming\MiKTeX\2.9\tex/generic/pgf/frontendlayer/tikz\t
ikz.code.tex
Package: tikz 2023-01-15 v3.1.10 (3.1.10)

(C:\Users\ibrr9\AppData\Roaming\MiKTeX\2.9\tex/generic/pgf/libraries\pgflibrary
plothandlers.code.tex
File: pgflibraryplothandlers.code.tex 2023-01-15 v3.1.10 (3.1.10)
\pgf@plot@mark@count=\count337
\pgfplotmarksize=\dimen297
)
\tikz@lastx=\dimen298
\tikz@lasty=\dimen299
\tikz@lastxsaved=\dimen300
\tikz@lastysaved=\dimen301
\tikz@lastmovetox=\dimen302
\tikz@lastmovetoy=\dimen303
\tikzleveldistance=\dimen304
\tikzsiblingdistance=\dimen305
\tikz@figbox=\box120
\tikz@figbox@bg=\box121
\tikz@tempbox=\box122
\tikz@tempbox@bg=\box123
\tikztreelevel=\count338
\tikznumberofchildren=\count339
\tikznumberofcurrentchild=\count340
\tikz@fig@count=\count341

(C:\Users\ibrr9\AppData\Roaming\MiKTeX\2.9\tex/generic/pgf/modules\pgfmodulemat
rix.code.tex
File: pgfmodulematrix.code.tex 2023-01-15 v3.1.10 (3.1.10)
\pgfmatrixcurrentrow=\count342
\pgfmatrixcurrentcolumn=\count343
\pgf@matrix@numberofcolumns=\count344
)
\tikz@expandcount=\count345

(C:\Users\ibrr9\AppData\Roaming\MiKTeX\2.9\tex/generic/pgf/frontendlayer/tikz/l
ibraries\tikzlibrarytopaths.code.tex
File: tikzlibrarytopaths.code.tex 2023-01-15 v3.1.10 (3.1.10)
)))
(C:\Users\ibrr9\AppData\Roaming\MiKTeX\2.9\tex/generic/pgf/frontendlayer/tikz/l
ibraries\tikzlibrarydecorations.markings.code.tex
(C:\Users\ibrr9\AppData\Roaming\MiKTeX\2.9\tex/generic/pgf/frontendlayer/tikz/l
ibraries\tikzlibrarydecorations.code.tex
(C:\Users\ibrr9\AppData\Roaming\MiKTeX\2.9\tex/generic/pgf/modules\pgfmoduledec
orations.code.tex
\pgfdecoratedcompleteddistance=\dimen306
\pgfdecoratedremainingdistance=\dimen307
\pgfdecoratedinputsegmentcompleteddistance=\dimen308
\pgfdecoratedinputsegmentremainingdistance=\dimen309
\pgf@decorate@distancetomove=\dimen310
\pgf@decorate@repeatstate=\count346
\pgfdecorationsegmentamplitude=\dimen311
\pgfdecorationsegmentlength=\dimen312
)
\tikz@lib@dec@box=\box124
)
(C:\Users\ibrr9\AppData\Roaming\MiKTeX\2.9\tex/generic/pgf/libraries/decoration
s\pgflibrarydecorations.markings.code.tex))
(C:\Users\ibrr9\AppData\Roaming\MiKTeX\2.9\tex/generic/pgf/frontendlayer/tikz/l
ibraries\tikzlibraryshapes.code.tex
File: tikzlibraryshapes.code.tex 2023-01-15 v3.1.10 (3.1.10)

(C:\Users\ibrr9\AppData\Roaming\MiKTeX\2.9\tex/generic/pgf/frontendlayer/tikz/l
ibraries\tikzlibraryshapes.geometric.code.tex
File: tikzlibraryshapes.geometric.code.tex 2023-01-15 v3.1.10 (3.1.10)

(C:\Users\ibrr9\AppData\Roaming\MiKTeX\2.9\tex/generic/pgf/libraries/shapes\pgf
libraryshapes.geometric.code.tex
File: pgflibraryshapes.geometric.code.tex 2023-01-15 v3.1.10 (3.1.10)
))
(C:\Users\ibrr9\AppData\Roaming\MiKTeX\2.9\tex/generic/pgf/frontendlayer/tikz/l
ibraries\tikzlibraryshapes.misc.code.tex
File: tikzlibraryshapes.misc.code.tex 2023-01-15 v3.1.10 (3.1.10)

(C:\Users\ibrr9\AppData\Roaming\MiKTeX\2.9\tex/generic/pgf/libraries/shapes\pgf
libraryshapes.misc.code.tex
File: pgflibraryshapes.misc.code.tex 2023-01-15 v3.1.10 (3.1.10)
))
(C:\Users\ibrr9\AppData\Roaming\MiKTeX\2.9\tex/generic/pgf/frontendlayer/tikz/l
ibraries\tikzlibraryshapes.symbols.code.tex
File: tikzlibraryshapes.symbols.code.tex 2023-01-15 v3.1.10 (3.1.10)

(C:\Users\ibrr9\AppData\Roaming\MiKTeX\2.9\tex/generic/pgf/libraries/shapes\pgf
libraryshapes.symbols.code.tex
File: pgflibraryshapes.symbols.code.tex 2023-01-15 v3.1.10 (3.1.10)
))
(C:\Users\ibrr9\AppData\Roaming\MiKTeX\2.9\tex/generic/pgf/frontendlayer/tikz/l
ibraries\tikzlibraryshapes.arrows.code.tex
File: tikzlibraryshapes.arrows.code.tex 2023-01-15 v3.1.10 (3.1.10)

(C:\Users\ibrr9\AppData\Roaming\MiKTeX\2.9\tex/generic/pgf/libraries/shapes\pgf
libraryshapes.arrows.code.tex
File: pgflibraryshapes.arrows.code.tex 2023-01-15 v3.1.10 (3.1.10)
))
(C:\Users\ibrr9\AppData\Roaming\MiKTeX\2.9\tex/generic/pgf/frontendlayer/tikz/l
ibraries\tikzlibraryshapes.callouts.code.tex
(C:\Users\ibrr9\AppData\Roaming\MiKTeX\2.9\tex/generic/pgf/libraries/shapes\pgf
libraryshapes.callouts.code.tex))
(C:\Users\ibrr9\AppData\Roaming\MiKTeX\2.9\tex/generic/pgf/frontendlayer/tikz/l
ibraries\tikzlibraryshapes.multipart.code.tex
File: tikzlibraryshapes.multipart.code.tex 2023-01-15 v3.1.10 (3.1.10)

(C:\Users\ibrr9\AppData\Roaming\MiKTeX\2.9\tex/generic/pgf/libraries/shapes\pgf
libraryshapes.multipart.code.tex
File: pgflibraryshapes.multipart.code.tex 2023-01-15 v3.1.10 (3.1.10)
\pgfnodepartlowerbox=\box125
\pgfnodeparttwobox=\box126
\pgfnodepartthreebox=\box127
\pgfnodepartfourbox=\box128
\pgfnodeparttwentybox=\box129
\pgfnodepartnineteenbox=\box130
\pgfnodeparteighteenbox=\box131
\pgfnodepartseventeenbox=\box132
\pgfnodepartsixteenbox=\box133
\pgfnodepartfifteenbox=\box134
\pgfnodepartfourteenbox=\box135
\pgfnodepartthirteenbox=\box136
\pgfnodeparttwelvebox=\box137
\pgfnodepartelevenbox=\box138
\pgfnodeparttenbox=\box139
\pgfnodepartninebox=\box140
\pgfnodeparteightbox=\box141
\pgfnodepartsevenbox=\box142
\pgfnodepartsixbox=\box143
\pgfnodepartfivebox=\box144
)))
(C:\Users\ibrr9\AppData\Roaming\MiKTeX\2.9\tex/generic/pgf/frontendlayer/tikz/l
ibraries\tikzlibraryarrows.code.tex
File: tikzlibraryarrows.code.tex 2023-01-15 v3.1.10 (3.1.10)

(C:\Users\ibrr9\AppData\Roaming\MiKTeX\2.9\tex/generic/pgf/libraries\pgflibrary
arrows.code.tex
File: pgflibraryarrows.code.tex 2023-01-15 v3.1.10 (3.1.10)
\arrowsize=\dimen313
))
(C:\Users\ibrr9\AppData\Roaming\MiKTeX\2.9\tex/generic/pgf/frontendlayer/tikz/l
ibraries\tikzlibrarymindmap.code.tex
File: tikzlibrarymindmap.code.tex 2023-01-15 v3.1.10 (3.1.10)

(C:\Users\ibrr9\AppData\Roaming\MiKTeX\2.9\tex/generic/pgf/frontendlayer/tikz/l
ibraries\tikzlibrarytrees.code.tex
File: tikzlibrarytrees.code.tex 2023-01-15 v3.1.10 (3.1.10)
))
(C:\Users\ibrr9\AppData\Roaming\MiKTeX\2.9\tex/generic/pgf/frontendlayer/tikz/l
ibraries\tikzlibraryfadings.code.tex
File: tikzlibraryfadings.code.tex 2023-01-15 v3.1.10 (3.1.10)

(C:\Users\ibrr9\AppData\Roaming\MiKTeX\2.9\tex/generic/pgf/libraries\pgflibrary
fadings.code.tex
File: pgflibraryfadings.code.tex 2023-01-15 v3.1.10 (3.1.10)
))
(C:\Users\ibrr9\AppData\Roaming\MiKTeX\2.9\tex/latex/titlesec\titlesec.sty
Package: titlesec 2023/10/27 v2.16 Sectioning titles
\ttl@box=\box145
\beforetitleunit=\skip91
\aftertitleunit=\skip92
\ttl@plus=\dimen314
\ttl@minus=\dimen315
\ttl@toksa=\toks49
\titlewidth=\dimen316
\titlewidthlast=\dimen317
\titlewidthfirst=\dimen318
)
(C:\Users\ibrr9\AppData\Roaming\MiKTeX\2.9\tex/latex/caption\caption.sty
Package: caption 2023/03/12 v3.6j Customizing captions (AR)

(C:\Users\ibrr9\AppData\Roaming\MiKTeX\2.9\tex/latex/caption\caption3.sty
Package: caption3 2023/03/12 v2.4 caption3 kernel (AR)
\caption@tempdima=\dimen319
\captionmargin=\dimen320
\caption@leftmargin=\dimen321
\caption@rightmargin=\dimen322
\caption@width=\dimen323
\caption@indent=\dimen324
\caption@parindent=\dimen325
\caption@hangindent=\dimen326
Package caption Info: Standard document class detected.
)
\c@caption@flags=\count347
\c@continuedfloat=\count348
Package caption Info: float package is loaded.
Package caption Info: hyperref package is loaded.
Package caption Info: listings package is loaded.
Package caption Info: longtable package is loaded.

(C:\Users\ibrr9\AppData\Roaming\MiKTeX\2.9\tex/latex/caption\ltcaption.sty
Package: ltcaption 2021/01/08 v1.4c longtable captions (AR)
)))
(C:\Users\ibrr9\AppData\Roaming\MiKTeX\2.9\tex/latex/geometry\geometry.sty
Package: geometry 2020/01/02 v5.9 Page Geometry

(C:\Users\ibrr9\AppData\Roaming\MiKTeX\2.9\tex/generic/iftex\ifvtex.sty
Package: ifvtex 2019/10/25 v1.7 ifvtex legacy package. Use iftex instead.
)
\Gm@cnth=\count349
\Gm@cntv=\count350
\c@Gm@tempcnt=\count351
\Gm@bindingoffset=\dimen327
\Gm@wd@mp=\dimen328
\Gm@odd@mp=\dimen329
\Gm@even@mp=\dimen330
\Gm@layoutwidth=\dimen331
\Gm@layoutheight=\dimen332
\Gm@layouthoffset=\dimen333
\Gm@layoutvoffset=\dimen334
\Gm@dimlist=\toks50

(C:\Users\ibrr9\AppData\Roaming\MiKTeX\2.9\tex/latex/geometry\geometry.cfg))
(C:\Users\ibrr9\AppData\Roaming\MiKTeX\2.9\tex/latex/apacite\apacite.sty
Package: apacite 2013/07/21 v6.03 APA citation
\c@BibCnt=\count352
\bibleftmargin=\skip93
\bibindent=\skip94
\bibparsep=\skip95
\bibitemsep=\skip96
\biblabelsep=\skip97
)
LaTeX Font Info:    Trying to load font information for T1+phv on input line 13
.

(C:\Users\ibrr9\AppData\Roaming\MiKTeX\2.9\tex/latex/psnfss\t1phv.fd
File: t1phv.fd 2020/03/25 scalable font definitions for T1/phv.
)
(C:\Users\ibrr9\AppData\Roaming\MiKTeX\2.9\tex/latex/l3backend\l3backend-pdftex
.def
File: l3backend-pdftex.def 2023-04-19 L3 backend support: PDF output (pdfTeX)
\l__color_backend_stack_int=\count353
\l__pdf_internal_box=\box146
) (IsraelMonjaraz-cap3-proy1.aux
LaTeX Info: Redefining \. on input line 22.
LaTeX Info: Redefining \% on input line 22.
)
\openout1 = `IsraelMonjaraz-cap3-proy1.aux'.

LaTeX Font Info:    Checking defaults for OML/cmm/m/it on input line 13.
LaTeX Font Info:    ... okay on input line 13.
LaTeX Font Info:    Checking defaults for OMS/cmsy/m/n on input line 13.
LaTeX Font Info:    ... okay on input line 13.
LaTeX Font Info:    Checking defaults for OT1/cmr/m/n on input line 13.
LaTeX Font Info:    ... okay on input line 13.
LaTeX Font Info:    Checking defaults for T1/cmr/m/n on input line 13.
LaTeX Font Info:    ... okay on input line 13.
LaTeX Font Info:    Checking defaults for TS1/cmr/m/n on input line 13.
LaTeX Font Info:    ... okay on input line 13.
LaTeX Font Info:    Checking defaults for OMX/cmex/m/n on input line 13.
LaTeX Font Info:    ... okay on input line 13.
LaTeX Font Info:    Checking defaults for U/cmr/m/n on input line 13.
LaTeX Font Info:    ... okay on input line 13.
LaTeX Font Info:    Checking defaults for PD1/pdf/m/n on input line 13.
LaTeX Font Info:    ... okay on input line 13.
LaTeX Font Info:    Checking defaults for PU/pdf/m/n on input line 13.
LaTeX Font Info:    ... okay on input line 13.
LaTeX Info: Redefining \. on input line 13.
LaTeX Info: Redefining \% on input line 13.

(C:\Users\ibrr9\AppData\Roaming\MiKTeX\2.9\tex/context/base/mkii\supp-pdf.mkii
[Loading MPS to PDF converter (version 2006.09.02).]
\scratchcounter=\count354
\scratchdimen=\dimen335
\scratchbox=\box147
\nofMPsegments=\count355
\nofMParguments=\count356
\everyMPshowfont=\toks51
\MPscratchCnt=\count357
\MPscratchDim=\dimen336
\MPnumerator=\count358
\makeMPintoPDFobject=\count359
\everyMPtoPDFconversion=\toks52
)
(C:\Users\ibrr9\AppData\Roaming\MiKTeX\2.9\tex/latex/epstopdf-pkg\epstopdf-base
.sty
Package: epstopdf-base 2020-01-24 v2.11 Base part for package epstopdf
Package epstopdf-base Info: Redefining graphics rule for `.eps' on input line 4
85.

(C:\Users\ibrr9\AppData\Roaming\MiKTeX\2.9\tex/latex/00miktex\epstopdf-sys.cfg
File: epstopdf-sys.cfg 2021/03/18 v2.0 Configuration of epstopdf for MiKTeX
))
Couldn't patch \ttl@straight@ii
Couldn't patch \ttl@straight@ii
(C:\Users\ibrr9\AppData\Roaming\MiKTeX\2.9\tex/latex/pdflscape\pdflscape.sty
Package: pdflscape 2022-10-27 v0.13 Display of landscape pages in PDF

(C:\Users\ibrr9\AppData\Roaming\MiKTeX\2.9\tex/latex/pdflscape\pdflscape-nometa
data.sty
Package: pdflscape-nometadata 2022-10-28 v0.13 Display of landscape pages in PD
F (HO)
Package pdflscape Info: Auto-detected driver: pdftex on input line 81.
))
Package hyperref Info: Link coloring OFF on input line 13.
 (IsraelMonjaraz-cap3-proy1.out) (IsraelMonjaraz-cap3-proy1.out)
\@outlinefile=\write4
\openout4 = `IsraelMonjaraz-cap3-proy1.out'.

\c@lstlisting=\count360
Package caption Info: Begin \AtBeginDocument code.
Package caption Info: End \AtBeginDocument code.

*geometry* driver: auto-detecting
*geometry* detected driver: pdftex
*geometry* verbose mode - [ preamble ] result:
* driver: pdftex
* paper: a4paper
* layout: <same size as paper>
* layoutoffset:(h,v)=(0.0pt,0.0pt)
* modes: 
* h-part:(L,W,R)=(85.35826pt, 441.01773pt, 71.13188pt)
* v-part:(T,H,B)=(71.13188pt, 702.78308pt, 71.13188pt)
* \paperwidth=597.50787pt
* \paperheight=845.04684pt
* \textwidth=441.01773pt
* \textheight=702.78308pt
* \oddsidemargin=13.08827pt
* \evensidemargin=13.08827pt
* \topmargin=-38.1381pt
* \headheight=12.0pt
* \headsep=25.0pt
* \topskip=11.0pt
* \footskip=30.0pt
* \marginparwidth=50.0pt
* \marginparsep=10.0pt
* \columnsep=10.0pt
* \skip\footins=10.0pt plus 4.0pt minus 2.0pt
* \hoffset=0.0pt
* \voffset=0.0pt
* \mag=1000
* \@twocolumnfalse
* \@twosidefalse
* \@mparswitchfalse
* \@reversemarginfalse
* (1in=72.27pt=25.4mm, 1cm=28.453pt)

\c@maskedRefs=\count361
(C:\Users\ibrr9\AppData\Roaming\MiKTeX\2.9\tex/latex/apacite\spanish.apc
File: spanish.apc 2013/07/21 v6.03 apacite language file
LaTeX Info: Redefining \BPBI on input line 138.
LaTeX Info: Redefining \BHBI on input line 139.
)
<portada.pdf, id=219, 597.50829pt x 845.0471pt>
File: portada.pdf Graphic file (type pdf)
<use portada.pdf>
Package pdftex.def Info: portada.pdf  used on input line 36.
(pdftex.def)             Requested size: 597.50682pt x 845.04504pt.
File: portada.pdf Graphic file (type pdf)
<use portada.pdf>
Package pdftex.def Info: portada.pdf  used on input line 36.
(pdftex.def)             Requested size: 597.50682pt x 845.04504pt.
<portada.pdf, id=222, page=1, 597.50829pt x 845.0471pt>
File: portada.pdf Graphic file (type pdf)
<use portada.pdf, page 1>
Package pdftex.def Info: portada.pdf , page1 used on input line 36.
(pdftex.def)             Requested size: 597.50682pt x 845.04504pt.
File: portada.pdf Graphic file (type pdf)
<use portada.pdf, page 1>
Package pdftex.def Info: portada.pdf , page1 used on input line 36.
(pdftex.def)             Requested size: 597.53416pt x 845.08372pt.
File: portada.pdf Graphic file (type pdf)
<use portada.pdf, page 1>
Package pdftex.def Info: portada.pdf , page1 used on input line 36.
(pdftex.def)             Requested size: 597.53416pt x 845.08372pt.
File: portada.pdf Graphic file (type pdf)
<use portada.pdf, page 1>
Package pdftex.def Info: portada.pdf , page1 used on input line 36.
(pdftex.def)             Requested size: 597.53416pt x 845.08372pt.
File: portada.pdf Graphic file (type pdf)
<use portada.pdf, page 1>
Package pdftex.def Info: portada.pdf , page1 used on input line 36.
(pdftex.def)             Requested size: 597.53416pt x 845.08372pt.

[1


 <./portada.pdf{C:/Users/ibrr9/AppData/Local/MiKTeX/2.9/fonts/map/pdftex/pdftex
.map}>] (IsraelMonjaraz-cap3-proy1.toc
LaTeX Info: Redefining \. on input line 1.
LaTeX Info: Redefining \% on input line 1.
LaTeX Font Info:    Trying to load font information for OT1+lmr on input line 5
.

(C:\Users\ibrr9\AppData\Roaming\MiKTeX\2.9\tex/latex/lm\ot1lmr.fd
File: ot1lmr.fd 2015/05/01 v1.6.1 Font defs for Latin Modern
)
LaTeX Font Info:    Trying to load font information for OML+lmm on input line 5
.

(C:\Users\ibrr9\AppData\Roaming\MiKTeX\2.9\tex/latex/lm\omllmm.fd
File: omllmm.fd 2015/05/01 v1.6.1 Font defs for Latin Modern
)
LaTeX Font Info:    Trying to load font information for OMS+lmsy on input line 
5.

(C:\Users\ibrr9\AppData\Roaming\MiKTeX\2.9\tex/latex/lm\omslmsy.fd
File: omslmsy.fd 2015/05/01 v1.6.1 Font defs for Latin Modern
)
LaTeX Font Info:    Trying to load font information for OMX+lmex on input line 
5.

(C:\Users\ibrr9\AppData\Roaming\MiKTeX\2.9\tex/latex/lm\omxlmex.fd
File: omxlmex.fd 2015/05/01 v1.6.1 Font defs for Latin Modern
)
LaTeX Font Info:    External font `lmex10' loaded for size
(Font)              <10.95> on input line 5.
LaTeX Font Info:    External font `lmex10' loaded for size
(Font)              <8> on input line 5.
LaTeX Font Info:    External font `lmex10' loaded for size
(Font)              <6> on input line 5.
LaTeX Font Info:    Trying to load font information for U+msa on input line 5.

(C:\Users\ibrr9\AppData\Roaming\MiKTeX\2.9\tex/latex/amsfonts\umsa.fd
File: umsa.fd 2013/01/14 v3.01 AMS symbols A
)
LaTeX Font Info:    Trying to load font information for U+msb on input line 5.

(C:\Users\ibrr9\AppData\Roaming\MiKTeX\2.9\tex/latex/amsfonts\umsb.fd
File: umsb.fd 2013/01/14 v3.01 AMS symbols B
) [2

{C:/Users/ibrr9/AppData/Roaming/MiKTeX/2.9/fonts/enc/dvips/base/8r.enc}])
\tf@toc=\write5
\openout5 = `IsraelMonjaraz-cap3-proy1.toc'.

 [3]
(IsraelMonjaraz-cap3-proy1.lot
LaTeX Info: Redefining \. on input line 1.
LaTeX Info: Redefining \% on input line 1.
)
\tf@lot=\write6
\openout6 = `IsraelMonjaraz-cap3-proy1.lot'.

 [4

] (IsraelMonjaraz-cap3-proy1.lof
LaTeX Info: Redefining \. on input line 1.
LaTeX Info: Redefining \% on input line 1.
)
\tf@lof=\write7
\openout7 = `IsraelMonjaraz-cap3-proy1.lof'.

 (cap3.tex
[5

{C:/Users/ibrr9/AppData/Roaming/MiKTeX/2.9/fonts/enc/dvips/lm/lm-mathit.enc}{C:
/Users/ibrr9/AppData/Roaming/MiKTeX/2.9/fonts/enc/dvips/lm/lm-rm.enc}]
<figures/design-enfria2.jpg, id=385, 443.40656pt x 261.22594pt>
File: figures/design-enfria2.jpg Graphic file (type jpg)
<use figures/design-enfria2.jpg>
Package pdftex.def Info: figures/design-enfria2.jpg  used on input line 20.
(pdftex.def)             Requested size: 441.01773pt x 259.83417pt.

pdfTeX warning (ext4): destination with the same identifier (name{page.1}) has 
been already used, duplicate ignored
<to be read again> 
                   \relax 
l.25 \end{titlepage}
                     [1 <./figures/design-enfria2.jpg>]

Package hyperref Warning: The anchor of a bookmark and its parent's must not
(hyperref)                be the same. Added a new anchor on input line 32.


Underfull \hbox (badness 1675) in paragraph at lines 34--45
\T1/phv/m/n/10.95 Posteriormente, se proporciona un bosquejo general del proyec
to y su listado de
 []


pdfTeX warning (ext4): destination with the same identifier (name{page.1}) has 
been already used, duplicate ignored
<to be read again> 
                   \relax 
l.45 ...estructuracin de la necesidad detectada}
                                                  \rsp [1]
pdfTeX warning (ext4): destination with the same identifier (name{page.2}) has 
been already used, duplicate ignored
<to be read again> 
                   \relax 
l.57 \item
           Infraestructura: Falta de equipos frigorficos adecuados y mante...
[2]
Underfull \hbox (badness 10000) in paragraph at lines 64--65

 []

LaTeX Font Info:    Font shape `T1/phv/m/it' in size <10.95> not available
(Font)              Font shape `T1/phv/m/sl' tried instead on input line 67.
LaTeX Font Info:    Trying to load font information for TS1+phv on input line 9
0.
(C:\Users\ibrr9\AppData\Roaming\MiKTeX\2.9\tex/latex/psnfss\ts1phv.fd
File: ts1phv.fd 2020/03/25 scalable font definitions for TS1/phv.
)
pdfTeX warning (ext4): destination with the same identifier (name{page.3}) has 
been already used, duplicate ignored
<to be read again> 
                   \relax 
l.99 \end{table}
                 [3]
<figures/lispro-insul.png, id=430, 207.02344pt x 207.02344pt>
File: figures/lispro-insul.png Graphic file (type png)
<use figures/lispro-insul.png>
Package pdftex.def Info: figures/lispro-insul.png  used on input line 104.
(pdftex.def)             Requested size: 121.09402pt x 121.09715pt.
<figures/lantus-insul.png, id=434, 376.40625pt x 376.40625pt>
File: figures/lantus-insul.png Graphic file (type png)
<use figures/lantus-insul.png>
Package pdftex.def Info: figures/lantus-insul.png  used on input line 109.
(pdftex.def)             Requested size: 121.09402pt x 121.09572pt.

pdfTeX warning (ext4): destination with the same identifier (name{page.4}) has 
been already used, duplicate ignored
<to be read again> 
                   \relax 
l.124 	\item \textit
                    {Qu condiciones ambientales se requieren?}\\ [4{C:/User
s/ibrr9/AppData/Roaming/MiKTeX/2.9/fonts/enc/dvips/lm/lm-mathsy.enc} <./figures
/lispro-insul.png> <./figures/lantus-insul.png>]
Underfull \hbox (badness 10000) in paragraph at lines 167--169
\T1/phv/m/n/10.95 en peligro todos los ecosistemas,
 []


Underfull \hbox (badness 7685) in paragraph at lines 173--174
[]\T1/phv/m/n/10.95 Zona urbana: mayor parte del
 []


Underfull \hbox (badness 3884) in paragraph at lines 174--175
\T1/phv/m/n/10.95 frijol, avena, nopal, hortalizas y
 []


pdfTeX warning (ext4): destination with the same identifier (name{page.5}) has 
been already used, duplicate ignored
<to be read again> 
                   \relax 
l.186 		\item A
               lmacenar: Mantener la insulina a la temperatura adecuada (2$^...
[5]
Underfull \hbox (badness 1082) in paragraph at lines 187--188
[]\T1/phv/m/n/10.95 Conservar: Proteger la insulina de condiciones ambientales 
adversas que
 []


Underfull \hbox (badness 1590) in paragraph at lines 188--189
\T1/phv/m/n/10.95 aceptables, se adjuntar un sensor de temperatura para que cu
ando la
 []


LaTeX Warning: Reference `ciclo-ref' on page 6 undefined on input line 193.

[6]
<figures/ciclo-ref.png, id=478, 444.91219pt x 354.57469pt>
File: figures/ciclo-ref.png Graphic file (type png)
<use figures/ciclo-ref.png>
Package pdftex.def Info: figures/ciclo-ref.png  used on input line 208.
(pdftex.def)             Requested size: 220.50887pt x 175.73413pt.

Underfull \hbox (badness 1072) in paragraph at lines 218--220
\T1/phv/m/n/10.95 un sistema de refrigeracin destinado a la preservacin de la
 insulina. Estas
 []

[7 <./figures/ciclo-ref.png>]
Underfull \hbox (badness 2126) in paragraph at lines 239--243
\T1/phv/m/n/10.95 Adems, mejorar la eficiencia energtica en sistemas de refri
geracin es crucial,
 []


Underfull \hbox (badness 2005) in paragraph at lines 239--243
\T1/phv/m/n/10.95 especialmente considerando que los sistemas HVAC&R son notori
amente grandes
 []

[8] [9]

Package hyperref Warning: The anchor of a bookmark and its parent's must not
(hyperref)                be the same. Added a new anchor on input line 264.

[10]
Overfull \hbox (2.91899pt too wide) detected at line 289
[]
 []

[11]
<figures/cargas-ter.png, id=555, 639.89063pt x 464.4853pt>
File: figures/cargas-ter.png Graphic file (type png)
<use figures/cargas-ter.png>
Package pdftex.def Info: figures/cargas-ter.png  used on input line 342.
(pdftex.def)             Requested size: 202.87111pt x 147.26337pt.
 [12 <./figures/cargas-ter.png>] [13]
Underfull \hbox (badness 1348) in paragraph at lines 404--405
\T1/phv/m/n/10.95 Las formulas descritas se tomaron de [][]Bruno[], []2024[]; [
]Carrier[], []1980[]; []Sistemas
 []

<figures/edodis.png, id=587, 352.31625pt x 300.3722pt>
File: figures/edodis.png Graphic file (type png)
<use figures/edodis.png>
Package pdftex.def Info: figures/edodis.png  used on input line 413.
(pdftex.def)             Requested size: 132.30666pt x 112.7997pt.

Underfull \hbox (badness 1077) in paragraph at lines 407--416
[]\T1/phv/m/n/10.95 El reglamento de ecodiseo se aplica a una amplia gama de e
quipos, incluyendo
 []


Overfull \hbox (9.9028pt too wide) in paragraph at lines 420--440
 [] 
 []

[14 <./figures/edodis.png>] [15]
Underfull \hbox (badness 1097) in paragraph at lines 498--499
[]\T1/phv/b/n/10.95 Diseo conceptual y distribucin de equipos\T1/phv/m/n/10.9
5 : Con base en los clculos y
 []


Underfull \hbox (badness 3746) in paragraph at lines 500--501
[]\T1/phv/b/n/10.95 Consideraciones adicionales\T1/phv/m/n/10.95 : Se tendrn e
n cuenta otras consideraciones
 []


Underfull \hbox (badness 1320) in paragraph at lines 500--501
\T1/phv/m/n/10.95 importantes, como la instalacin de sistemas de monitoreo de 
temperatura y
 []


Underfull \hbox (badness 1735) in paragraph at lines 503--513
\T1/phv/m/n/10.95 a almacenar, as como indicar donde se colocaran las puertas 
y ventanas, para
 []

[16]
<figures/paredes-refri.png, id=620, 519.9425pt x 497.86pt>
File: figures/paredes-refri.png Graphic file (type png)
<use figures/paredes-refri.png>
Package pdftex.def Info: figures/paredes-refri.png  used on input line 529.
(pdftex.def)             Requested size: 198.45662pt x 190.0244pt.
 [17{C:/Users/ibrr9/AppData/Roaming/MiKTeX/2.9/fonts/enc/dvips/lm/lm-mathex.enc
}]

LaTeX Warning: Command \' invalid in math mode on input line 545.

[18 <./figures/paredes-refri.png>]
Overfull \hbox (44.84091pt too wide) in paragraph at lines 585--606
 [] 
 []

[19]
Underfull \hbox (badness 1515) in paragraph at lines 631--633
[]\T1/phv/m/n/10.95 En [][]Velazquez[], []2020[] se mencionan otras cargas que 
se podran considerar como
 []


Package hyperref Warning: The anchor of a bookmark and its parent's must not
(hyperref)                be the same. Added a new anchor on input line 641.

[20]
<figures/evap-func.png, id=676, 331.2375pt x 289.08pt>
File: figures/evap-func.png Graphic file (type png)
<use figures/evap-func.png>
Package pdftex.def Info: figures/evap-func.png  used on input line 654.
(pdftex.def)             Requested size: 220.50887pt x 192.4431pt.
<figures/evap-cad1.png, id=677, 758.835pt x 436.63126pt>
File: figures/evap-cad1.png Graphic file (type png)
<use figures/evap-cad1.png>
Package pdftex.def Info: figures/evap-cad1.png  used on input line 660.
(pdftex.def)             Requested size: 254.02798pt x 146.16743pt.
<figures/evap-cad2.png, id=678, 842.39719pt x 564.60938pt>
File: figures/evap-cad2.png Graphic file (type png)
<use figures/evap-cad2.png>
Package pdftex.def Info: figures/evap-cad2.png  used on input line 660.
(pdftex.def)             Requested size: 220.50887pt x 147.79434pt.

Overfull \hbox (33.51912pt too wide) in paragraph at lines 660--661
 [][][] 
 []

[21 <./figures/evap-func.png> <./figures/evap-cad1.png> <./figures/evap-cad2.pn
g>] [22] [23] [24] [25] [26]
<figures/ref-comp.png, id=750, 1131.22626pt x 701.62125pt>
File: figures/ref-comp.png Graphic file (type png)
<use figures/ref-comp.png>
Package pdftex.def Info: figures/ref-comp.png  used on input line 890.
(pdftex.def)             Requested size: 308.71106pt x 191.46367pt.

Underfull \hbox (badness 1102) in paragraph at lines 895--897
\T1/phv/m/n/10.95 suministrar agua fra a 5\TS1/phv/m/n/10.95 \T1/phv/m/n/10.9
5 C o aire acondicionado a 13\TS1/phv/m/n/10.95 \T1/phv/m/n/10.95 C, debido a 
su efectividad
 []

[27 <./figures/ref-comp.png>]

LaTeX Warning: Command \' invalid in math mode on input line 906.


Underfull \hbox (badness 1565) in paragraph at lines 917--917
|[]\T1/phv/b/n/12 Lineamientos de regulacin del sistema artefactual (Normativa
s y
 []


Underfull \hbox (badness 10000) in paragraph at lines 922--923
[]\T1/phv/m/n/10.95 NOM-12-ENER-2019, Eficiencia energtica de unidades condens
adoras y
 []

[28]

LaTeX Warning: Hyper reference `sec:contexto-normativo' on page 29 undefined on
 input line 930.


Underfull \hbox (badness 6001) in paragraph at lines 942--943
[]\T1/phv/m/n/10.95 Adems de cumplir con los requisitos normativos, se sugiere
n las siguientes
 []

[29]
Underfull \hbox (badness 1137) in paragraph at lines 977--978
\T1/phv/m/n/10.95 como puertas o paneles desmontables, asegurndose de que est
n ubicados
 []

[30]
<figures/design-cooler2.png, id=791, 222.8325pt x 213.04594pt>
File: figures/design-cooler2.png Graphic file (type png)
<use figures/design-cooler2.png>
Package pdftex.def Info: figures/design-cooler2.png  used on input line 988.
(pdftex.def)             Requested size: 264.61333pt x 253.01093pt.
<figures/design-latder.png, id=792, 236.5638pt x 186.4566pt>
File: figures/design-latder.png Graphic file (type png)
<use figures/design-latder.png>
Package pdftex.def Info: figures/design-latder.png  used on input line 994.
(pdftex.def)             Requested size: 264.61333pt x 208.56537pt.
 [31 <./figures/design-cooler2.png>]

Package hyperref Warning: The anchor of a bookmark and its parent's must not
(hyperref)                be the same. Added a new anchor on input line 1015.

[32 <./figures/design-latder.png>] [33]
Overfull \hbox (22.34027pt too wide) in paragraph at lines 1113--1113
 [][]\T1/phv/m/n/10 Medicamentos 
 []


Overfull \hbox (12.66675pt too wide) in paragraph at lines 1113--1113
 [][]\T1/phv/m/n/10 Controlar 
 []


Overfull \hbox (9.89687pt too wide) in paragraph at lines 1113--1113
 \T1/phv/m/n/10 prdidas 
 []


Overfull \hbox (30.25655pt too wide) in paragraph at lines 1113--1113
 \T1/phv/m/n/10 temperaturas 
 []


Overfull \hbox (22.34027pt too wide) in paragraph at lines 1113--1113
 \T1/phv/m/n/10 medicamentos 
 []


Overfull \hbox (14.90674pt too wide) in paragraph at lines 1113--1113
 [][]\T1/phv/m/n/10 Inocuidad 
 []


Overfull \hbox (3.027pt too wide) in paragraph at lines 1113--1113
 \T1/phv/m/n/10 pblica 
 []


Overfull \hbox (3.22694pt too wide) in paragraph at lines 1113--1113
 \T1/phv/m/n/10 calidad 
 []


Overfull \hbox (4.4002pt too wide) in paragraph at lines 1113--1113
 \T1/phv/m/n/10 mortalidad 
 []


Overfull \hbox (28.59665pt too wide) in paragraph at lines 1113--1113
 [][]\T1/phv/m/n/10 Tratamientos 
 []


Overfull \hbox (7.11696pt too wide) in paragraph at lines 1113--1113
 \T1/phv/m/n/10 seguros 
 []


Overfull \hbox (3.77686pt too wide) in paragraph at lines 1113--1113
 [][]\T1/phv/m/n/10 Control 
 []


Overfull \hbox (26.3767pt too wide) in paragraph at lines 1113--1113
 \T1/phv/m/n/10 degradacin 
 []


Overfull \hbox (5.44691pt too wide) in paragraph at lines 1113--1113
 \T1/phv/m/n/10 insulina 
 []

[34] [35]
Underfull \hbox (badness 1655) in paragraph at lines 1124--1126
[]\T1/phv/m/n/10.95 Paneles laterales: elementos que funcionarn como paredes y
 contendrn la
 []

<figures/design-front.png, id=851, 100.6962pt x 173.9298pt>
File: figures/design-front.png Graphic file (type png)
<use figures/design-front.png>
Package pdftex.def Info: figures/design-front.png  used on input line 1139.
(pdftex.def)             Requested size: 137.81804pt x 238.06741pt.
<figures/design-enfria.png, id=854, 443.40656pt x 261.97874pt>
File: figures/design-enfria.png Graphic file (type png)
<use figures/design-enfria.png>
Package pdftex.def Info: figures/design-enfria.png  used on input line 1145.
(pdftex.def)             Requested size: 202.87111pt x 119.86409pt.
[36 <./figures/design-front.png>]
<figures/design-ventils.png, id=868, 566.115pt x 309.40594pt>
File: figures/design-ventils.png Graphic file (type png)
<use figures/design-ventils.png>
Package pdftex.def Info: figures/design-ventils.png  used on input line 1152.
(pdftex.def)             Requested size: 202.87111pt x 110.87616pt.

Underfull \hbox (badness 2126) in paragraph at lines 1158--1161
[]\T1/phv/m/n/10.95 En este captulo se han atacado los planteamientos bsicos 
del el diseo y la
 []


Underfull \hbox (badness 1215) in paragraph at lines 1158--1161
\T1/phv/m/n/10.95 meticulosa a diversos aspectos. Adems de los aspectos tcnic
os y logsticos, es
 []

) (glosario.tex [37 <./figures/design-enfria.png> <./figures/design-ventils.png
>] [38

]) (IsraelMonjaraz-cap3-proy1.bbl [39]
Underfull \hbox (badness 10000) in paragraph at lines 66--78
[]\T1/phv/m/n/10.95 bibliocad.  (s.f.[]).   \T1/phv/m/sl/10.95 Evaporador en 3d
. en AutoCAD | Bibliocad.
 []


Underfull \hbox (badness 2951) in paragraph at lines 116--129
\T1/phv/m/sl/10.95 7th Edition\T1/phv/m/n/10.95 .  https://www.mybooklibrary.co
m/pdf/thermodynamics-an-engineering-
 []


Underfull \hbox (badness 10000) in paragraph at lines 141--153
[]\T1/phv/m/n/10.95 Bruno.  (2024, 1).  \T1/phv/m/sl/10.95 Clculo de cargas t
rmicas de climatizacin.
 []


Underfull \hbox (badness 10000) in paragraph at lines 141--153
\T1/phv/m/n/10.95 https://www.ingenierosindustriales.com/calculo-de-cargas-term
icas-de-
 []


Underfull \hbox (badness 10000) in paragraph at lines 165--179
[]\T1/phv/m/n/10.95 Caloryfrio, M. I.  (2018, 11).  \T1/phv/m/sl/10.95 Efectos 
de los reglamentos F-gas y de
 []


Underfull \hbox (badness 5985) in paragraph at lines 165--179
\T1/phv/m/sl/10.95 ecodiseo en la fabricacin de equipos y centrales frigorfi
cas de HFC.
 []


Underfull \hbox (badness 10000) in paragraph at lines 165--179
\T1/phv/m/n/10.95 https://www.caloryfrio.com/refrigeracion-frio/efectos-reglame
ntos-f-gas-ecodiseno-
 []


Underfull \hbox (badness 3769) in paragraph at lines 286--298
[]\T1/phv/m/n/10.95 CIMA Agencia Espaola, M. Y. P. S.  (2015, 2).  \T1/phv/m/s
l/10.95 CIMA: FICHA TECNICA
 []


Underfull \hbox (badness 10000) in paragraph at lines 349--360
[]\T1/phv/m/n/10.95 De Salud, S.  (2022, 8).  \T1/phv/m/sl/10.95 Normas oficial
es mexicanas.
 []


Underfull \hbox (badness 2582) in paragraph at lines 374--388
[]\T1/phv/m/n/10.95 Dincer, I., y Kanoglu, M.  (2010).  \T1/phv/m/sl/10.95 Refr
igeration systems and applications 2e:
 []


Underfull \hbox (badness 10000) in paragraph at lines 425--438
[]\T1/phv/m/n/10.95 Farmacias San Pablo, F.  (2024).  \T1/phv/m/sl/10.95 Insuli
na humalog lispro.
 []


Underfull \hbox (badness 10000) in paragraph at lines 425--438
\T1/phv/m/n/10.95 https://www.farmaciasanpablo.com.mx/medicamentos/supervision-

 []


Underfull \hbox (badness 10000) in paragraph at lines 425--438
\T1/phv/m/n/10.95 medica/g---h---i/humalog-insulina-lispro-suspension-inyectabl
e-10-ml-frasco-
 []

[40

]
Underfull \hbox (badness 6725) in paragraph at lines 475--492
[]\T1/phv/m/n/10.95 Grupo CIAT.  (2011, diciembre).  \T1/phv/m/sl/10.95 El grup
o CIAT refuerza su compromiso
 []


Underfull \hbox (badness 1009) in paragraph at lines 475--492
\T1/phv/m/sl/10.95 medioambiental implementando el ecodiseo en sus sistemas de
 climatizacin
 []


Underfull \hbox (badness 4699) in paragraph at lines 475--492
\T1/phv/m/sl/10.95 y refrigeracin.  \T1/phv/m/n/10.95 https://www.construible.
es/2011/12/20/el-grupo-ciat-refuerza-su-
 []


Underfull \hbox (badness 6691) in paragraph at lines 540--552
[]\T1/phv/m/n/10.95 Hogartecnocasa.  (2016, 12).  \T1/phv/m/sl/10.95 Diseo mod
erno y flexible en refrigeracin.
 []


Underfull \hbox (badness 10000) in paragraph at lines 540--552
\T1/phv/m/n/10.95 https://hogartecnocasa.wordpress.com/2016/12/24/diseno-modern
o-flexible-en-
 []


Underfull \hbox (badness 10000) in paragraph at lines 564--576
[]\T1/phv/m/n/10.95 HVAC.  (2016, 5).  \T1/phv/m/sl/10.95 Criterios de selecci
n para centrales frigorficas.
 []


Underfull \hbox (badness 10000) in paragraph at lines 564--576
\T1/phv/m/n/10.95 https://www.mundohvacr.com/2012/05/criterios-de-seleccion-par
a-centrales-
 []


Underfull \hbox (badness 10000) in paragraph at lines 613--624
[]\T1/phv/m/n/10.95 Intarcon.  (s.f.[]).  \T1/phv/m/sl/10.95 TECFRINOR - Calcul
adora frigorfica.
 []


Underfull \hbox (badness 10000) in paragraph at lines 636--648
\T1/phv/m/n/10.95 https://www.intarcon.com/ecodiseno-unidades-condensadoras-y-e
nfriadoras-de-
 []


Underfull \hbox (badness 10000) in paragraph at lines 774--787
[]\T1/phv/m/n/10.95 Marrelli, S.  (2011).  \T1/phv/m/sl/10.95 Educacin tecnol
gica: necesidades.
 []

[41]
Underfull \hbox (badness 2980) in paragraph at lines 937--948
[]\T1/phv/m/n/10.95 Theoms.  (2023, 6).  \T1/phv/m/sl/10.95 Un poco de teora: 
Etapas del Ciclo de Refrigeracin.
 []

) (anexos.tex [42]

Package hyperref Warning: The anchor of a bookmark and its parent's must not
(hyperref)                be the same. Added a new anchor on input line 7.

<bohn-perecederos.pdf, id=916, 608.2725pt x 790.955pt>
File: bohn-perecederos.pdf Graphic file (type pdf)
<use bohn-perecederos.pdf>
Package pdftex.def Info: bohn-perecederos.pdf  used on input line 11.
(pdftex.def)             Requested size: 608.27103pt x 790.95308pt.
File: bohn-perecederos.pdf Graphic file (type pdf)
<use bohn-perecederos.pdf>
Package pdftex.def Info: bohn-perecederos.pdf  used on input line 11.
(pdftex.def)             Requested size: 608.27103pt x 790.95308pt.
<bohn-perecederos.pdf, id=919, page=1, 608.2725pt x 790.955pt>
File: bohn-perecederos.pdf Graphic file (type pdf)
<use bohn-perecederos.pdf, page 1>
Package pdftex.def Info: bohn-perecederos.pdf , page1 used on input line 11.
(pdftex.def)             Requested size: 608.27103pt x 790.95308pt.
File: bohn-perecederos.pdf Graphic file (type pdf)
<use bohn-perecederos.pdf, page 1>
Package pdftex.def Info: bohn-perecederos.pdf , page1 used on input line 11.
(pdftex.def)             Requested size: 486.61867pt x 632.76486pt.
File: bohn-perecederos.pdf Graphic file (type pdf)
<use bohn-perecederos.pdf, page 1>
Package pdftex.def Info: bohn-perecederos.pdf , page1 used on input line 11.
(pdftex.def)             Requested size: 486.61867pt x 632.76486pt.
File: bohn-perecederos.pdf Graphic file (type pdf)
<use bohn-perecederos.pdf, page 1>
Package pdftex.def Info: bohn-perecederos.pdf , page1 used on input line 11.
(pdftex.def)             Requested size: 486.61867pt x 632.76486pt.
File: bohn-perecederos.pdf Graphic file (type pdf)
<use bohn-perecederos.pdf, page 1>
Package pdftex.def Info: bohn-perecederos.pdf , page1 used on input line 15.
(pdftex.def)             Requested size: 486.61867pt x 632.76486pt.
[43


 <./bohn-perecederos.pdf>]
File: bohn-perecederos.pdf Graphic file (type pdf)
<use bohn-perecederos.pdf>
Package pdftex.def Info: bohn-perecederos.pdf  used on input line 19.
(pdftex.def)             Requested size: 608.27103pt x 790.95308pt.
File: bohn-perecederos.pdf Graphic file (type pdf)
<use bohn-perecederos.pdf>
Package pdftex.def Info: bohn-perecederos.pdf  used on input line 19.
(pdftex.def)             Requested size: 608.27103pt x 790.95308pt.
<bohn-perecederos.pdf, id=932, page=2, 608.2725pt x 790.955pt>
File: bohn-perecederos.pdf Graphic file (type pdf)
<use bohn-perecederos.pdf, page 2>
Package pdftex.def Info: bohn-perecederos.pdf , page2 used on input line 19.
(pdftex.def)             Requested size: 608.27103pt x 790.95308pt.
File: bohn-perecederos.pdf Graphic file (type pdf)
<use bohn-perecederos.pdf, page 2>
Package pdftex.def Info: bohn-perecederos.pdf , page2 used on input line 19.
(pdftex.def)             Requested size: 547.4402pt x 711.85294pt.
File: bohn-perecederos.pdf Graphic file (type pdf)
<use bohn-perecederos.pdf, page 2>
Package pdftex.def Info: bohn-perecederos.pdf , page2 used on input line 19.
(pdftex.def)             Requested size: 547.4402pt x 711.85294pt.
File: bohn-perecederos.pdf Graphic file (type pdf)
<use bohn-perecederos.pdf, page 2>
Package pdftex.def Info: bohn-perecederos.pdf , page2 used on input line 19.
(pdftex.def)             Requested size: 547.4402pt x 711.85294pt.
File: bohn-perecederos.pdf Graphic file (type pdf)
<use bohn-perecederos.pdf, page 2>
Package pdftex.def Info: bohn-perecederos.pdf , page2 used on input line 23.
(pdftex.def)             Requested size: 547.4402pt x 711.85294pt.
 [44

 <./bohn-perecederos.pdf>]
<figures/axo-design-div.png, id=937, 1138.2525pt x 759.58781pt>
File: figures/axo-design-div.png Graphic file (type png)
<use figures/axo-design-div.png>
Package pdftex.def Info: figures/axo-design-div.png  used on input line 29.
(pdftex.def)             Requested size: 264.61333pt x 176.57915pt.


pdfTeX warning: pdflatex.exe (file ./figures/planos.pdf): PDF inclusion: found 
PDF version <1.7>, but at most version <1.5> allowed
<figures/planos.pdf, id=938, 614.295pt x 794.97pt>
File: figures/planos.pdf Graphic file (type pdf)
<use figures/planos.pdf>
Package pdftex.def Info: figures/planos.pdf  used on input line 36.
(pdftex.def)             Requested size: 308.71106pt x 399.50978pt.
<figures/axo-design-cableado.png, id=939, 905.63344pt x 744.53156pt>
File: figures/axo-design-cableado.png Graphic file (type png)
<use figures/axo-design-cableado.png>
Package pdftex.def Info: figures/axo-design-cableado.png  used on input line 43
.
(pdftex.def)             Requested size: 264.61333pt x 217.53319pt.
[45 <./figures/axo-design-div.png> <./figures/planos.pdf>]) [46 <./figures/axo-
design-cableado.png>] (IsraelMonjaraz-cap3-proy1.aux
LaTeX Info: Redefining \. on input line 22.
LaTeX Info: Redefining \% on input line 22.
)
 ***********
LaTeX2e <2023-06-01> patch level 1
L3 programming layer <2023-06-30>
 ***********


LaTeX Warning: There were undefined references.

Package rerunfilecheck Info: File `IsraelMonjaraz-cap3-proy1.out' has not chang
ed.
(rerunfilecheck)             Checksum: E478B448114C74C25381973F51A1A836;10602.
 ) 
Here is how much of TeX's memory you used:
 32301 strings out of 477485
 623761 string characters out of 5813695
 1940238 words of memory out of 5000000
 52421 multiletter control sequences out of 15000+600000
 610515 words of font info for 82 fonts, out of 8000000 for 9000
 0 hyphenation exceptions out of 8191
 93i,18n,95p,1156b,1504s stack positions out of 10000i,1000n,20000p,200000b,200000s

pdfTeX warning (dest): name{figura-2-15} has been referenced but does not exist
, replaced by a fixed one

<C:/Users/ibrr9/AppData/Roaming/MiKTeX/2.9/fonts/type1/public/lm/lmbx10.pfb><C:
/Users/ibrr9/AppData/Roaming/MiKTeX/2.9/fonts/type1/public/lm/lmbx12.pfb><C:/Us
ers/ibrr9/AppData/Roaming/MiKTeX/2.9/fonts/type1/public/lm/lmex10.pfb><C:/Users
/ibrr9/AppData/Roaming/MiKTeX/2.9/fonts/type1/public/lm/lmmi10.pfb><C:/Users/ib
rr9/AppData/Roaming/MiKTeX/2.9/fonts/type1/public/lm/lmmi6.pfb><C:/Users/ibrr9/
AppData/Roaming/MiKTeX/2.9/fonts/type1/public/lm/lmmi8.pfb><C:/Users/ibrr9/AppD
ata/Roaming/MiKTeX/2.9/fonts/type1/public/lm/lmr10.pfb><C:/Users/ibrr9/AppData/
Roaming/MiKTeX/2.9/fonts/type1/public/lm/lmr6.pfb><C:/Users/ibrr9/AppData/Roami
ng/MiKTeX/2.9/fonts/type1/public/lm/lmr8.pfb><C:/Users/ibrr9/AppData/Roaming/Mi
KTeX/2.9/fonts/type1/public/lm/lmri12.pfb><C:/Users/ibrr9/AppData/Roaming/MiKTe
X/2.9/fonts/type1/public/lm/lmsy10.pfb><C:/Users/ibrr9/AppData/Roaming/MiKTeX/2
.9/fonts/type1/public/lm/lmsy8.pfb><C:/Users/ibrr9/AppData/Roaming/MiKTeX/2.9/f
onts/type1/urw/helvetic/uhvb8a.pfb><C:/Users/ibrr9/AppData/Roaming/MiKTeX/2.9/f
onts/type1/urw/helvetic/uhvr8a.pfb><C:/Users/ibrr9/AppData/Roaming/MiKTeX/2.9/f
onts/type1/urw/helvetic/uhvro8a.pfb>
Output written on IsraelMonjaraz-cap3-proy1.pdf (52 pages, 3495402 bytes).
PDF statistics:
 1097 PDF objects out of 1200 (max. 8388607)
 261 named destinations out of 1000 (max. 500000)
 685 words of extra memory for PDF output out of 10000 (max. 10000000)

