This is pdfTeX, Version 3.141592653-2.6-1.40.26 (MiKTeX 24.4) (preloaded format=pdflatex 2024.12.8)  9 DEC 2024 09:56
entering extended mode
 restricted \write18 enabled.
 %&-line parsing enabled.
**./PresentacionProyectoII-IsraelMonjarazR-9MM1.tex
(PresentacionProyectoII-IsraelMonjarazR-9MM1.tex
LaTeX2e <2024-11-01>
L3 programming layer <2024-11-02>
(C:\Users\ibrr9\AppData\Roaming\MiKTeX\2.9\tex/latex/beamer\beamer.cls
Document Class: beamer 2024/01/06 v3.71 A class for typesetting presentations

(C:\Users\ibrr9\AppData\Roaming\MiKTeX\2.9\tex/latex/beamer\beamerbasemodes.sty
(C:\Users\ibrr9\AppData\Roaming\MiKTeX\2.9\tex/latex/etoolbox\etoolbox.sty
Package: etoolbox 2020/10/05 v2.5k e-TeX tools for LaTeX (JAW)
\etb@tempcnta=\count196
)
\beamer@tempbox=\box52
\beamer@tempcount=\count197
\c@beamerpauses=\count198

(C:\Users\ibrr9\AppData\Roaming\MiKTeX\2.9\tex/latex/beamer\beamerbasedecode.st
y
\beamer@slideinframe=\count199
\beamer@minimum=\count266
\beamer@decode@box=\box53
)
\beamer@commentbox=\box54
\beamer@modecount=\count267
) (C:\Users\ibrr9\AppData\Roaming\MiKTeX\2.9\tex/generic/iftex\iftex.sty
Package: iftex 2022/02/03 v1.0f TeX engine tests
)
\headdp=\dimen141
\footheight=\dimen142
\sidebarheight=\dimen143
\beamer@tempdim=\dimen144
\beamer@finalheight=\dimen145
\beamer@animht=\dimen146
\beamer@animdp=\dimen147
\beamer@animwd=\dimen148
\beamer@leftmargin=\dimen149
\beamer@rightmargin=\dimen150
\beamer@leftsidebar=\dimen151
\beamer@rightsidebar=\dimen152
\beamer@boxsize=\dimen153
\beamer@vboxoffset=\dimen154
\beamer@descdefault=\dimen155
\beamer@descriptionwidth=\dimen156
\beamer@lastskip=\skip49
\beamer@areabox=\box55
\beamer@animcurrent=\box56
\beamer@animshowbox=\box57
\beamer@sectionbox=\box58
\beamer@logobox=\box59
\beamer@linebox=\box60
\beamer@sectioncount=\count268
\beamer@subsubsectionmax=\count269
\beamer@subsectionmax=\count270
\beamer@sectionmax=\count271
\beamer@totalheads=\count272
\beamer@headcounter=\count273
\beamer@partstartpage=\count274
\beamer@sectionstartpage=\count275
\beamer@subsectionstartpage=\count276
\beamer@animationtempa=\count277
\beamer@animationtempb=\count278
\beamer@xpos=\count279
\beamer@ypos=\count280
\beamer@ypos@offset=\count281
\beamer@showpartnumber=\count282
\beamer@currentsubsection=\count283
\beamer@coveringdepth=\count284
\beamer@sectionadjust=\count285
\beamer@toclastsection=\count286
\beamer@tocsectionnumber=\count287

(C:\Users\ibrr9\AppData\Roaming\MiKTeX\2.9\tex/latex/beamer\beamerbaseoptions.s
ty (C:\Users\ibrr9\AppData\Roaming\MiKTeX\2.9\tex/latex/graphics\keyval.sty
Package: keyval 2022/05/29 v1.15 key=value parser (DPC)
\KV@toks@=\toks17
))
\beamer@paperwidth=\skip50
\beamer@paperheight=\skip51

(C:\Users\ibrr9\AppData\Roaming\MiKTeX\2.9\tex/latex/geometry\geometry.sty
Package: geometry 2020/01/02 v5.9 Page Geometry

(C:\Users\ibrr9\AppData\Roaming\MiKTeX\2.9\tex/generic/iftex\ifvtex.sty
Package: ifvtex 2019/10/25 v1.7 ifvtex legacy package. Use iftex instead.
)
\Gm@cnth=\count288
\Gm@cntv=\count289
\c@Gm@tempcnt=\count290
\Gm@bindingoffset=\dimen157
\Gm@wd@mp=\dimen158
\Gm@odd@mp=\dimen159
\Gm@even@mp=\dimen160
\Gm@layoutwidth=\dimen161
\Gm@layoutheight=\dimen162
\Gm@layouthoffset=\dimen163
\Gm@layoutvoffset=\dimen164
\Gm@dimlist=\toks18

(C:\Users\ibrr9\AppData\Roaming\MiKTeX\2.9\tex/latex/geometry\geometry.cfg))
(C:\Users\ibrr9\AppData\Roaming\MiKTeX\2.9\tex/latex/pgf/math\pgfmath.sty
(C:\Users\ibrr9\AppData\Roaming\MiKTeX\2.9\tex/latex/pgf/utilities\pgfrcs.sty
(C:\Users\ibrr9\AppData\Roaming\MiKTeX\2.9\tex/generic/pgf/utilities\pgfutil-co
mmon.tex
\pgfutil@everybye=\toks19
\pgfutil@tempdima=\dimen165
\pgfutil@tempdimb=\dimen166
)
(C:\Users\ibrr9\AppData\Roaming\MiKTeX\2.9\tex/generic/pgf/utilities\pgfutil-la
tex.def
\pgfutil@abb=\box61
)
(C:\Users\ibrr9\AppData\Roaming\MiKTeX\2.9\tex/generic/pgf/utilities\pgfrcs.cod
e.tex
(C:\Users\ibrr9\AppData\Roaming\MiKTeX\2.9\tex/generic/pgf\pgf.revision.tex)
Package: pgfrcs 2023-01-15 v3.1.10 (3.1.10)
))
(C:\Users\ibrr9\AppData\Roaming\MiKTeX\2.9\tex/latex/pgf/utilities\pgfkeys.sty
(C:\Users\ibrr9\AppData\Roaming\MiKTeX\2.9\tex/generic/pgf/utilities\pgfkeys.co
de.tex
\pgfkeys@pathtoks=\toks20
\pgfkeys@temptoks=\toks21

(C:\Users\ibrr9\AppData\Roaming\MiKTeX\2.9\tex/generic/pgf/utilities\pgfkeyslib
raryfiltered.code.tex
\pgfkeys@tmptoks=\toks22
)))
(C:\Users\ibrr9\AppData\Roaming\MiKTeX\2.9\tex/generic/pgf/math\pgfmath.code.te
x
(C:\Users\ibrr9\AppData\Roaming\MiKTeX\2.9\tex/generic/pgf/math\pgfmathutil.cod
e.tex
\pgf@x=\dimen167
\pgf@xa=\dimen168
\pgf@xb=\dimen169
\pgf@xc=\dimen170
\pgf@y=\dimen171
\pgf@ya=\dimen172
\pgf@yb=\dimen173
\pgf@yc=\dimen174
\c@pgf@counta=\count291
\c@pgf@countb=\count292
\c@pgf@countc=\count293
\c@pgf@countd=\count294
)
(C:\Users\ibrr9\AppData\Roaming\MiKTeX\2.9\tex/generic/pgf/math\pgfmathparser.c
ode.tex
\pgfmath@dimen=\dimen175
\pgfmath@count=\count295
\pgfmath@box=\box62
\pgfmath@toks=\toks23
\pgfmath@stack@operand=\toks24
\pgfmath@stack@operation=\toks25
)
(C:\Users\ibrr9\AppData\Roaming\MiKTeX\2.9\tex/generic/pgf/math\pgfmathfunction
s.code.tex)
(C:\Users\ibrr9\AppData\Roaming\MiKTeX\2.9\tex/generic/pgf/math\pgfmathfunction
s.basic.code.tex)
(C:\Users\ibrr9\AppData\Roaming\MiKTeX\2.9\tex/generic/pgf/math\pgfmathfunction
s.trigonometric.code.tex)
(C:\Users\ibrr9\AppData\Roaming\MiKTeX\2.9\tex/generic/pgf/math\pgfmathfunction
s.random.code.tex)
(C:\Users\ibrr9\AppData\Roaming\MiKTeX\2.9\tex/generic/pgf/math\pgfmathfunction
s.comparison.code.tex)
(C:\Users\ibrr9\AppData\Roaming\MiKTeX\2.9\tex/generic/pgf/math\pgfmathfunction
s.base.code.tex)
(C:\Users\ibrr9\AppData\Roaming\MiKTeX\2.9\tex/generic/pgf/math\pgfmathfunction
s.round.code.tex)
(C:\Users\ibrr9\AppData\Roaming\MiKTeX\2.9\tex/generic/pgf/math\pgfmathfunction
s.misc.code.tex)
(C:\Users\ibrr9\AppData\Roaming\MiKTeX\2.9\tex/generic/pgf/math\pgfmathfunction
s.integerarithmetics.code.tex)
(C:\Users\ibrr9\AppData\Roaming\MiKTeX\2.9\tex/generic/pgf/math\pgfmathcalc.cod
e.tex)
(C:\Users\ibrr9\AppData\Roaming\MiKTeX\2.9\tex/generic/pgf/math\pgfmathfloat.co
de.tex
\c@pgfmathroundto@lastzeros=\count296
))) (C:\Users\ibrr9\AppData\Roaming\MiKTeX\2.9\tex/latex/base\size11.clo
File: size11.clo 2024/06/29 v1.4n Standard LaTeX file (size option)
)
(C:\Users\ibrr9\AppData\Roaming\MiKTeX\2.9\tex/latex/pgf/basiclayer\pgfcore.sty
(C:\Users\ibrr9\AppData\Roaming\MiKTeX\2.9\tex/latex/graphics\graphicx.sty
Package: graphicx 2021/09/16 v1.2d Enhanced LaTeX Graphics (DPC,SPQR)

(C:\Users\ibrr9\AppData\Roaming\MiKTeX\2.9\tex/latex/graphics\graphics.sty
Package: graphics 2024/08/06 v1.4g Standard LaTeX Graphics (DPC,SPQR)

(C:\Users\ibrr9\AppData\Roaming\MiKTeX\2.9\tex/latex/graphics\trig.sty
Package: trig 2023/12/02 v1.11 sin cos tan (DPC)
)
(C:\Users\ibrr9\AppData\Roaming\MiKTeX\2.9\tex/latex/graphics-cfg\graphics.cfg
File: graphics.cfg 2016/06/04 v1.11 sample graphics configuration
)
Package graphics Info: Driver file: pdftex.def on input line 106.
(C:\Users\ibrr9\AppData\Roaming\MiKTeX\2.9\tex/latex/graphics-def\pdftex.def
File: pdftex.def 2024/04/13 v1.2c Graphics/color driver for pdftex
))
\Gin@req@height=\dimen176
\Gin@req@width=\dimen177
)
(C:\Users\ibrr9\AppData\Roaming\MiKTeX\2.9\tex/latex/pgf/systemlayer\pgfsys.sty

(C:\Users\ibrr9\AppData\Roaming\MiKTeX\2.9\tex/generic/pgf/systemlayer\pgfsys.c
ode.tex
Package: pgfsys 2023-01-15 v3.1.10 (3.1.10)
\pgf@x=\dimen178
\pgf@y=\dimen179
\pgf@xa=\dimen180
\pgf@ya=\dimen181
\pgf@xb=\dimen182
\pgf@yb=\dimen183
\pgf@xc=\dimen184
\pgf@yc=\dimen185
\pgf@xd=\dimen186
\pgf@yd=\dimen187
\w@pgf@writea=\write3
\r@pgf@reada=\read2
\c@pgf@counta=\count297
\c@pgf@countb=\count298
\c@pgf@countc=\count299
\c@pgf@countd=\count300
\t@pgf@toka=\toks26
\t@pgf@tokb=\toks27
\t@pgf@tokc=\toks28
\pgf@sys@id@count=\count301

(C:\Users\ibrr9\AppData\Roaming\MiKTeX\2.9\tex/generic/pgf/systemlayer\pgf.cfg
File: pgf.cfg 2023-01-15 v3.1.10 (3.1.10)
)
Driver file for pgf: pgfsys-pdftex.def

(C:\Users\ibrr9\AppData\Roaming\MiKTeX\2.9\tex/generic/pgf/systemlayer\pgfsys-p
dftex.def
File: pgfsys-pdftex.def 2023-01-15 v3.1.10 (3.1.10)

(C:\Users\ibrr9\AppData\Roaming\MiKTeX\2.9\tex/generic/pgf/systemlayer\pgfsys-c
ommon-pdf.def
File: pgfsys-common-pdf.def 2023-01-15 v3.1.10 (3.1.10)
)))
(C:\Users\ibrr9\AppData\Roaming\MiKTeX\2.9\tex/generic/pgf/systemlayer\pgfsysso
ftpath.code.tex
File: pgfsyssoftpath.code.tex 2023-01-15 v3.1.10 (3.1.10)
\pgfsyssoftpath@smallbuffer@items=\count302
\pgfsyssoftpath@bigbuffer@items=\count303
)
(C:\Users\ibrr9\AppData\Roaming\MiKTeX\2.9\tex/generic/pgf/systemlayer\pgfsyspr
otocol.code.tex
File: pgfsysprotocol.code.tex 2023-01-15 v3.1.10 (3.1.10)
))
(C:\Users\ibrr9\AppData\Roaming\MiKTeX\2.9\tex/latex/xcolor\xcolor.sty
Package: xcolor 2024/09/29 v3.02 LaTeX color extensions (UK)

(C:\Users\ibrr9\AppData\Roaming\MiKTeX\2.9\tex/latex/graphics-cfg\color.cfg
File: color.cfg 2016/01/02 v1.6 sample color configuration
)
Package xcolor Info: Driver file: pdftex.def on input line 274.

(C:\Users\ibrr9\AppData\Roaming\MiKTeX\2.9\tex/latex/graphics\mathcolor.ltx)
Package xcolor Info: Model `cmy' substituted by `cmy0' on input line 1349.
Package xcolor Info: Model `hsb' substituted by `rgb' on input line 1353.
Package xcolor Info: Model `RGB' extended on input line 1365.
Package xcolor Info: Model `HTML' substituted by `rgb' on input line 1367.
Package xcolor Info: Model `Hsb' substituted by `hsb' on input line 1368.
Package xcolor Info: Model `tHsb' substituted by `hsb' on input line 1369.
Package xcolor Info: Model `HSB' substituted by `hsb' on input line 1370.
Package xcolor Info: Model `Gray' substituted by `gray' on input line 1371.
Package xcolor Info: Model `wave' substituted by `hsb' on input line 1372.
)
(C:\Users\ibrr9\AppData\Roaming\MiKTeX\2.9\tex/latex/graphics\dvipsnam.def
File: dvipsnam.def 2016/06/17 v3.0m Driver-dependent file (DPC,SPQR)
)
(C:\Users\ibrr9\AppData\Roaming\MiKTeX\2.9\tex/generic/pgf/basiclayer\pgfcore.c
ode.tex
Package: pgfcore 2023-01-15 v3.1.10 (3.1.10)

(C:\Users\ibrr9\AppData\Roaming\MiKTeX\2.9\tex/generic/pgf/math\pgfint.code.tex
)
(C:\Users\ibrr9\AppData\Roaming\MiKTeX\2.9\tex/generic/pgf/basiclayer\pgfcorepo
ints.code.tex
File: pgfcorepoints.code.tex 2023-01-15 v3.1.10 (3.1.10)
\pgf@picminx=\dimen188
\pgf@picmaxx=\dimen189
\pgf@picminy=\dimen190
\pgf@picmaxy=\dimen191
\pgf@pathminx=\dimen192
\pgf@pathmaxx=\dimen193
\pgf@pathminy=\dimen194
\pgf@pathmaxy=\dimen195
\pgf@xx=\dimen196
\pgf@xy=\dimen197
\pgf@yx=\dimen198
\pgf@yy=\dimen199
\pgf@zx=\dimen256
\pgf@zy=\dimen257
)
(C:\Users\ibrr9\AppData\Roaming\MiKTeX\2.9\tex/generic/pgf/basiclayer\pgfcorepa
thconstruct.code.tex
File: pgfcorepathconstruct.code.tex 2023-01-15 v3.1.10 (3.1.10)
\pgf@path@lastx=\dimen258
\pgf@path@lasty=\dimen259
)
(C:\Users\ibrr9\AppData\Roaming\MiKTeX\2.9\tex/generic/pgf/basiclayer\pgfcorepa
thusage.code.tex
File: pgfcorepathusage.code.tex 2023-01-15 v3.1.10 (3.1.10)
\pgf@shorten@end@additional=\dimen260
\pgf@shorten@start@additional=\dimen261
)
(C:\Users\ibrr9\AppData\Roaming\MiKTeX\2.9\tex/generic/pgf/basiclayer\pgfcoresc
opes.code.tex
File: pgfcorescopes.code.tex 2023-01-15 v3.1.10 (3.1.10)
\pgfpic=\box63
\pgf@hbox=\box64
\pgf@layerbox@main=\box65
\pgf@picture@serial@count=\count304
)
(C:\Users\ibrr9\AppData\Roaming\MiKTeX\2.9\tex/generic/pgf/basiclayer\pgfcoregr
aphicstate.code.tex
File: pgfcoregraphicstate.code.tex 2023-01-15 v3.1.10 (3.1.10)
\pgflinewidth=\dimen262
)
(C:\Users\ibrr9\AppData\Roaming\MiKTeX\2.9\tex/generic/pgf/basiclayer\pgfcoretr
ansformations.code.tex
File: pgfcoretransformations.code.tex 2023-01-15 v3.1.10 (3.1.10)
\pgf@pt@x=\dimen263
\pgf@pt@y=\dimen264
\pgf@pt@temp=\dimen265
)
(C:\Users\ibrr9\AppData\Roaming\MiKTeX\2.9\tex/generic/pgf/basiclayer\pgfcorequ
ick.code.tex
File: pgfcorequick.code.tex 2023-01-15 v3.1.10 (3.1.10)
)
(C:\Users\ibrr9\AppData\Roaming\MiKTeX\2.9\tex/generic/pgf/basiclayer\pgfcoreob
jects.code.tex
File: pgfcoreobjects.code.tex 2023-01-15 v3.1.10 (3.1.10)
)
(C:\Users\ibrr9\AppData\Roaming\MiKTeX\2.9\tex/generic/pgf/basiclayer\pgfcorepa
thprocessing.code.tex
File: pgfcorepathprocessing.code.tex 2023-01-15 v3.1.10 (3.1.10)
)
(C:\Users\ibrr9\AppData\Roaming\MiKTeX\2.9\tex/generic/pgf/basiclayer\pgfcorear
rows.code.tex
File: pgfcorearrows.code.tex 2023-01-15 v3.1.10 (3.1.10)
\pgfarrowsep=\dimen266
)
(C:\Users\ibrr9\AppData\Roaming\MiKTeX\2.9\tex/generic/pgf/basiclayer\pgfcoresh
ade.code.tex
File: pgfcoreshade.code.tex 2023-01-15 v3.1.10 (3.1.10)
\pgf@max=\dimen267
\pgf@sys@shading@range@num=\count305
\pgf@shadingcount=\count306
)
(C:\Users\ibrr9\AppData\Roaming\MiKTeX\2.9\tex/generic/pgf/basiclayer\pgfcoreim
age.code.tex
File: pgfcoreimage.code.tex 2023-01-15 v3.1.10 (3.1.10)
)
(C:\Users\ibrr9\AppData\Roaming\MiKTeX\2.9\tex/generic/pgf/basiclayer\pgfcoreex
ternal.code.tex
File: pgfcoreexternal.code.tex 2023-01-15 v3.1.10 (3.1.10)
\pgfexternal@startupbox=\box66
)
(C:\Users\ibrr9\AppData\Roaming\MiKTeX\2.9\tex/generic/pgf/basiclayer\pgfcorela
yers.code.tex
File: pgfcorelayers.code.tex 2023-01-15 v3.1.10 (3.1.10)
)
(C:\Users\ibrr9\AppData\Roaming\MiKTeX\2.9\tex/generic/pgf/basiclayer\pgfcoretr
ansparency.code.tex
File: pgfcoretransparency.code.tex 2023-01-15 v3.1.10 (3.1.10)
)
(C:\Users\ibrr9\AppData\Roaming\MiKTeX\2.9\tex/generic/pgf/basiclayer\pgfcorepa
tterns.code.tex
File: pgfcorepatterns.code.tex 2023-01-15 v3.1.10 (3.1.10)
)
(C:\Users\ibrr9\AppData\Roaming\MiKTeX\2.9\tex/generic/pgf/basiclayer\pgfcorerd
f.code.tex
File: pgfcorerdf.code.tex 2023-01-15 v3.1.10 (3.1.10)
)))
(C:\Users\ibrr9\AppData\Roaming\MiKTeX\2.9\tex/latex/pgf/utilities\xxcolor.sty
Package: xxcolor 2003/10/24 ver 0.1
\XC@nummixins=\count307
\XC@countmixins=\count308
) (C:\Users\ibrr9\AppData\Roaming\MiKTeX\2.9\tex/latex/base\atbegshi-ltx.sty
Package: atbegshi-ltx 2021/01/10 v1.0c Emulation of the original atbegshi
package with kernel methods
)
(C:\Users\ibrr9\AppData\Roaming\MiKTeX\2.9\tex/latex/hyperref\hyperref.sty
Package: hyperref 2024-11-05 v7.01l Hypertext links for LaTeX

(C:\Users\ibrr9\AppData\Roaming\MiKTeX\2.9\tex/latex/kvsetkeys\kvsetkeys.sty
Package: kvsetkeys 2022-10-05 v1.19 Key value parser (HO)
)
(C:\Users\ibrr9\AppData\Roaming\MiKTeX\2.9\tex/generic/kvdefinekeys\kvdefinekey
s.sty
Package: kvdefinekeys 2019-12-19 v1.6 Define keys (HO)
)
(C:\Users\ibrr9\AppData\Roaming\MiKTeX\2.9\tex/generic/pdfescape\pdfescape.sty
Package: pdfescape 2019/12/09 v1.15 Implements pdfTeX's escape features (HO)

(C:\Users\ibrr9\AppData\Roaming\MiKTeX\2.9\tex/generic/ltxcmds\ltxcmds.sty
Package: ltxcmds 2023-12-04 v1.26 LaTeX kernel commands for general use (HO)
)
(C:\Users\ibrr9\AppData\Roaming\MiKTeX\2.9\tex/generic/pdftexcmds\pdftexcmds.st
y
Package: pdftexcmds 2020-06-27 v0.33 Utility functions of pdfTeX for LuaTeX (HO
)

(C:\Users\ibrr9\AppData\Roaming\MiKTeX\2.9\tex/generic/infwarerr\infwarerr.sty
Package: infwarerr 2019/12/03 v1.5 Providing info/warning/error messages (HO)
)
Package pdftexcmds Info: \pdf@primitive is available.
Package pdftexcmds Info: \pdf@ifprimitive is available.
Package pdftexcmds Info: \pdfdraftmode found.
)) (C:\Users\ibrr9\AppData\Roaming\MiKTeX\2.9\tex/latex/hycolor\hycolor.sty
Package: hycolor 2020-01-27 v1.10 Color options for hyperref/bookmark (HO)
)
(C:\Users\ibrr9\AppData\Roaming\MiKTeX\2.9\tex/latex/hyperref\nameref.sty
Package: nameref 2023-11-26 v2.56 Cross-referencing by name of section

(C:\Users\ibrr9\AppData\Roaming\MiKTeX\2.9\tex/latex/refcount\refcount.sty
Package: refcount 2019/12/15 v3.6 Data extraction from label references (HO)
)
(C:\Users\ibrr9\AppData\Roaming\MiKTeX\2.9\tex/generic/gettitlestring\gettitles
tring.sty
Package: gettitlestring 2019/12/15 v1.6 Cleanup title references (HO)

(C:\Users\ibrr9\AppData\Roaming\MiKTeX\2.9\tex/latex/kvoptions\kvoptions.sty
Package: kvoptions 2022-06-15 v3.15 Key value format for package options (HO)
))
\c@section@level=\count309
) (C:\Users\ibrr9\AppData\Roaming\MiKTeX\2.9\tex/generic/stringenc\stringenc.st
y
Package: stringenc 2019/11/29 v1.12 Convert strings between diff. encodings (HO
)
)
\@linkdim=\dimen268
\Hy@linkcounter=\count310
\Hy@pagecounter=\count311
 (C:\Users\ibrr9\AppData\Roaming\MiKTeX\2.9\tex/latex/hyperref\pd1enc.def
File: pd1enc.def 2024-11-05 v7.01l Hyperref: PDFDocEncoding definition (HO)
Now handling font encoding PD1 ...
... no UTF-8 mapping file for font encoding PD1
)
(C:\Users\ibrr9\AppData\Roaming\MiKTeX\2.9\tex/generic/intcalc\intcalc.sty
Package: intcalc 2019/12/15 v1.3 Expandable calculations with integers (HO)
)
\Hy@SavedSpaceFactor=\count312

(C:\Users\ibrr9\AppData\Roaming\MiKTeX\2.9\tex/latex/hyperref\puenc.def
File: puenc.def 2024-11-05 v7.01l Hyperref: PDF Unicode definition (HO)
Now handling font encoding PU ...
... no UTF-8 mapping file for font encoding PU
)
Package hyperref Info: Option `bookmarks' set `true' on input line 4040.
Package hyperref Info: Option `bookmarksopen' set `true' on input line 4040.
Package hyperref Info: Option `implicit' set `false' on input line 4040.
Package hyperref Info: Hyper figures OFF on input line 4157.
Package hyperref Info: Link nesting OFF on input line 4162.
Package hyperref Info: Hyper index ON on input line 4165.
Package hyperref Info: Plain pages OFF on input line 4172.
Package hyperref Info: Backreferencing OFF on input line 4177.
Package hyperref Info: Implicit mode OFF; no redefinition of LaTeX internals.
Package hyperref Info: Bookmarks ON on input line 4424.
\c@Hy@tempcnt=\count313

(C:\Users\ibrr9\AppData\Roaming\MiKTeX\2.9\tex/latex/url\url.sty
\Urlmuskip=\muskip17
Package: url 2013/09/16  ver 3.4  Verb mode for urls, etc.
)
LaTeX Info: Redefining \url on input line 4763.
\XeTeXLinkMargin=\dimen269

(C:\Users\ibrr9\AppData\Roaming\MiKTeX\2.9\tex/generic/bitset\bitset.sty
Package: bitset 2019/12/09 v1.3 Handle bit-vector datatype (HO)

(C:\Users\ibrr9\AppData\Roaming\MiKTeX\2.9\tex/generic/bigintcalc\bigintcalc.st
y
Package: bigintcalc 2019/12/15 v1.5 Expandable calculations on big integers (HO
)
))
\Fld@menulength=\count314
\Field@Width=\dimen270
\Fld@charsize=\dimen271
Package hyperref Info: Hyper figures OFF on input line 6042.
Package hyperref Info: Link nesting OFF on input line 6047.
Package hyperref Info: Hyper index ON on input line 6050.
Package hyperref Info: backreferencing OFF on input line 6057.
Package hyperref Info: Link coloring OFF on input line 6062.
Package hyperref Info: Link coloring with OCG OFF on input line 6067.
Package hyperref Info: PDF/A mode OFF on input line 6072.
\Hy@abspage=\count315


Package hyperref Message: Stopped early.

)
Package hyperref Info: Driver (autodetected): hpdftex.
 (C:\Users\ibrr9\AppData\Roaming\MiKTeX\2.9\tex/latex/hyperref\hpdftex.def
File: hpdftex.def 2024-11-05 v7.01l Hyperref driver for pdfTeX

(C:\Users\ibrr9\AppData\Roaming\MiKTeX\2.9\tex/latex/base\atveryend-ltx.sty
Package: atveryend-ltx 2020/08/19 v1.0a Emulation of the original atveryend pac
kage
with kernel methods
)
\Fld@listcount=\count316
\c@bookmark@seq@number=\count317

(C:\Users\ibrr9\AppData\Roaming\MiKTeX\2.9\tex/latex/rerunfilecheck\rerunfilech
eck.sty
Package: rerunfilecheck 2022-07-10 v1.10 Rerun checks for auxiliary files (HO)

(C:\Users\ibrr9\AppData\Roaming\MiKTeX\2.9\tex/generic/uniquecounter\uniquecoun
ter.sty
Package: uniquecounter 2019/12/15 v1.4 Provide unlimited unique counter (HO)
)
Package uniquecounter Info: New unique counter `rerunfilecheck' on input line 2
85.
))
(C:\Users\ibrr9\AppData\Roaming\MiKTeX\2.9\tex/latex/beamer\beamerbaserequires.
sty
(C:\Users\ibrr9\AppData\Roaming\MiKTeX\2.9\tex/latex/beamer\beamerbasecompatibi
lity.sty)
(C:\Users\ibrr9\AppData\Roaming\MiKTeX\2.9\tex/latex/beamer\beamerbasefont.sty
(C:\Users\ibrr9\AppData\Roaming\MiKTeX\2.9\tex/latex/amsfonts\amssymb.sty
Package: amssymb 2013/01/14 v3.01 AMS font symbols

(C:\Users\ibrr9\AppData\Roaming\MiKTeX\2.9\tex/latex/amsfonts\amsfonts.sty
Package: amsfonts 2013/01/14 v3.01 Basic AMSFonts support
\@emptytoks=\toks29
\symAMSa=\mathgroup4
\symAMSb=\mathgroup5
LaTeX Font Info:    Redeclaring math symbol \hbar on input line 98.
LaTeX Font Info:    Overwriting math alphabet `\mathfrak' in version `bold'
(Font)                  U/euf/m/n --> U/euf/b/n on input line 106.
))
(C:\Users\ibrr9\AppData\Roaming\MiKTeX\2.9\tex/latex/sansmathaccent\sansmathacc
ent.sty
Package: sansmathaccent 2020/01/31

(C:\Users\ibrr9\AppData\Roaming\MiKTeX\2.9\tex/latex/koma-script\scrlfile.sty
Package: scrlfile 2024/10/24 v3.43 KOMA-Script package (file load hooks)

(C:\Users\ibrr9\AppData\Roaming\MiKTeX\2.9\tex/latex/koma-script\scrlfile-hook.
sty
Package: scrlfile-hook 2024/10/24 v3.43 KOMA-Script package (using LaTeX hooks)


(C:\Users\ibrr9\AppData\Roaming\MiKTeX\2.9\tex/latex/koma-script\scrlogo.sty
Package: scrlogo 2024/10/24 v3.43 KOMA-Script package (logo)
)))))
(C:\Users\ibrr9\AppData\Roaming\MiKTeX\2.9\tex/latex/beamer\beamerbasetranslato
r.sty
(C:\Users\ibrr9\AppData\Roaming\MiKTeX\2.9\tex/latex/translator\translator.sty
Package: translator 2021-05-31 v1.12d Easy translation of strings in LaTeX
))
(C:\Users\ibrr9\AppData\Roaming\MiKTeX\2.9\tex/latex/beamer\beamerbasemisc.sty)

(C:\Users\ibrr9\AppData\Roaming\MiKTeX\2.9\tex/latex/beamer\beamerbasetwoscreen
s.sty)
(C:\Users\ibrr9\AppData\Roaming\MiKTeX\2.9\tex/latex/beamer\beamerbaseoverlay.s
ty
\beamer@argscount=\count318
\beamer@lastskipcover=\skip52
\beamer@trivlistdepth=\count319
)
(C:\Users\ibrr9\AppData\Roaming\MiKTeX\2.9\tex/latex/beamer\beamerbasetitle.sty
)
(C:\Users\ibrr9\AppData\Roaming\MiKTeX\2.9\tex/latex/beamer\beamerbasesection.s
ty
\c@lecture=\count320
\c@part=\count321
\c@section=\count322
\c@subsection=\count323
\c@subsubsection=\count324
)
(C:\Users\ibrr9\AppData\Roaming\MiKTeX\2.9\tex/latex/beamer\beamerbaseframe.sty
\beamer@framebox=\box67
\beamer@frametitlebox=\box68
\beamer@zoombox=\box69
\beamer@zoomcount=\count325
\beamer@zoomframecount=\count326
\beamer@frametextheight=\dimen272
\c@subsectionslide=\count327
\beamer@frametopskip=\skip53
\beamer@framebottomskip=\skip54
\beamer@frametopskipautobreak=\skip55
\beamer@framebottomskipautobreak=\skip56
\beamer@envbody=\toks30
\framewidth=\dimen273
\c@framenumber=\count328
)
(C:\Users\ibrr9\AppData\Roaming\MiKTeX\2.9\tex/latex/beamer\beamerbaseverbatim.
sty
\beamer@verbatimfileout=\write4
)
(C:\Users\ibrr9\AppData\Roaming\MiKTeX\2.9\tex/latex/beamer\beamerbaseframesize
.sty
\beamer@splitbox=\box70
\beamer@autobreakcount=\count329
\beamer@autobreaklastheight=\dimen274
\beamer@frametitletoks=\toks31
\beamer@framesubtitletoks=\toks32
)
(C:\Users\ibrr9\AppData\Roaming\MiKTeX\2.9\tex/latex/beamer\beamerbaseframecomp
onents.sty
\beamer@footins=\box71
)
(C:\Users\ibrr9\AppData\Roaming\MiKTeX\2.9\tex/latex/beamer\beamerbasecolor.sty
)
(C:\Users\ibrr9\AppData\Roaming\MiKTeX\2.9\tex/latex/beamer\beamerbasenotes.sty
\beamer@frameboxcopy=\box72
) (C:\Users\ibrr9\AppData\Roaming\MiKTeX\2.9\tex/latex/beamer\beamerbasetoc.sty
)
(C:\Users\ibrr9\AppData\Roaming\MiKTeX\2.9\tex/latex/beamer\beamerbasetemplates
.sty
\beamer@sbttoks=\toks33

(C:\Users\ibrr9\AppData\Roaming\MiKTeX\2.9\tex/latex/beamer\beamerbaseauxtempla
tes.sty
(C:\Users\ibrr9\AppData\Roaming\MiKTeX\2.9\tex/latex/beamer\beamerbaseboxes.sty
\bmb@box=\box73
\bmb@colorbox=\box74
\bmb@boxwidth=\dimen275
\bmb@boxheight=\dimen276
\bmb@prevheight=\dimen277
\bmb@temp=\dimen278
\bmb@dima=\dimen279
\bmb@dimb=\dimen280
\bmb@prevheight=\dimen281
)
\beamer@blockheadheight=\dimen282
))
(C:\Users\ibrr9\AppData\Roaming\MiKTeX\2.9\tex/latex/beamer\beamerbaselocalstru
cture.sty
(C:\Users\ibrr9\AppData\Roaming\MiKTeX\2.9\tex/latex/tools\enumerate.sty
Package: enumerate 2023/07/04 v3.00 enumerate extensions (DPC)
\@enLab=\toks34
)
\beamer@bibiconwidth=\skip57
\c@figure=\count330
\c@table=\count331
\abovecaptionskip=\skip58
\belowcaptionskip=\skip59
)
(C:\Users\ibrr9\AppData\Roaming\MiKTeX\2.9\tex/latex/beamer\beamerbasenavigatio
n.sty
(C:\Users\ibrr9\AppData\Roaming\MiKTeX\2.9\tex/latex/beamer\beamerbasenavigatio
nsymbols.tex)
\beamer@section@min@dim=\dimen283
)
(C:\Users\ibrr9\AppData\Roaming\MiKTeX\2.9\tex/latex/beamer\beamerbasetheorems.
sty (C:\Users\ibrr9\AppData\Roaming\MiKTeX\2.9\tex/latex/amsmath\amsmath.sty
Package: amsmath 2024/11/05 v2.17t AMS math features
\@mathmargin=\skip60

For additional information on amsmath, use the `?' option.
(C:\Users\ibrr9\AppData\Roaming\MiKTeX\2.9\tex/latex/amsmath\amstext.sty
Package: amstext 2021/08/26 v2.01 AMS text

(C:\Users\ibrr9\AppData\Roaming\MiKTeX\2.9\tex/latex/amsmath\amsgen.sty
File: amsgen.sty 1999/11/30 v2.0 generic functions
\@emptytoks=\toks35
\ex@=\dimen284
))
(C:\Users\ibrr9\AppData\Roaming\MiKTeX\2.9\tex/latex/amsmath\amsbsy.sty
Package: amsbsy 1999/11/29 v1.2d Bold Symbols
\pmbraise@=\dimen285
)
(C:\Users\ibrr9\AppData\Roaming\MiKTeX\2.9\tex/latex/amsmath\amsopn.sty
Package: amsopn 2022/04/08 v2.04 operator names
)
\inf@bad=\count332
LaTeX Info: Redefining \frac on input line 233.
\uproot@=\count333
\leftroot@=\count334
LaTeX Info: Redefining \overline on input line 398.
LaTeX Info: Redefining \colon on input line 409.
\classnum@=\count335
\DOTSCASE@=\count336
LaTeX Info: Redefining \ldots on input line 495.
LaTeX Info: Redefining \dots on input line 498.
LaTeX Info: Redefining \cdots on input line 619.
\Mathstrutbox@=\box75
\strutbox@=\box76
LaTeX Info: Redefining \big on input line 721.
LaTeX Info: Redefining \Big on input line 722.
LaTeX Info: Redefining \bigg on input line 723.
LaTeX Info: Redefining \Bigg on input line 724.
\big@size=\dimen286
LaTeX Font Info:    Redeclaring font encoding OML on input line 742.
LaTeX Font Info:    Redeclaring font encoding OMS on input line 743.
\macc@depth=\count337
LaTeX Info: Redefining \bmod on input line 904.
LaTeX Info: Redefining \pmod on input line 909.
LaTeX Info: Redefining \smash on input line 939.
LaTeX Info: Redefining \relbar on input line 969.
LaTeX Info: Redefining \Relbar on input line 970.
\c@MaxMatrixCols=\count338
\dotsspace@=\muskip18
\c@parentequation=\count339
\dspbrk@lvl=\count340
\tag@help=\toks36
\row@=\count341
\column@=\count342
\maxfields@=\count343
\andhelp@=\toks37
\eqnshift@=\dimen287
\alignsep@=\dimen288
\tagshift@=\dimen289
\tagwidth@=\dimen290
\totwidth@=\dimen291
\lineht@=\dimen292
\@envbody=\toks38
\multlinegap=\skip61
\multlinetaggap=\skip62
\mathdisplay@stack=\toks39
LaTeX Info: Redefining \[ on input line 2953.
LaTeX Info: Redefining \] on input line 2954.
)
(C:\Users\ibrr9\AppData\Roaming\MiKTeX\2.9\tex/latex/amscls\amsthm.sty
Package: amsthm 2020/05/29 v2.20.6
\thm@style=\toks40
\thm@bodyfont=\toks41
\thm@headfont=\toks42
\thm@notefont=\toks43
\thm@headpunct=\toks44
\thm@preskip=\skip63
\thm@postskip=\skip64
\thm@headsep=\skip65
\dth@everypar=\toks45
)
\c@theorem=\count344
)
(C:\Users\ibrr9\AppData\Roaming\MiKTeX\2.9\tex/latex/beamer\beamerbasethemes.st
y))
(C:\Users\ibrr9\AppData\Roaming\MiKTeX\2.9\tex/latex/beamer\beamerthemedefault.
sty
(C:\Users\ibrr9\AppData\Roaming\MiKTeX\2.9\tex/latex/beamer\beamerfontthemedefa
ult.sty)
(C:\Users\ibrr9\AppData\Roaming\MiKTeX\2.9\tex/latex/beamer\beamercolorthemedef
ault.sty)
(C:\Users\ibrr9\AppData\Roaming\MiKTeX\2.9\tex/latex/beamer\beamerinnerthemedef
ault.sty
\beamer@dima=\dimen293
\beamer@dimb=\dimen294
)
(C:\Users\ibrr9\AppData\Roaming\MiKTeX\2.9\tex/latex/beamer\beamerouterthemedef
ault.sty)))
(C:\Users\ibrr9\AppData\Roaming\MiKTeX\2.9\tex/latex/tools\multicol.sty
Package: multicol 2024/09/14 v1.9i multicolumn formatting (FMi)
\c@tracingmulticols=\count345
\mult@box=\box77
\multicol@leftmargin=\dimen295
\c@unbalance=\count346
\c@collectmore=\count347
\doublecol@number=\count348
\multicoltolerance=\count349
\multicolpretolerance=\count350
\full@width=\dimen296
\page@free=\dimen297
\premulticols=\dimen298
\postmulticols=\dimen299
\multicolsep=\skip66
\multicolbaselineskip=\skip67
\partial@page=\box78
\last@line=\box79
\mc@boxedresult=\box80
\maxbalancingoverflow=\dimen300
\mult@rightbox=\box81
\mult@grightbox=\box82
\mult@firstbox=\box83
\mult@gfirstbox=\box84
\@tempa=\box85
\@tempa=\box86
\@tempa=\box87
\@tempa=\box88
\@tempa=\box89
\@tempa=\box90
\@tempa=\box91
\@tempa=\box92
\@tempa=\box93
\@tempa=\box94
\@tempa=\box95
\@tempa=\box96
\@tempa=\box97
\@tempa=\box98
\@tempa=\box99
\@tempa=\box100
\@tempa=\box101
\@tempa=\box102
\@tempa=\box103
\@tempa=\box104
\@tempa=\box105
\@tempa=\box106
\@tempa=\box107
\@tempa=\box108
\@tempa=\box109
\@tempa=\box110
\@tempa=\box111
\@tempa=\box112
\@tempa=\box113
\@tempa=\box114
\@tempa=\box115
\@tempa=\box116
\@tempa=\box117
\@tempa=\box118
\@tempa=\box119
\@tempa=\box120
\c@minrows=\count351
\c@columnbadness=\count352
\c@finalcolumnbadness=\count353
\last@try=\dimen301
\multicolovershoot=\dimen302
\multicolundershoot=\dimen303
\mult@nat@firstbox=\box121
\colbreak@box=\box122
\mc@col@check@num=\count354
)
(C:\Users\ibrr9\AppData\Roaming\MiKTeX\2.9\tex/latex/multirow\multirow.sty
Package: multirow 2024/11/12 v2.9 Span multiple rows of a table
\multirow@colwidth=\skip68
\multirow@cntb=\count355
\multirow@dima=\skip69
\bigstrutjot=\dimen304
)
(C:\Users\ibrr9\AppData\Roaming\MiKTeX\2.9\tex/latex/ragged2e\ragged2e.sty
Package: ragged2e 2023/06/22 v3.6 ragged2e Package
\CenteringLeftskip=\skip70
\RaggedLeftLeftskip=\skip71
\RaggedRightLeftskip=\skip72
\CenteringRightskip=\skip73
\RaggedLeftRightskip=\skip74
\RaggedRightRightskip=\skip75
\CenteringParfillskip=\skip76
\RaggedLeftParfillskip=\skip77
\RaggedRightParfillskip=\skip78
\JustifyingParfillskip=\skip79
\CenteringParindent=\skip80
\RaggedLeftParindent=\skip81
\RaggedRightParindent=\skip82
\JustifyingParindent=\skip83
)
(C:\Users\ibrr9\AppData\Roaming\MiKTeX\2.9\tex/latex/base\fontenc.sty
Package: fontenc 2021/04/29 v2.0v Standard LaTeX package
)
(C:\Users\ibrr9\AppData\Roaming\MiKTeX\2.9\tex/latex/psnfss\helvet.sty
Package: helvet 2020/03/25 PSNFSS-v9.3 (WaS) 
)
(C:\Users\ibrr9\AppData\Roaming\MiKTeX\2.9\tex/latex/pgfplots\pgfplots.sty
(C:\Users\ibrr9\AppData\Roaming\MiKTeX\2.9\tex/generic/pgfplots\pgfplots.revisi
on.tex)
Package: pgfplots 2021/05/15 v1.18.1 Data Visualization (1.18.1)

(C:\Users\ibrr9\AppData\Roaming\MiKTeX\2.9\tex/latex/pgf/frontendlayer\tikz.sty
(C:\Users\ibrr9\AppData\Roaming\MiKTeX\2.9\tex/latex/pgf/basiclayer\pgf.sty
Package: pgf 2023-01-15 v3.1.10 (3.1.10)

(C:\Users\ibrr9\AppData\Roaming\MiKTeX\2.9\tex/generic/pgf/modules\pgfmodulesha
pes.code.tex
File: pgfmoduleshapes.code.tex 2023-01-15 v3.1.10 (3.1.10)
\pgfnodeparttextbox=\box123
)
(C:\Users\ibrr9\AppData\Roaming\MiKTeX\2.9\tex/generic/pgf/modules\pgfmoduleplo
t.code.tex
File: pgfmoduleplot.code.tex 2023-01-15 v3.1.10 (3.1.10)
)
(C:\Users\ibrr9\AppData\Roaming\MiKTeX\2.9\tex/latex/pgf/compatibility\pgfcomp-
version-0-65.sty
Package: pgfcomp-version-0-65 2023-01-15 v3.1.10 (3.1.10)
\pgf@nodesepstart=\dimen305
\pgf@nodesepend=\dimen306
)
(C:\Users\ibrr9\AppData\Roaming\MiKTeX\2.9\tex/latex/pgf/compatibility\pgfcomp-
version-1-18.sty
Package: pgfcomp-version-1-18 2023-01-15 v3.1.10 (3.1.10)
))
(C:\Users\ibrr9\AppData\Roaming\MiKTeX\2.9\tex/latex/pgf/utilities\pgffor.sty
(C:\Users\ibrr9\AppData\Roaming\MiKTeX\2.9\tex/generic/pgf/utilities\pgffor.cod
e.tex
Package: pgffor 2023-01-15 v3.1.10 (3.1.10)
\pgffor@iter=\dimen307
\pgffor@skip=\dimen308
\pgffor@stack=\toks46
\pgffor@toks=\toks47
))
(C:\Users\ibrr9\AppData\Roaming\MiKTeX\2.9\tex/generic/pgf/frontendlayer/tikz\t
ikz.code.tex
Package: tikz 2023-01-15 v3.1.10 (3.1.10)

(C:\Users\ibrr9\AppData\Roaming\MiKTeX\2.9\tex/generic/pgf/libraries\pgflibrary
plothandlers.code.tex
File: pgflibraryplothandlers.code.tex 2023-01-15 v3.1.10 (3.1.10)
\pgf@plot@mark@count=\count356
\pgfplotmarksize=\dimen309
)
\tikz@lastx=\dimen310
\tikz@lasty=\dimen311
\tikz@lastxsaved=\dimen312
\tikz@lastysaved=\dimen313
\tikz@lastmovetox=\dimen314
\tikz@lastmovetoy=\dimen315
\tikzleveldistance=\dimen316
\tikzsiblingdistance=\dimen317
\tikz@figbox=\box124
\tikz@figbox@bg=\box125
\tikz@tempbox=\box126
\tikz@tempbox@bg=\box127
\tikztreelevel=\count357
\tikznumberofchildren=\count358
\tikznumberofcurrentchild=\count359
\tikz@fig@count=\count360

(C:\Users\ibrr9\AppData\Roaming\MiKTeX\2.9\tex/generic/pgf/modules\pgfmodulemat
rix.code.tex
File: pgfmodulematrix.code.tex 2023-01-15 v3.1.10 (3.1.10)
\pgfmatrixcurrentrow=\count361
\pgfmatrixcurrentcolumn=\count362
\pgf@matrix@numberofcolumns=\count363
)
\tikz@expandcount=\count364

(C:\Users\ibrr9\AppData\Roaming\MiKTeX\2.9\tex/generic/pgf/frontendlayer/tikz/l
ibraries\tikzlibrarytopaths.code.tex
File: tikzlibrarytopaths.code.tex 2023-01-15 v3.1.10 (3.1.10)
)))
(C:\Users\ibrr9\AppData\Roaming\MiKTeX\2.9\tex/generic/pgfplots\pgfplots.code.t
ex
(C:\Users\ibrr9\AppData\Roaming\MiKTeX\2.9\tex/generic/pgfplots\pgfplotscore.co
de.tex
\t@pgfplots@toka=\toks48
\t@pgfplots@tokb=\toks49
\t@pgfplots@tokc=\toks50
\pgfplots@tmpa=\dimen318
\c@pgfplots@coordindex=\count365
\c@pgfplots@scanlineindex=\count366

(C:\Users\ibrr9\AppData\Roaming\MiKTeX\2.9\tex/generic/pgfplots/sys\pgfplotssys
generic.code.tex))
(C:\Users\ibrr9\AppData\Roaming\MiKTeX\2.9\tex/generic/pgfplots/libs\pgfplotsli
brary.code.tex)
(C:\Users\ibrr9\AppData\Roaming\MiKTeX\2.9\tex/generic/pgfplots/oldpgfcompatib\
pgfplotsoldpgfsupp_loader.code.tex
(C:\Users\ibrr9\AppData\Roaming\MiKTeX\2.9\tex/generic/pgf/libraries\pgflibrary
fpu.code.tex)
Package pgfplots: loading complementary utilities for your pgf version...
\t@pgf@toka=\toks51
\t@pgf@tokb=\toks52
\t@pgf@tokc=\toks53

(C:\Users\ibrr9\AppData\Roaming\MiKTeX\2.9\tex/generic/pgfplots/oldpgfcompatib\
pgfplotsoldpgfsupp_pgfutil-common-lists.tex))
(C:\Users\ibrr9\AppData\Roaming\MiKTeX\2.9\tex/generic/pgfplots/util\pgfplotsut
il.code.tex
(C:\Users\ibrr9\AppData\Roaming\MiKTeX\2.9\tex/generic/pgfplots/liststructure\p
gfplotsliststructure.code.tex)
(C:\Users\ibrr9\AppData\Roaming\MiKTeX\2.9\tex/generic/pgfplots/liststructure\p
gfplotsliststructureext.code.tex)
(C:\Users\ibrr9\AppData\Roaming\MiKTeX\2.9\tex/generic/pgfplots/liststructure\p
gfplotsarray.code.tex
\c@pgfplotsarray@tmp=\count367
)
(C:\Users\ibrr9\AppData\Roaming\MiKTeX\2.9\tex/generic/pgfplots/liststructure\p
gfplotsmatrix.code.tex)
(C:\Users\ibrr9\AppData\Roaming\MiKTeX\2.9\tex/generic/pgfplots/numtable\pgfplo
tstableshared.code.tex
\c@pgfplotstable@counta=\count368
\t@pgfplotstable@a=\toks54
)
(C:\Users\ibrr9\AppData\Roaming\MiKTeX\2.9\tex/generic/pgfplots/liststructure\p
gfplotsdeque.code.tex)
(C:\Users\ibrr9\AppData\Roaming\MiKTeX\2.9\tex/generic/pgfplots/util\pgfplotsbi
nary.code.tex
(C:\Users\ibrr9\AppData\Roaming\MiKTeX\2.9\tex/generic/pgfplots/util\pgfplotsbi
nary.data.code.tex))
(C:\Users\ibrr9\AppData\Roaming\MiKTeX\2.9\tex/generic/pgfplots/util\pgfplotsut
il.verb.code.tex)
(C:\Users\ibrr9\AppData\Roaming\MiKTeX\2.9\tex/generic/pgfplots/libs\pgflibrary
pgfplots.surfshading.code.tex
\c@pgfplotslibrarysurf@no=\count369

(C:\Users\ibrr9\AppData\Roaming\MiKTeX\2.9\tex/generic/pgfplots/sys\pgflibraryp
gfplots.surfshading.pgfsys-pdftex.def)))
(C:\Users\ibrr9\AppData\Roaming\MiKTeX\2.9\tex/generic/pgfplots/util\pgfplotsco
lormap.code.tex
(C:\Users\ibrr9\AppData\Roaming\MiKTeX\2.9\tex/generic/pgfplots/util\pgfplotsco
lor.code.tex))
(C:\Users\ibrr9\AppData\Roaming\MiKTeX\2.9\tex/generic/pgfplots\pgfplotsstacked
plots.code.tex)
(C:\Users\ibrr9\AppData\Roaming\MiKTeX\2.9\tex/generic/pgfplots\pgfplotsplothan
dlers.code.tex
(C:\Users\ibrr9\AppData\Roaming\MiKTeX\2.9\tex/generic/pgfplots\pgfplotsmeshplo
thandler.code.tex
(C:\Users\ibrr9\AppData\Roaming\MiKTeX\2.9\tex/generic/pgfplots\pgfplotsmeshplo
timage.code.tex)))
(C:\Users\ibrr9\AppData\Roaming\MiKTeX\2.9\tex/generic/pgfplots\pgfplots.scalin
g.code.tex)
(C:\Users\ibrr9\AppData\Roaming\MiKTeX\2.9\tex/generic/pgfplots\pgfplotscoordpr
ocessing.code.tex)
(C:\Users\ibrr9\AppData\Roaming\MiKTeX\2.9\tex/generic/pgfplots\pgfplots.errorb
ars.code.tex)
(C:\Users\ibrr9\AppData\Roaming\MiKTeX\2.9\tex/generic/pgfplots\pgfplots.marker
s.code.tex)
(C:\Users\ibrr9\AppData\Roaming\MiKTeX\2.9\tex/generic/pgfplots\pgfplotsticks.c
ode.tex)
(C:\Users\ibrr9\AppData\Roaming\MiKTeX\2.9\tex/generic/pgfplots\pgfplots.paths.
code.tex)
(C:\Users\ibrr9\AppData\Roaming\MiKTeX\2.9\tex/generic/pgf/frontendlayer/tikz/l
ibraries\tikzlibrarydecorations.code.tex
(C:\Users\ibrr9\AppData\Roaming\MiKTeX\2.9\tex/generic/pgf/modules\pgfmoduledec
orations.code.tex
\pgfdecoratedcompleteddistance=\dimen319
\pgfdecoratedremainingdistance=\dimen320
\pgfdecoratedinputsegmentcompleteddistance=\dimen321
\pgfdecoratedinputsegmentremainingdistance=\dimen322
\pgf@decorate@distancetomove=\dimen323
\pgf@decorate@repeatstate=\count370
\pgfdecorationsegmentamplitude=\dimen324
\pgfdecorationsegmentlength=\dimen325
)
\tikz@lib@dec@box=\box128
)
(C:\Users\ibrr9\AppData\Roaming\MiKTeX\2.9\tex/generic/pgf/frontendlayer/tikz/l
ibraries\tikzlibrarydecorations.pathmorphing.code.tex
(C:\Users\ibrr9\AppData\Roaming\MiKTeX\2.9\tex/generic/pgf/libraries/decoration
s\pgflibrarydecorations.pathmorphing.code.tex))
(C:\Users\ibrr9\AppData\Roaming\MiKTeX\2.9\tex/generic/pgf/frontendlayer/tikz/l
ibraries\tikzlibrarydecorations.pathreplacing.code.tex
(C:\Users\ibrr9\AppData\Roaming\MiKTeX\2.9\tex/generic/pgf/libraries/decoration
s\pgflibrarydecorations.pathreplacing.code.tex))
(C:\Users\ibrr9\AppData\Roaming\MiKTeX\2.9\tex/generic/pgfplots/libs\tikzlibrar
ypgfplots.contourlua.code.tex)
\pgfplots@numplots=\count371
\pgfplots@xmin@reg=\dimen326
\pgfplots@xmax@reg=\dimen327
\pgfplots@ymin@reg=\dimen328
\pgfplots@ymax@reg=\dimen329
\pgfplots@zmin@reg=\dimen330
\pgfplots@zmax@reg=\dimen331
)
(C:\Users\ibrr9\AppData\Roaming\MiKTeX\2.9\tex/generic/pgf/frontendlayer/tikz/l
ibraries\tikzlibraryplotmarks.code.tex
File: tikzlibraryplotmarks.code.tex 2023-01-15 v3.1.10 (3.1.10)

(C:\Users\ibrr9\AppData\Roaming\MiKTeX\2.9\tex/generic/pgf/libraries\pgflibrary
plotmarks.code.tex
File: pgflibraryplotmarks.code.tex 2023-01-15 v3.1.10 (3.1.10)
)))
(C:\Users\ibrr9\AppData\Roaming\MiKTeX\2.9\tex/latex/pgfplots\pgfplotstable.sty

(C:\Users\ibrr9\AppData\Roaming\MiKTeX\2.9\tex/generic/pgfplots\pgfplots.revisi
on.tex)
Package: pgfplotstable 2021/05/15 v1.18.1 Table typesetting and Pretty-printing
 (1.18.1)

(C:\Users\ibrr9\AppData\Roaming\MiKTeX\2.9\tex/generic/pgfplots/numtable\pgfplo
tstable.code.tex
(C:\Users\ibrr9\AppData\Roaming\MiKTeX\2.9\tex/generic/pgfplots/numtable\pgfplo
tstable.coltype.code.tex))
(C:\Users\ibrr9\AppData\Roaming\MiKTeX\2.9\tex/latex/tools\array.sty
Package: array 2024/10/17 v2.6g Tabular extension package (FMi)
\col@sep=\dimen332
\ar@mcellbox=\box129
\extrarowheight=\dimen333
\NC@list=\toks55
\extratabsurround=\skip84
\backup@length=\skip85
\ar@cellbox=\box130
))
(C:\Users\ibrr9\AppData\Roaming\MiKTeX\2.9\tex/generic/pgf/frontendlayer/tikz/l
ibraries\tikzlibraryshapes.geometric.code.tex
File: tikzlibraryshapes.geometric.code.tex 2023-01-15 v3.1.10 (3.1.10)

(C:\Users\ibrr9\AppData\Roaming\MiKTeX\2.9\tex/generic/pgf/libraries/shapes\pgf
libraryshapes.geometric.code.tex
File: pgflibraryshapes.geometric.code.tex 2023-01-15 v3.1.10 (3.1.10)
))
(C:\Users\ibrr9\AppData\Roaming\MiKTeX\2.9\tex/generic/pgf/frontendlayer/tikz/l
ibraries\tikzlibrarypositioning.code.tex
File: tikzlibrarypositioning.code.tex 2023-01-15 v3.1.10 (3.1.10)
)
(C:\Users\ibrr9\AppData\Roaming\MiKTeX\2.9\tex/generic/pgf/libraries\pgflibrary
arrows.meta.code.tex
File: pgflibraryarrows.meta.code.tex 2023-01-15 v3.1.10 (3.1.10)
\pgfarrowinset=\dimen334
\pgfarrowlength=\dimen335
\pgfarrowwidth=\dimen336
\pgfarrowlinewidth=\dimen337
)
(C:\Users\ibrr9\AppData\Roaming\MiKTeX\2.9\tex/generic/pgf/frontendlayer/tikz/l
ibraries\tikzlibraryarrows.code.tex
File: tikzlibraryarrows.code.tex 2023-01-15 v3.1.10 (3.1.10)

(C:\Users\ibrr9\AppData\Roaming\MiKTeX\2.9\tex/generic/pgf/libraries\pgflibrary
arrows.code.tex
File: pgflibraryarrows.code.tex 2023-01-15 v3.1.10 (3.1.10)
\arrowsize=\dimen338
))
(C:\Users\ibrr9\AppData\Roaming\MiKTeX\2.9\tex/latex/beamer\beamerouterthememin
iframes.sty)

Package hyperref Warning: Token not allowed in a PDF string (Unicode):
(hyperref)                removing `\\' on input line 52.


Package hyperref Warning: Token not allowed in a PDF string (Unicode):
(hyperref)                removing `\\' on input line 52.

LaTeX Font Info:    Trying to load font information for T1+phv on input line 55
.
(C:\Users\ibrr9\AppData\Roaming\MiKTeX\2.9\tex/latex/psnfss\t1phv.fd
File: t1phv.fd 2020/03/25 scalable font definitions for T1/phv.
)
(C:\Users\ibrr9\AppData\Roaming\MiKTeX\2.9\tex/latex/l3backend\l3backend-pdftex
.def
File: l3backend-pdftex.def 2024-05-08 L3 backend support: PDF output (pdfTeX)
\l__color_backend_stack_int=\count372
\l__pdf_internal_box=\box131
) (PresentacionProyectoII-IsraelMonjarazR-9MM1.aux)
\openout1 = `PresentacionProyectoII-IsraelMonjarazR-9MM1.aux'.

LaTeX Font Info:    Checking defaults for OML/cmm/m/it on input line 55.
LaTeX Font Info:    ... okay on input line 55.
LaTeX Font Info:    Checking defaults for OMS/cmsy/m/n on input line 55.
LaTeX Font Info:    ... okay on input line 55.
LaTeX Font Info:    Checking defaults for OT1/cmr/m/n on input line 55.
LaTeX Font Info:    ... okay on input line 55.
LaTeX Font Info:    Checking defaults for T1/cmr/m/n on input line 55.
LaTeX Font Info:    ... okay on input line 55.
LaTeX Font Info:    Checking defaults for TS1/cmr/m/n on input line 55.
LaTeX Font Info:    ... okay on input line 55.
LaTeX Font Info:    Checking defaults for OMX/cmex/m/n on input line 55.
LaTeX Font Info:    ... okay on input line 55.
LaTeX Font Info:    Checking defaults for U/cmr/m/n on input line 55.
LaTeX Font Info:    ... okay on input line 55.
LaTeX Font Info:    Checking defaults for PD1/pdf/m/n on input line 55.
LaTeX Font Info:    ... okay on input line 55.
LaTeX Font Info:    Checking defaults for PU/pdf/m/n on input line 55.
LaTeX Font Info:    ... okay on input line 55.

*geometry* driver: auto-detecting
*geometry* detected driver: pdftex
*geometry* verbose mode - [ preamble ] result:
* driver: pdftex
* paper: custom
* layout: <same size as paper>
* layoutoffset:(h,v)=(0.0pt,0.0pt)
* modes: includehead includefoot 
* h-part:(L,W,R)=(28.45274pt, 307.28987pt, 28.45274pt)
* v-part:(T,H,B)=(0.0pt, 273.14662pt, 0.0pt)
* \paperwidth=364.19536pt
* \paperheight=273.14662pt
* \textwidth=307.28987pt
* \textheight=244.6939pt
* \oddsidemargin=-43.81725pt
* \evensidemargin=-43.81725pt
* \topmargin=-72.26999pt
* \headheight=14.22636pt
* \headsep=0.0pt
* \topskip=11.0pt
* \footskip=14.22636pt
* \marginparwidth=4.0pt
* \marginparsep=10.0pt
* \columnsep=10.0pt
* \skip\footins=10.0pt plus 4.0pt minus 2.0pt
* \hoffset=0.0pt
* \voffset=0.0pt
* \mag=1000
* \@twocolumnfalse
* \@twosidefalse
* \@mparswitchfalse
* \@reversemarginfalse
* (1in=72.27pt=25.4mm, 1cm=28.453pt)

(C:\Users\ibrr9\AppData\Roaming\MiKTeX\2.9\tex/context/base/mkii\supp-pdf.mkii
[Loading MPS to PDF converter (version 2006.09.02).]
\scratchcounter=\count373
\scratchdimen=\dimen339
\scratchbox=\box132
\nofMPsegments=\count374
\nofMParguments=\count375
\everyMPshowfont=\toks56
\MPscratchCnt=\count376
\MPscratchDim=\dimen340
\MPnumerator=\count377
\makeMPintoPDFobject=\count378
\everyMPtoPDFconversion=\toks57
)
(C:\Users\ibrr9\AppData\Roaming\MiKTeX\2.9\tex/latex/epstopdf-pkg\epstopdf-base
.sty
Package: epstopdf-base 2020-01-24 v2.11 Base part for package epstopdf
Package epstopdf-base Info: Redefining graphics rule for `.eps' on input line 4
85.

(C:\Users\ibrr9\AppData\Roaming\MiKTeX\2.9\tex/latex/00miktex\epstopdf-sys.cfg
File: epstopdf-sys.cfg 2021/03/18 v2.0 Configuration of epstopdf for MiKTeX
))
Package hyperref Info: Link coloring OFF on input line 55.
 (PresentacionProyectoII-IsraelMonjarazR-9MM1.out)
(PresentacionProyectoII-IsraelMonjarazR-9MM1.out)
\@outlinefile=\write5
\openout5 = `PresentacionProyectoII-IsraelMonjarazR-9MM1.out'.

LaTeX Font Info:    Overwriting symbol font `operators' in version `normal'
(Font)                  OT1/cmr/m/n --> OT1/cmss/m/n on input line 55.
LaTeX Font Info:    Overwriting symbol font `operators' in version `bold'
(Font)                  OT1/cmr/bx/n --> OT1/cmss/b/n on input line 55.
\symnumbers=\mathgroup6
\sympureletters=\mathgroup7
LaTeX Font Info:    Overwriting math alphabet `\mathrm' in version `normal'
(Font)                  OT1/cmss/m/n --> T1/cmr/m/n on input line 55.
LaTeX Font Info:    Redeclaring math alphabet \mathbf on input line 55.
LaTeX Font Info:    Overwriting math alphabet `\mathbf' in version `normal'
(Font)                  OT1/cmr/bx/n --> T1/phv/b/n on input line 55.
LaTeX Font Info:    Overwriting math alphabet `\mathbf' in version `bold'
(Font)                  OT1/cmr/bx/n --> T1/phv/b/n on input line 55.
LaTeX Font Info:    Redeclaring math alphabet \mathsf on input line 55.
LaTeX Font Info:    Overwriting math alphabet `\mathsf' in version `normal'
(Font)                  OT1/cmss/m/n --> T1/phv/m/n on input line 55.
LaTeX Font Info:    Overwriting math alphabet `\mathsf' in version `bold'
(Font)                  OT1/cmss/bx/n --> T1/phv/m/n on input line 55.
LaTeX Font Info:    Redeclaring math alphabet \mathit on input line 55.
LaTeX Font Info:    Overwriting math alphabet `\mathit' in version `normal'
(Font)                  OT1/cmr/m/it --> T1/phv/m/it on input line 55.
LaTeX Font Info:    Overwriting math alphabet `\mathit' in version `bold'
(Font)                  OT1/cmr/bx/it --> T1/phv/m/it on input line 55.
LaTeX Font Info:    Redeclaring math alphabet \mathtt on input line 55.
LaTeX Font Info:    Overwriting math alphabet `\mathtt' in version `normal'
(Font)                  OT1/cmtt/m/n --> T1/cmtt/m/n on input line 55.
LaTeX Font Info:    Overwriting math alphabet `\mathtt' in version `bold'
(Font)                  OT1/cmtt/m/n --> T1/cmtt/m/n on input line 55.
LaTeX Font Info:    Overwriting symbol font `numbers' in version `bold'
(Font)                  T1/phv/m/n --> T1/phv/b/n on input line 55.
LaTeX Font Info:    Overwriting symbol font `pureletters' in version `bold'
(Font)                  T1/phv/m/it --> T1/phv/b/it on input line 55.
LaTeX Font Info:    Overwriting math alphabet `\mathrm' in version `bold'
(Font)                  OT1/cmss/b/n --> T1/cmr/b/n on input line 55.
LaTeX Font Info:    Overwriting math alphabet `\mathbf' in version `bold'
(Font)                  T1/phv/b/n --> T1/phv/b/n on input line 55.
LaTeX Font Info:    Overwriting math alphabet `\mathsf' in version `bold'
(Font)                  T1/phv/m/n --> T1/phv/b/n on input line 55.
LaTeX Font Info:    Overwriting math alphabet `\mathit' in version `bold'
(Font)                  T1/phv/m/it --> T1/phv/b/it on input line 55.
LaTeX Font Info:    Overwriting math alphabet `\mathtt' in version `bold'
(Font)                  T1/cmtt/m/n --> T1/cmtt/b/n on input line 55.

(C:\Users\ibrr9\AppData\Roaming\MiKTeX\2.9\tex/latex/translator\translator-basi
c-dictionary-English.dict
Dictionary: translator-basic-dictionary, Language: English 
)
(C:\Users\ibrr9\AppData\Roaming\MiKTeX\2.9\tex/latex/translator\translator-bibl
iography-dictionary-English.dict
Dictionary: translator-bibliography-dictionary, Language: English 
)
(C:\Users\ibrr9\AppData\Roaming\MiKTeX\2.9\tex/latex/translator\translator-envi
ronment-dictionary-English.dict
Dictionary: translator-environment-dictionary, Language: English 
)
(C:\Users\ibrr9\AppData\Roaming\MiKTeX\2.9\tex/latex/translator\translator-mont
hs-dictionary-English.dict
Dictionary: translator-months-dictionary, Language: English 
)
(C:\Users\ibrr9\AppData\Roaming\MiKTeX\2.9\tex/latex/translator\translator-numb
ers-dictionary-English.dict
Dictionary: translator-numbers-dictionary, Language: English 
)
(C:\Users\ibrr9\AppData\Roaming\MiKTeX\2.9\tex/latex/translator\translator-theo
rem-dictionary-English.dict
Dictionary: translator-theorem-dictionary, Language: English 
)

Package pgfplots Warning: running in backwards compatibility mode (unsuitable t
ick labels; missing features). Consider writing \pgfplotsset{compat=1.18} into 
your preamble.
 on input line 55.

(PresentacionProyectoII-IsraelMonjarazR-9MM1.nav)
<figures/esimeBN.jpg, id=134, 557.80225pt x 482.47859pt>
File: figures/esimeBN.jpg Graphic file (type jpg)
<use figures/esimeBN.jpg>
Package pdftex.def Info: figures/esimeBN.jpg  used on input line 86.
(pdftex.def)             Requested size: 74.08885pt x 64.07903pt.
<figures/ipnlines.png, id=135, 320.397pt x 361.35pt>
File: figures/ipnlines.png Graphic file (type png)
<use figures/ipnlines.png>
Package pdftex.def Info: figures/ipnlines.png  used on input line 86.
(pdftex.def)             Requested size: 74.08885pt x 83.55536pt.
LaTeX Font Info:    Trying to load font information for U+msa on input line 86.


(C:\Users\ibrr9\AppData\Roaming\MiKTeX\2.9\tex/latex/amsfonts\umsa.fd
File: umsa.fd 2013/01/14 v3.01 AMS symbols A
)
LaTeX Font Info:    Trying to load font information for U+msb on input line 86.


(C:\Users\ibrr9\AppData\Roaming\MiKTeX\2.9\tex/latex/amsfonts\umsb.fd
File: umsb.fd 2013/01/14 v3.01 AMS symbols B
)
LaTeX Font Info:    Font shape `T1/phv/m/it' in size <10.95> not available
(Font)              Font shape `T1/phv/m/sl' tried instead on input line 86.
LaTeX Font Info:    Font shape `T1/phv/m/it' in size <8> not available
(Font)              Font shape `T1/phv/m/sl' tried instead on input line 86.
LaTeX Font Info:    Font shape `T1/phv/m/it' in size <6> not available
(Font)              Font shape `T1/phv/m/sl' tried instead on input line 86.


[1

{C:/Users/ibrr9/AppData/Local/MiKTeX/2.9/fonts/map/pdftex/pdftex.map}{C:/Users/
ibrr9/AppData/Roaming/MiKTeX/2.9/fonts/enc/dvips/base/8r.enc} <./figures/esimeB
N.jpg> <./figures/ipnlines.png>]
(PresentacionProyectoII-IsraelMonjarazR-9MM1.toc)
(PresentacionProyectoII-IsraelMonjarazR-9MM1.toc)

[2

]

pdfTeX warning: pdflatex.exe (file ./figures/diabetes-mx.pdf): PDF inclusion: f
ound PDF version <1.7>, but at most version <1.5> allowed
<figures/diabetes-mx.pdf, id=303, 614.295pt x 794.97pt>
File: figures/diabetes-mx.pdf Graphic file (type pdf)
<use figures/diabetes-mx.pdf>
Package pdftex.def Info: figures/diabetes-mx.pdf  used on input line 126.
(pdftex.def)             Requested size: 254.93704pt x 273.14896pt.
LaTeX Font Info:    Font shape `T1/phv/m/it' in size <5> not available
(Font)              Font shape `T1/phv/m/sl' tried instead on input line 126.
LaTeX Font Info:    Trying to load font information for TS1+phv on input line 1
26.
(C:\Users\ibrr9\AppData\Roaming\MiKTeX\2.9\tex/latex/psnfss\ts1phv.fd
File: ts1phv.fd 2020/03/25 scalable font definitions for TS1/phv.
)
Overfull \hbox (0.36084pt too wide) in paragraph at lines 126--126
[]\T1/phv/m/n/8 Este padecimiento requiere un manejo riguroso de insulina, que 
debe mantenerse
 []



[3

 <./figures/diabetes-mx.pdf>]
File: figures/diabetes-mx.pdf Graphic file (type pdf)
<use figures/diabetes-mx.pdf>
Package pdftex.def Info: figures/diabetes-mx.pdf  used on input line 126.
(pdftex.def)             Requested size: 254.93704pt x 273.14896pt.

Overfull \hbox (0.36084pt too wide) in paragraph at lines 126--126
[]\T1/phv/m/n/8 Este padecimiento requiere un manejo riguroso de insulina, que 
debe mantenerse
 []



[4

]
File: figures/diabetes-mx.pdf Graphic file (type pdf)
<use figures/diabetes-mx.pdf>
Package pdftex.def Info: figures/diabetes-mx.pdf  used on input line 126.
(pdftex.def)             Requested size: 254.93704pt x 273.14896pt.

Overfull \hbox (0.36084pt too wide) in paragraph at lines 126--126
[]\T1/phv/m/n/8 Este padecimiento requiere un manejo riguroso de insulina, que 
debe mantenerse
 []



[5

]
File: figures/diabetes-mx.pdf Graphic file (type pdf)
<use figures/diabetes-mx.pdf>
Package pdftex.def Info: figures/diabetes-mx.pdf  used on input line 126.
(pdftex.def)             Requested size: 254.93704pt x 273.14896pt.

Overfull \hbox (0.36084pt too wide) in paragraph at lines 126--126
[]\T1/phv/m/n/8 Este padecimiento requiere un manejo riguroso de insulina, que 
debe mantenerse
 []



[6

]

[7

]

[8

]
Overfull \hbox (606.26431pt too wide) in paragraph at lines 205--205
[][] 
 []



[9

]

[10

]

[11

]

[12

]

[13

]

[14

]

[15

]

[16

]

[17

]

[18

]
\tf@nav=\write6
\openout6 = `PresentacionProyectoII-IsraelMonjarazR-9MM1.nav'.

\tf@toc=\write7
\openout7 = `PresentacionProyectoII-IsraelMonjarazR-9MM1.toc'.

\tf@snm=\write8
\openout8 = `PresentacionProyectoII-IsraelMonjarazR-9MM1.snm'.

 (PresentacionProyectoII-IsraelMonjarazR-9MM1.aux)
 ***********
LaTeX2e <2024-11-01>
L3 programming layer <2024-11-02>
 ***********


Package rerunfilecheck Warning: File `PresentacionProyectoII-IsraelMonjarazR-9M
M1.out' has changed.
(rerunfilecheck)                Rerun to get outlines right
(rerunfilecheck)                or use package `bookmark'.

Package rerunfilecheck Info: Checksums for `PresentacionProyectoII-IsraelMonjar
azR-9MM1.out':
(rerunfilecheck)             Before: D954A2E656E583E225FC4A724A4D9983;2218
(rerunfilecheck)             After:  8345307F7A8BD8C334C82D6562352DA1;2075.
 ) 
Here is how much of TeX's memory you used:
 37401 strings out of 475616
 902225 string characters out of 5770369
 1385936 words of memory out of 5000000
 59498 multiletter control sequences out of 15000+600000
 601314 words of font info for 85 fonts, out of 8000000 for 9000
 0 hyphenation exceptions out of 8191
 128i,19n,123p,768b,753s stack positions out of 10000i,1000n,20000p,200000b,200000s

pdfTeX warning (dest): name{Navigation19} has been referenced but does not exis
t, replaced by a fixed one


pdfTeX warning (dest): name{Outline0.7.2.14} has been referenced but does not e
xist, replaced by a fixed one


pdfTeX warning (dest): name{Outline0.7.1.13} has been referenced but does not e
xist, replaced by a fixed one


pdfTeX warning (dest): name{Outline0.5.1.10} has been referenced but does not e
xist, replaced by a fixed one

<C:/Users/ibrr9/AppData/Roaming/MiKTeX/2.9/fonts/type1/public/amsfonts/cm/cmsy8
.pfb><C:/Users/ibrr9/AppData/Roaming/MiKTeX/2.9/fonts/type1/urw/helvetic/uhvb8a
.pfb><C:/Users/ibrr9/AppData/Roaming/MiKTeX/2.9/fonts/type1/urw/helvetic/uhvr8a
.pfb><C:/Users/ibrr9/AppData/Roaming/MiKTeX/2.9/fonts/type1/urw/helvetic/uhvro8
a.pfb>
Output written on PresentacionProyectoII-IsraelMonjarazR-9MM1.pdf (18 pages, 41
8400 bytes).
PDF statistics:
 1392 PDF objects out of 1440 (max. 8388607)
 57 named destinations out of 1000 (max. 500000)
 194 words of extra memory for PDF output out of 10000 (max. 10000000)

